{"/Users/andydo/Desktop/learning-english-ielts/backend/src/app.module.ts": {"path":"/Users/andydo/Desktop/learning-english-ielts/backend/src/app.module.ts","statementMap":{"0":{"start":{"line":1,"column":0},"end":{"line":1,"column":40}},"1":{"start":{"line":2,"column":0},"end":{"line":2,"column":46}},"2":{"start":{"line":3,"column":0},"end":{"line":3,"column":68}},"3":{"start":{"line":4,"column":0},"end":{"line":4,"column":41}},"4":{"start":{"line":5,"column":0},"end":{"line":5,"column":48}},"5":{"start":{"line":6,"column":0},"end":{"line":6,"column":51}},"6":{"start":{"line":7,"column":0},"end":{"line":7,"column":54}},"7":{"start":{"line":8,"column":0},"end":{"line":8,"column":54}},"8":{"start":{"line":9,"column":0},"end":{"line":9,"column":66}},"9":{"start":{"line":10,"column":0},"end":{"line":10,"column":60}},"10":{"start":{"line":11,"column":0},"end":{"line":11,"column":51}},"11":{"start":{"line":12,"column":0},"end":{"line":12,"column":60}},"12":{"start":{"line":13,"column":0},"end":{"line":13,"column":51}},"13":{"start":{"line":41,"column":7},"end":{"line":41,"column":null}},"14":{"start":{"line":41,"column":13},"end":{"line":41,"column":22}},"15":{"start":{"line":41,"column":13},"end":{"line":41,"column":null}}},"fnMap":{},"branchMap":{},"s":{"0":1,"1":1,"2":1,"3":1,"4":1,"5":1,"6":1,"7":1,"8":1,"9":1,"10":1,"11":1,"12":1,"13":1,"14":1,"15":1},"f":{},"b":{}}
,"/Users/andydo/Desktop/learning-english-ielts/backend/src/admin/admin.controller.ts": {"path":"/Users/andydo/Desktop/learning-english-ielts/backend/src/admin/admin.controller.ts","statementMap":{"0":{"start":{"line":1,"column":0},"end":{"line":1,"column":null}},"1":{"start":{"line":12,"column":0},"end":{"line":12,"column":47}},"2":{"start":{"line":13,"column":0},"end":{"line":13,"column":null}},"3":{"start":{"line":20,"column":7},"end":{"line":61,"column":null}},"4":{"start":{"line":21,"column":31},"end":{"line":21,"column":45}},"5":{"start":{"line":25,"column":4},"end":{"line":25,"column":49}},"6":{"start":{"line":30,"column":4},"end":{"line":30,"column":46}},"7":{"start":{"line":38,"column":4},"end":{"line":38,"column":60}},"8":{"start":{"line":43,"column":4},"end":{"line":43,"column":47}},"9":{"start":{"line":49,"column":4},"end":{"line":49,"column":53}},"10":{"start":{"line":54,"column":4},"end":{"line":54,"column":41}},"11":{"start":{"line":59,"column":4},"end":{"line":59,"column":46}},"12":{"start":{"line":20,"column":13},"end":{"line":20,"column":28}},"13":{"start":{"line":24,"column":8},"end":{"line":26,"column":null}},"14":{"start":{"line":29,"column":8},"end":{"line":31,"column":null}},"15":{"start":{"line":34,"column":8},"end":{"line":39,"column":null}},"16":{"start":{"line":42,"column":8},"end":{"line":44,"column":null}},"17":{"start":{"line":48,"column":8},"end":{"line":50,"column":null}},"18":{"start":{"line":53,"column":8},"end":{"line":55,"column":null}},"19":{"start":{"line":58,"column":8},"end":{"line":60,"column":null}},"20":{"start":{"line":20,"column":13},"end":{"line":61,"column":null}}},"fnMap":{"0":{"name":"(anonymous_4)","decl":{"start":{"line":21,"column":2},"end":{"line":21,"column":31}},"loc":{"start":{"line":21,"column":57},"end":{"line":21,"column":61}}},"1":{"name":"(anonymous_5)","decl":{"start":{"line":24,"column":2},"end":{"line":24,"column":7}},"loc":{"start":{"line":24,"column":25},"end":{"line":26,"column":3}}},"2":{"name":"(anonymous_6)","decl":{"start":{"line":29,"column":2},"end":{"line":29,"column":7}},"loc":{"start":{"line":29,"column":49},"end":{"line":31,"column":3}}},"3":{"name":"(anonymous_7)","decl":{"start":{"line":34,"column":2},"end":{"line":34,"column":7}},"loc":{"start":{"line":36,"column":37},"end":{"line":39,"column":3}}},"4":{"name":"(anonymous_8)","decl":{"start":{"line":42,"column":2},"end":{"line":42,"column":7}},"loc":{"start":{"line":42,"column":23},"end":{"line":44,"column":3}}},"5":{"name":"(anonymous_9)","decl":{"start":{"line":48,"column":2},"end":{"line":48,"column":7}},"loc":{"start":{"line":48,"column":67},"end":{"line":50,"column":3}}},"6":{"name":"(anonymous_10)","decl":{"start":{"line":53,"column":2},"end":{"line":53,"column":7}},"loc":{"start":{"line":53,"column":17},"end":{"line":55,"column":3}}},"7":{"name":"(anonymous_11)","decl":{"start":{"line":58,"column":2},"end":{"line":58,"column":7}},"loc":{"start":{"line":58,"column":52},"end":{"line":60,"column":3}}}},"branchMap":{},"s":{"0":1,"1":1,"2":1,"3":1,"4":1,"5":0,"6":0,"7":0,"8":0,"9":0,"10":0,"11":0,"12":1,"13":1,"14":1,"15":1,"16":1,"17":1,"18":1,"19":1,"20":1},"f":{"0":1,"1":0,"2":0,"3":0,"4":0,"5":0,"6":0,"7":0},"b":{}}
,"/Users/andydo/Desktop/learning-english-ielts/backend/src/admin/admin.module.ts": {"path":"/Users/andydo/Desktop/learning-english-ielts/backend/src/admin/admin.module.ts","statementMap":{"0":{"start":{"line":1,"column":0},"end":{"line":1,"column":40}},"1":{"start":{"line":2,"column":0},"end":{"line":2,"column":53}},"2":{"start":{"line":3,"column":0},"end":{"line":3,"column":47}},"3":{"start":{"line":4,"column":0},"end":{"line":4,"column":55}},"4":{"start":{"line":12,"column":7},"end":{"line":12,"column":null}},"5":{"start":{"line":12,"column":13},"end":{"line":12,"column":24}},"6":{"start":{"line":12,"column":13},"end":{"line":12,"column":null}}},"fnMap":{},"branchMap":{},"s":{"0":1,"1":1,"2":1,"3":1,"4":1,"5":1,"6":1},"f":{},"b":{}}
,"/Users/andydo/Desktop/learning-english-ielts/backend/src/admin/admin.service.ts": {"path":"/Users/andydo/Desktop/learning-english-ielts/backend/src/admin/admin.service.ts","statementMap":{"0":{"start":{"line":1,"column":0},"end":{"line":1,"column":63}},"1":{"start":{"line":2,"column":0},"end":{"line":2,"column":57}},"2":{"start":{"line":11,"column":7},"end":{"line":187,"column":null}},"3":{"start":{"line":12,"column":31},"end":{"line":12,"column":39}},"4":{"start":{"line":16,"column":6},"end":{"line":33,"column":8}},"5":{"start":{"line":35,"column":4},"end":{"line":41,"column":6}},"6":{"start":{"line":45,"column":18},"end":{"line":52,"column":10}},"7":{"start":{"line":54,"column":4},"end":{"line":67,"column":7}},"8":{"start":{"line":71,"column":17},"end":{"line":71,"column":77}},"9":{"start":{"line":72,"column":4},"end":{"line":74,"column":5}},"10":{"start":{"line":73,"column":6},"end":{"line":73,"column":70}},"11":{"start":{"line":76,"column":4},"end":{"line":79,"column":7}},"12":{"start":{"line":83,"column":17},"end":{"line":83,"column":77}},"13":{"start":{"line":84,"column":4},"end":{"line":86,"column":5}},"14":{"start":{"line":85,"column":6},"end":{"line":85,"column":70}},"15":{"start":{"line":88,"column":20},"end":{"line":88,"column":41}},"16":{"start":{"line":89,"column":4},"end":{"line":97,"column":5}},"17":{"start":{"line":91,"column":8},"end":{"line":93,"column":22}},"18":{"start":{"line":94,"column":6},"end":{"line":94,"column":79}},"19":{"start":{"line":95,"column":11},"end":{"line":97,"column":5}},"20":{"start":{"line":96,"column":6},"end":{"line":96,"column":23}},"21":{"start":{"line":99,"column":4},"end":{"line":105,"column":7}},"22":{"start":{"line":109,"column":4},"end":{"line":116,"column":7}},"23":{"start":{"line":120,"column":4},"end":{"line":159,"column":7}},"24":{"start":{"line":121,"column":26},"end":{"line":123,"column":8}},"25":{"start":{"line":125,"column":6},"end":{"line":127,"column":7}},"26":{"start":{"line":126,"column":8},"end":{"line":126,"column":70}},"27":{"start":{"line":129,"column":6},"end":{"line":131,"column":7}},"28":{"start":{"line":130,"column":8},"end":{"line":130,"column":49}},"29":{"start":{"line":133,"column":24},"end":{"line":136,"column":8}},"30":{"start":{"line":138,"column":19},"end":{"line":140,"column":8}},"31":{"start":{"line":143,"column":8},"end":{"line":145,"column":22}},"32":{"start":{"line":146,"column":27},"end":{"line":147,"column":null}},"33":{"start":{"line":150,"column":6},"end":{"line":156,"column":9}},"34":{"start":{"line":158,"column":6},"end":{"line":158,"column":59}},"35":{"start":{"line":163,"column":4},"end":{"line":170,"column":7}},"36":{"start":{"line":174,"column":22},"end":{"line":174,"column":56}},"37":{"start":{"line":175,"column":4},"end":{"line":185,"column":7}},"38":{"start":{"line":11,"column":13},"end":{"line":11,"column":25}},"39":{"start":{"line":11,"column":13},"end":{"line":187,"column":null}}},"fnMap":{"0":{"name":"(anonymous_2)","decl":{"start":{"line":12,"column":2},"end":{"line":12,"column":31}},"loc":{"start":{"line":12,"column":52},"end":{"line":12,"column":56}}},"1":{"name":"(anonymous_3)","decl":{"start":{"line":14,"column":2},"end":{"line":14,"column":7}},"loc":{"start":{"line":14,"column":25},"end":{"line":42,"column":3}}},"2":{"name":"(anonymous_4)","decl":{"start":{"line":44,"column":2},"end":{"line":44,"column":7}},"loc":{"start":{"line":44,"column":32},"end":{"line":68,"column":3}}},"3":{"name":"(anonymous_5)","decl":{"start":{"line":70,"column":2},"end":{"line":70,"column":7}},"loc":{"start":{"line":70,"column":49},"end":{"line":80,"column":3}}},"4":{"name":"(anonymous_6)","decl":{"start":{"line":82,"column":2},"end":{"line":82,"column":7}},"loc":{"start":{"line":82,"column":67},"end":{"line":106,"column":3}}},"5":{"name":"(anonymous_7)","decl":{"start":{"line":108,"column":2},"end":{"line":108,"column":7}},"loc":{"start":{"line":108,"column":23},"end":{"line":117,"column":3}}},"6":{"name":"(anonymous_8)","decl":{"start":{"line":119,"column":2},"end":{"line":119,"column":7}},"loc":{"start":{"line":119,"column":59},"end":{"line":160,"column":3}}},"7":{"name":"(anonymous_9)","decl":{"start":{"line":120,"column":36},"end":{"line":120,"column":41}},"loc":{"start":{"line":120,"column":49},"end":{"line":159,"column":5}}},"8":{"name":"(anonymous_10)","decl":{"start":{"line":162,"column":2},"end":{"line":162,"column":7}},"loc":{"start":{"line":162,"column":17},"end":{"line":171,"column":3}}},"9":{"name":"(anonymous_11)","decl":{"start":{"line":173,"column":2},"end":{"line":173,"column":7}},"loc":{"start":{"line":173,"column":44},"end":{"line":186,"column":3}}}},"branchMap":{"0":{"loc":{"start":{"line":39,"column":20},"end":{"line":39,"column":47}},"type":"binary-expr","locations":[{"start":{"line":39,"column":20},"end":{"line":39,"column":42}},{"start":{"line":39,"column":46},"end":{"line":39,"column":47}}]},"1":{"loc":{"start":{"line":45,"column":18},"end":{"line":52,"column":10}},"type":"cond-expr","locations":[{"start":{"line":46,"column":8},"end":{"line":51,"column":null}},{"start":{"line":52,"column":8},"end":{"line":52,"column":10}}]},"2":{"loc":{"start":{"line":72,"column":4},"end":{"line":74,"column":5}},"type":"if","locations":[{"start":{"line":72,"column":4},"end":{"line":74,"column":5}}]},"3":{"loc":{"start":{"line":84,"column":4},"end":{"line":86,"column":5}},"type":"if","locations":[{"start":{"line":84,"column":4},"end":{"line":86,"column":5}}]},"4":{"loc":{"start":{"line":89,"column":4},"end":{"line":97,"column":5}},"type":"if","locations":[{"start":{"line":89,"column":4},"end":{"line":97,"column":5}},{"start":{"line":95,"column":11},"end":{"line":97,"column":5}}]},"5":{"loc":{"start":{"line":89,"column":8},"end":{"line":89,"column":39}},"type":"binary-expr","locations":[{"start":{"line":89,"column":8},"end":{"line":89,"column":21}},{"start":{"line":89,"column":25},"end":{"line":89,"column":39}}]},"6":{"loc":{"start":{"line":91,"column":8},"end":{"line":93,"column":22}},"type":"cond-expr","locations":[{"start":{"line":92,"column":12},"end":{"line":92,"column":43}},{"start":{"line":93,"column":12},"end":{"line":93,"column":22}}]},"7":{"loc":{"start":{"line":91,"column":8},"end":{"line":91,"column":67}},"type":"binary-expr","locations":[{"start":{"line":91,"column":8},"end":{"line":91,"column":29}},{"start":{"line":91,"column":33},"end":{"line":91,"column":67}}]},"8":{"loc":{"start":{"line":95,"column":11},"end":{"line":97,"column":5}},"type":"if","locations":[{"start":{"line":95,"column":11},"end":{"line":97,"column":5}}]},"9":{"loc":{"start":{"line":125,"column":6},"end":{"line":127,"column":7}},"type":"if","locations":[{"start":{"line":125,"column":6},"end":{"line":127,"column":7}}]},"10":{"loc":{"start":{"line":129,"column":6},"end":{"line":131,"column":7}},"type":"if","locations":[{"start":{"line":129,"column":6},"end":{"line":131,"column":7}}]},"11":{"loc":{"start":{"line":143,"column":8},"end":{"line":145,"column":22}},"type":"cond-expr","locations":[{"start":{"line":144,"column":12},"end":{"line":144,"column":43}},{"start":{"line":145,"column":12},"end":{"line":145,"column":22}}]},"12":{"loc":{"start":{"line":143,"column":8},"end":{"line":143,"column":68}},"type":"binary-expr","locations":[{"start":{"line":143,"column":8},"end":{"line":143,"column":30}},{"start":{"line":143,"column":34},"end":{"line":143,"column":68}}]},"13":{"loc":{"start":{"line":183,"column":21},"end":{"line":183,"column":52}},"type":"binary-expr","locations":[{"start":{"line":183,"column":21},"end":{"line":183,"column":34}},{"start":{"line":183,"column":38},"end":{"line":183,"column":52}}]}},"s":{"0":1,"1":1,"2":1,"3":1,"4":0,"5":0,"6":0,"7":0,"8":0,"9":0,"10":0,"11":0,"12":0,"13":0,"14":0,"15":0,"16":0,"17":0,"18":0,"19":0,"20":0,"21":0,"22":0,"23":0,"24":0,"25":0,"26":0,"27":0,"28":0,"29":0,"30":0,"31":0,"32":0,"33":0,"34":0,"35":0,"36":0,"37":0,"38":1,"39":1},"f":{"0":1,"1":0,"2":0,"3":0,"4":0,"5":0,"6":0,"7":0,"8":0,"9":0},"b":{"0":[0,0],"1":[0,0],"2":[0],"3":[0],"4":[0,0],"5":[0,0],"6":[0,0],"7":[0,0],"8":[0],"9":[0],"10":[0],"11":[0,0],"12":[0,0],"13":[0,0]}}
,"/Users/andydo/Desktop/learning-english-ielts/backend/src/admin/dto/admin.dto.ts": {"path":"/Users/andydo/Desktop/learning-english-ielts/backend/src/admin/dto/admin.dto.ts","statementMap":{"0":{"start":{"line":1,"column":0},"end":{"line":1,"column":null}},"1":{"start":{"line":10,"column":0},"end":{"line":10,"column":45}},"2":{"start":{"line":12,"column":0},"end":{"line":12,"column":13}},"3":{"start":{"line":14,"column":2},"end":{"line":14,"column":null}},"4":{"start":{"line":19,"column":2},"end":{"line":19,"column":null}},"5":{"start":{"line":22,"column":0},"end":{"line":22,"column":13}},"6":{"start":{"line":24,"column":2},"end":{"line":24,"column":null}},"7":{"start":{"line":27,"column":0},"end":{"line":27,"column":13}},"8":{"start":{"line":30,"column":2},"end":{"line":30,"column":null}},"9":{"start":{"line":33,"column":0},"end":{"line":33,"column":13}},"10":{"start":{"line":36,"column":2},"end":{"line":36,"column":null}},"11":{"start":{"line":40,"column":2},"end":{"line":40,"column":null}},"12":{"start":{"line":44,"column":2},"end":{"line":44,"column":null}},"13":{"start":{"line":48,"column":2},"end":{"line":48,"column":null}},"14":{"start":{"line":52,"column":2},"end":{"line":52,"column":null}}},"fnMap":{},"branchMap":{},"s":{"0":1,"1":1,"2":1,"3":1,"4":1,"5":1,"6":1,"7":1,"8":1,"9":1,"10":1,"11":1,"12":1,"13":1,"14":1},"f":{},"b":{}}
,"/Users/andydo/Desktop/learning-english-ielts/backend/src/auth/auth.controller.ts": {"path":"/Users/andydo/Desktop/learning-english-ielts/backend/src/auth/auth.controller.ts","statementMap":{"0":{"start":{"line":1,"column":0},"end":{"line":1,"column":null}},"1":{"start":{"line":11,"column":0},"end":{"line":11,"column":45}},"2":{"start":{"line":12,"column":0},"end":{"line":12,"column":61}},"3":{"start":{"line":13,"column":0},"end":{"line":13,"column":55}},"4":{"start":{"line":21,"column":7},"end":{"line":61,"column":null}},"5":{"start":{"line":22,"column":31},"end":{"line":22,"column":44}},"6":{"start":{"line":35,"column":18},"end":{"line":35,"column":50}},"7":{"start":{"line":36,"column":24},"end":{"line":36,"column":75}},"8":{"start":{"line":38,"column":4},"end":{"line":42,"column":7}},"9":{"start":{"line":44,"column":4},"end":{"line":44,"column":71}},"10":{"start":{"line":51,"column":4},"end":{"line":51,"column":20}},"11":{"start":{"line":58,"column":4},"end":{"line":58,"column":36}},"12":{"start":{"line":59,"column":4},"end":{"line":59,"column":60}},"13":{"start":{"line":21,"column":13},"end":{"line":21,"column":27}},"14":{"start":{"line":27,"column":2},"end":{"line":29,"column":null}},"15":{"start":{"line":34,"column":2},"end":{"line":45,"column":null}},"16":{"start":{"line":50,"column":2},"end":{"line":52,"column":null}},"17":{"start":{"line":57,"column":2},"end":{"line":60,"column":null}},"18":{"start":{"line":21,"column":13},"end":{"line":61,"column":null}}},"fnMap":{"0":{"name":"(anonymous_4)","decl":{"start":{"line":22,"column":2},"end":{"line":22,"column":31}},"loc":{"start":{"line":22,"column":55},"end":{"line":22,"column":59}}},"1":{"name":"(anonymous_5)","decl":{"start":{"line":27,"column":2},"end":{"line":27,"column":12}},"loc":{"start":{"line":27,"column":12},"end":{"line":29,"column":3}}},"2":{"name":"(anonymous_6)","decl":{"start":{"line":34,"column":2},"end":{"line":34,"column":16}},"loc":{"start":{"line":34,"column":66},"end":{"line":45,"column":3}}},"3":{"name":"(anonymous_7)","decl":{"start":{"line":50,"column":2},"end":{"line":50,"column":12}},"loc":{"start":{"line":50,"column":40},"end":{"line":52,"column":3}}},"4":{"name":"(anonymous_8)","decl":{"start":{"line":57,"column":2},"end":{"line":57,"column":8}},"loc":{"start":{"line":57,"column":29},"end":{"line":60,"column":3}}}},"branchMap":{"0":{"loc":{"start":{"line":36,"column":24},"end":{"line":36,"column":75}},"type":"binary-expr","locations":[{"start":{"line":36,"column":24},"end":{"line":36,"column":48}},{"start":{"line":36,"column":52},"end":{"line":36,"column":75}}]}},"s":{"0":1,"1":1,"2":1,"3":1,"4":1,"5":1,"6":0,"7":0,"8":0,"9":0,"10":2,"11":1,"12":1,"13":1,"14":1,"15":1,"16":1,"17":1,"18":1},"f":{"0":1,"1":0,"2":0,"3":2,"4":1},"b":{"0":[0,0]}}
,"/Users/andydo/Desktop/learning-english-ielts/backend/src/auth/auth.module.ts": {"path":"/Users/andydo/Desktop/learning-english-ielts/backend/src/auth/auth.module.ts","statementMap":{"0":{"start":{"line":1,"column":0},"end":{"line":1,"column":40}},"1":{"start":{"line":2,"column":0},"end":{"line":2,"column":40}},"2":{"start":{"line":3,"column":0},"end":{"line":3,"column":50}},"3":{"start":{"line":4,"column":0},"end":{"line":4,"column":52}},"4":{"start":{"line":5,"column":0},"end":{"line":5,"column":51}},"5":{"start":{"line":6,"column":0},"end":{"line":6,"column":45}},"6":{"start":{"line":7,"column":0},"end":{"line":7,"column":62}},"7":{"start":{"line":8,"column":0},"end":{"line":8,"column":56}},"8":{"start":{"line":9,"column":0},"end":{"line":9,"column":50}},"9":{"start":{"line":26,"column":7},"end":{"line":26,"column":null}},"10":{"start":{"line":26,"column":13},"end":{"line":26,"column":23}},"11":{"start":{"line":26,"column":13},"end":{"line":26,"column":null}},"12":{"start":{"line":16,"column":25},"end":{"line":19,"column":8}}},"fnMap":{"0":{"name":"(anonymous_1)","decl":{"start":{"line":16,"column":18},"end":{"line":16,"column":21}},"loc":{"start":{"line":16,"column":25},"end":{"line":19,"column":8}}}},"branchMap":{"0":{"loc":{"start":{"line":17,"column":16},"end":{"line":17,"column":59}},"type":"binary-expr","locations":[{"start":{"line":17,"column":16},"end":{"line":17,"column":38}},{"start":{"line":17,"column":42},"end":{"line":17,"column":59}}]},"1":{"loc":{"start":{"line":18,"column":34},"end":{"line":18,"column":64}},"type":"binary-expr","locations":[{"start":{"line":18,"column":34},"end":{"line":18,"column":56}},{"start":{"line":18,"column":60},"end":{"line":18,"column":64}}]}},"s":{"0":1,"1":1,"2":1,"3":1,"4":1,"5":1,"6":1,"7":1,"8":1,"9":1,"10":1,"11":1,"12":1},"f":{"0":1},"b":{"0":[1,0],"1":[1,0]}}
,"/Users/andydo/Desktop/learning-english-ielts/backend/src/auth/auth.service.ts": {"path":"/Users/andydo/Desktop/learning-english-ielts/backend/src/auth/auth.service.ts","statementMap":{"0":{"start":{"line":1,"column":0},"end":{"line":1,"column":44}},"1":{"start":{"line":2,"column":0},"end":{"line":2,"column":41}},"2":{"start":{"line":3,"column":0},"end":{"line":3,"column":54}},"3":{"start":{"line":7,"column":7},"end":{"line":54,"column":null}},"4":{"start":{"line":9,"column":21},"end":{"line":9,"column":35}},"5":{"start":{"line":10,"column":21},"end":{"line":10,"column":33}},"6":{"start":{"line":14,"column":21},"end":{"line":14,"column":31}},"7":{"start":{"line":15,"column":18},"end":{"line":15,"column":41}},"8":{"start":{"line":16,"column":17},"end":{"line":16,"column":36}},"9":{"start":{"line":17,"column":22},"end":{"line":17,"column":56}},"10":{"start":{"line":19,"column":15},"end":{"line":19,"column":63}},"11":{"start":{"line":21,"column":4},"end":{"line":25,"column":5}},"12":{"start":{"line":22,"column":6},"end":{"line":22,"column":82}},"13":{"start":{"line":24,"column":6},"end":{"line":24,"column":74}},"14":{"start":{"line":27,"column":4},"end":{"line":34,"column":6}},"15":{"start":{"line":38,"column":32},"end":{"line":38,"column":67}},"16":{"start":{"line":39,"column":4},"end":{"line":39,"column":41}},"17":{"start":{"line":43,"column":17},"end":{"line":43,"column":57}},"18":{"start":{"line":44,"column":4},"end":{"line":44,"column":27}},"19":{"start":{"line":44,"column":15},"end":{"line":44,"column":27}},"20":{"start":{"line":45,"column":4},"end":{"line":52,"column":6}},"21":{"start":{"line":7,"column":13},"end":{"line":7,"column":24}},"22":{"start":{"line":7,"column":13},"end":{"line":54,"column":null}}},"fnMap":{"0":{"name":"(anonymous_2)","decl":{"start":{"line":8,"column":2},"end":{"line":8,"column":null}},"loc":{"start":{"line":10,"column":43},"end":{"line":11,"column":6}}},"1":{"name":"(anonymous_3)","decl":{"start":{"line":13,"column":2},"end":{"line":13,"column":7}},"loc":{"start":{"line":13,"column":49},"end":{"line":35,"column":3}}},"2":{"name":"(anonymous_4)","decl":{"start":{"line":37,"column":2},"end":{"line":37,"column":7}},"loc":{"start":{"line":37,"column":22},"end":{"line":40,"column":3}}},"3":{"name":"(anonymous_5)","decl":{"start":{"line":42,"column":2},"end":{"line":42,"column":7}},"loc":{"start":{"line":42,"column":33},"end":{"line":53,"column":3}}}},"branchMap":{"0":{"loc":{"start":{"line":17,"column":22},"end":{"line":17,"column":56}},"type":"binary-expr","locations":[{"start":{"line":17,"column":22},"end":{"line":17,"column":48}},{"start":{"line":17,"column":52},"end":{"line":17,"column":56}}]},"1":{"loc":{"start":{"line":21,"column":4},"end":{"line":25,"column":5}},"type":"if","locations":[{"start":{"line":21,"column":4},"end":{"line":25,"column":5}},{"start":{"line":23,"column":11},"end":{"line":25,"column":5}}]},"2":{"loc":{"start":{"line":33,"column":13},"end":{"line":33,"column":40}},"type":"binary-expr","locations":[{"start":{"line":33,"column":13},"end":{"line":33,"column":30}},{"start":{"line":33,"column":34},"end":{"line":33,"column":40}}]},"3":{"loc":{"start":{"line":44,"column":4},"end":{"line":44,"column":27}},"type":"if","locations":[{"start":{"line":44,"column":4},"end":{"line":44,"column":27}}]},"4":{"loc":{"start":{"line":51,"column":13},"end":{"line":51,"column":40}},"type":"binary-expr","locations":[{"start":{"line":51,"column":13},"end":{"line":51,"column":30}},{"start":{"line":51,"column":34},"end":{"line":51,"column":40}}]}},"s":{"0":1,"1":1,"2":1,"3":1,"4":1,"5":1,"6":0,"7":0,"8":0,"9":0,"10":0,"11":0,"12":0,"13":0,"14":0,"15":3,"16":3,"17":0,"18":0,"19":0,"20":0,"21":1,"22":1},"f":{"0":1,"1":0,"2":3,"3":0},"b":{"0":[0,0],"1":[0,0],"2":[0,0],"3":[0],"4":[0,0]}}
,"/Users/andydo/Desktop/learning-english-ielts/backend/src/auth/roles.enum.ts": {"path":"/Users/andydo/Desktop/learning-english-ielts/backend/src/auth/roles.enum.ts","statementMap":{"0":{"start":{"line":1,"column":0},"end":{"line":1,"column":null}},"1":{"start":{"line":2,"column":2},"end":{"line":2,"column":null}},"2":{"start":{"line":3,"column":2},"end":{"line":3,"column":null}}},"fnMap":{"0":{"name":"(anonymous_0)","decl":{"start":{"line":1,"column":0},"end":{"line":1,"column":12}},"loc":{"start":{"line":1,"column":16},"end":{"line":4,"column":1}}}},"branchMap":{"0":{"loc":{"start":{"line":1,"column":12},"end":{"line":1,"column":null}},"type":"binary-expr","locations":[{"start":{"line":1,"column":12},"end":{"line":1,"column":16}},{"start":{"line":1,"column":16},"end":{"line":1,"column":null}}]}},"s":{"0":1,"1":1,"2":1},"f":{"0":1},"b":{"0":[1,1]}}
,"/Users/andydo/Desktop/learning-english-ielts/backend/src/auth/decorators/roles.decorator.ts": {"path":"/Users/andydo/Desktop/learning-english-ielts/backend/src/auth/decorators/roles.decorator.ts","statementMap":{"0":{"start":{"line":1,"column":0},"end":{"line":1,"column":45}},"1":{"start":{"line":4,"column":13},"end":{"line":4,"column":33}},"2":{"start":{"line":14,"column":21},"end":{"line":14,"column":83}},"3":{"start":{"line":14,"column":54},"end":{"line":14,"column":83}},"4":{"start":{"line":14,"column":13},"end":{"line":14,"column":21}}},"fnMap":{"0":{"name":"(anonymous_0)","decl":{"start":{"line":14,"column":21},"end":{"line":14,"column":22}},"loc":{"start":{"line":14,"column":54},"end":{"line":14,"column":83}}}},"branchMap":{},"s":{"0":1,"1":1,"2":1,"3":0,"4":1},"f":{"0":0},"b":{}}
,"/Users/andydo/Desktop/learning-english-ielts/backend/src/auth/guards/google-auth.guard.ts": {"path":"/Users/andydo/Desktop/learning-english-ielts/backend/src/auth/guards/google-auth.guard.ts","statementMap":{"0":{"start":{"line":1,"column":0},"end":{"line":1,"column":44}},"1":{"start":{"line":2,"column":0},"end":{"line":2,"column":45}},"2":{"start":{"line":5,"column":7},"end":{"line":5,"column":null}},"3":{"start":{"line":5,"column":13},"end":{"line":5,"column":28}},"4":{"start":{"line":5,"column":13},"end":{"line":5,"column":null}}},"fnMap":{},"branchMap":{},"s":{"0":1,"1":1,"2":1,"3":1,"4":1},"f":{},"b":{}}
,"/Users/andydo/Desktop/learning-english-ielts/backend/src/auth/guards/jwt-auth.guard.ts": {"path":"/Users/andydo/Desktop/learning-english-ielts/backend/src/auth/guards/jwt-auth.guard.ts","statementMap":{"0":{"start":{"line":1,"column":0},"end":{"line":1,"column":44}},"1":{"start":{"line":2,"column":0},"end":{"line":2,"column":45}},"2":{"start":{"line":5,"column":7},"end":{"line":5,"column":null}},"3":{"start":{"line":5,"column":13},"end":{"line":5,"column":25}},"4":{"start":{"line":5,"column":13},"end":{"line":5,"column":null}}},"fnMap":{},"branchMap":{},"s":{"0":1,"1":1,"2":1,"3":1,"4":1},"f":{},"b":{}}
,"/Users/andydo/Desktop/learning-english-ielts/backend/src/auth/guards/roles.guard.ts": {"path":"/Users/andydo/Desktop/learning-english-ielts/backend/src/auth/guards/roles.guard.ts","statementMap":{"0":{"start":{"line":1,"column":0},"end":{"line":1,"column":null}},"1":{"start":{"line":7,"column":0},"end":{"line":7,"column":41}},"2":{"start":{"line":8,"column":0},"end":{"line":8,"column":58}},"3":{"start":{"line":12,"column":7},"end":{"line":39,"column":null}},"4":{"start":{"line":13,"column":31},"end":{"line":13,"column":42}},"5":{"start":{"line":16,"column":26},"end":{"line":18,"column":null}},"6":{"start":{"line":21,"column":4},"end":{"line":23,"column":5}},"7":{"start":{"line":22,"column":6},"end":{"line":22,"column":18}},"8":{"start":{"line":25,"column":20},"end":{"line":25,"column":55}},"9":{"start":{"line":26,"column":17},"end":{"line":26,"column":30}},"10":{"start":{"line":28,"column":4},"end":{"line":30,"column":5}},"11":{"start":{"line":29,"column":6},"end":{"line":29,"column":73}},"12":{"start":{"line":32,"column":20},"end":{"line":32,"column":68}},"13":{"start":{"line":32,"column":49},"end":{"line":32,"column":67}},"14":{"start":{"line":33,"column":4},"end":{"line":35,"column":5}},"15":{"start":{"line":34,"column":6},"end":{"line":34,"column":71}},"16":{"start":{"line":37,"column":4},"end":{"line":37,"column":16}},"17":{"start":{"line":12,"column":13},"end":{"line":12,"column":23}},"18":{"start":{"line":12,"column":13},"end":{"line":39,"column":null}}},"fnMap":{"0":{"name":"(anonymous_2)","decl":{"start":{"line":13,"column":2},"end":{"line":13,"column":31}},"loc":{"start":{"line":13,"column":51},"end":{"line":13,"column":55}}},"1":{"name":"(anonymous_3)","decl":{"start":{"line":15,"column":2},"end":{"line":15,"column":13}},"loc":{"start":{"line":15,"column":39},"end":{"line":38,"column":3}}},"2":{"name":"(anonymous_4)","decl":{"start":{"line":32,"column":39},"end":{"line":32,"column":40}},"loc":{"start":{"line":32,"column":49},"end":{"line":32,"column":67}}}},"branchMap":{"0":{"loc":{"start":{"line":21,"column":4},"end":{"line":23,"column":5}},"type":"if","locations":[{"start":{"line":21,"column":4},"end":{"line":23,"column":5}}]},"1":{"loc":{"start":{"line":21,"column":8},"end":{"line":21,"column":52}},"type":"binary-expr","locations":[{"start":{"line":21,"column":8},"end":{"line":21,"column":22}},{"start":{"line":21,"column":26},"end":{"line":21,"column":52}}]},"2":{"loc":{"start":{"line":28,"column":4},"end":{"line":30,"column":5}},"type":"if","locations":[{"start":{"line":28,"column":4},"end":{"line":30,"column":5}}]},"3":{"loc":{"start":{"line":28,"column":8},"end":{"line":28,"column":27}},"type":"binary-expr","locations":[{"start":{"line":28,"column":8},"end":{"line":28,"column":13}},{"start":{"line":28,"column":17},"end":{"line":28,"column":27}}]},"4":{"loc":{"start":{"line":33,"column":4},"end":{"line":35,"column":5}},"type":"if","locations":[{"start":{"line":33,"column":4},"end":{"line":35,"column":5}}]}},"s":{"0":1,"1":1,"2":1,"3":1,"4":1,"5":0,"6":0,"7":0,"8":0,"9":0,"10":0,"11":0,"12":0,"13":0,"14":0,"15":0,"16":0,"17":1,"18":1},"f":{"0":1,"1":0,"2":0},"b":{"0":[0],"1":[0,0],"2":[0],"3":[0,0],"4":[0]}}
,"/Users/andydo/Desktop/learning-english-ielts/backend/src/auth/strategies/google.strategy.ts": {"path":"/Users/andydo/Desktop/learning-english-ielts/backend/src/auth/strategies/google.strategy.ts","statementMap":{"0":{"start":{"line":1,"column":0},"end":{"line":1,"column":44}},"1":{"start":{"line":2,"column":0},"end":{"line":2,"column":52}},"2":{"start":{"line":3,"column":0},"end":{"line":3,"column":51}},"3":{"start":{"line":4,"column":0},"end":{"line":4,"column":46}},"4":{"start":{"line":8,"column":7},"end":{"line":25,"column":null}},"5":{"start":{"line":10,"column":4},"end":{"line":15,"column":7}},"6":{"start":{"line":9,"column":31},"end":{"line":9,"column":44}},"7":{"start":{"line":23,"column":4},"end":{"line":23,"column":56}},"8":{"start":{"line":8,"column":13},"end":{"line":8,"column":27}},"9":{"start":{"line":8,"column":13},"end":{"line":25,"column":null}}},"fnMap":{"0":{"name":"(anonymous_2)","decl":{"start":{"line":9,"column":2},"end":{"line":9,"column":31}},"loc":{"start":{"line":9,"column":55},"end":{"line":16,"column":3}}},"1":{"name":"(anonymous_3)","decl":{"start":{"line":18,"column":2},"end":{"line":18,"column":7}},"loc":{"start":{"line":21,"column":26},"end":{"line":24,"column":3}}}},"branchMap":{"0":{"loc":{"start":{"line":13,"column":19},"end":{"line":13,"column":98}},"type":"binary-expr","locations":[{"start":{"line":13,"column":19},"end":{"line":13,"column":50}},{"start":{"line":13,"column":54},"end":{"line":13,"column":98}}]}},"s":{"0":1,"1":1,"2":1,"3":1,"4":1,"5":1,"6":1,"7":0,"8":1,"9":1},"f":{"0":1,"1":0},"b":{"0":[1,0]}}
,"/Users/andydo/Desktop/learning-english-ielts/backend/src/auth/strategies/jwt.strategy.ts": {"path":"/Users/andydo/Desktop/learning-english-ielts/backend/src/auth/strategies/jwt.strategy.ts","statementMap":{"0":{"start":{"line":1,"column":0},"end":{"line":1,"column":67}},"1":{"start":{"line":2,"column":0},"end":{"line":2,"column":52}},"2":{"start":{"line":3,"column":0},"end":{"line":3,"column":52}},"3":{"start":{"line":4,"column":0},"end":{"line":4,"column":57}},"4":{"start":{"line":8,"column":7},"end":{"line":24,"column":null}},"5":{"start":{"line":10,"column":4},"end":{"line":16,"column":7}},"6":{"start":{"line":12,"column":17},"end":{"line":12,"column":51}},"7":{"start":{"line":9,"column":31},"end":{"line":9,"column":45}},"8":{"start":{"line":20,"column":17},"end":{"line":20,"column":62}},"9":{"start":{"line":21,"column":4},"end":{"line":21,"column":49}},"10":{"start":{"line":21,"column":15},"end":{"line":21,"column":49}},"11":{"start":{"line":22,"column":4},"end":{"line":22,"column":16}},"12":{"start":{"line":8,"column":13},"end":{"line":8,"column":24}},"13":{"start":{"line":8,"column":13},"end":{"line":24,"column":null}}},"fnMap":{"0":{"name":"(anonymous_2)","decl":{"start":{"line":9,"column":2},"end":{"line":9,"column":31}},"loc":{"start":{"line":9,"column":57},"end":{"line":17,"column":3}}},"1":{"name":"(anonymous_3)","decl":{"start":{"line":12,"column":8},"end":{"line":12,"column":9}},"loc":{"start":{"line":12,"column":17},"end":{"line":12,"column":51}}},"2":{"name":"(anonymous_4)","decl":{"start":{"line":19,"column":2},"end":{"line":19,"column":7}},"loc":{"start":{"line":19,"column":36},"end":{"line":23,"column":3}}}},"branchMap":{"0":{"loc":{"start":{"line":12,"column":17},"end":{"line":12,"column":51}},"type":"binary-expr","locations":[{"start":{"line":12,"column":17},"end":{"line":12,"column":43}},{"start":{"line":12,"column":47},"end":{"line":12,"column":51}}]},"1":{"loc":{"start":{"line":15,"column":19},"end":{"line":15,"column":62}},"type":"binary-expr","locations":[{"start":{"line":15,"column":19},"end":{"line":15,"column":41}},{"start":{"line":15,"column":45},"end":{"line":15,"column":62}}]},"2":{"loc":{"start":{"line":21,"column":4},"end":{"line":21,"column":49}},"type":"if","locations":[{"start":{"line":21,"column":4},"end":{"line":21,"column":49}}]}},"s":{"0":1,"1":1,"2":1,"3":1,"4":1,"5":1,"6":5,"7":1,"8":3,"9":3,"10":1,"11":2,"12":1,"13":1},"f":{"0":1,"1":5,"2":3},"b":{"0":[5,2],"1":[1,0],"2":[1]}}
,"/Users/andydo/Desktop/learning-english-ielts/backend/src/common/decorators/skip-transform.decorator.ts": {"path":"/Users/andydo/Desktop/learning-english-ielts/backend/src/common/decorators/skip-transform.decorator.ts","statementMap":{"0":{"start":{"line":1,"column":0},"end":{"line":1,"column":45}},"1":{"start":{"line":12,"column":13},"end":{"line":12,"column":50}},"2":{"start":{"line":13,"column":29},"end":{"line":13,"column":72}},"3":{"start":{"line":13,"column":35},"end":{"line":13,"column":72}},"4":{"start":{"line":13,"column":13},"end":{"line":13,"column":29}}},"fnMap":{"0":{"name":"(anonymous_0)","decl":{"start":{"line":13,"column":29},"end":{"line":13,"column":32}},"loc":{"start":{"line":13,"column":35},"end":{"line":13,"column":72}}}},"branchMap":{},"s":{"0":0,"1":0,"2":0,"3":0,"4":0},"f":{"0":0},"b":{}}
,"/Users/andydo/Desktop/learning-english-ielts/backend/src/common/filters/http-exception.filter.ts": {"path":"/Users/andydo/Desktop/learning-english-ielts/backend/src/common/filters/http-exception.filter.ts","statementMap":{"0":{"start":{"line":1,"column":0},"end":{"line":1,"column":null}},"1":{"start":{"line":22,"column":7},"end":{"line":66,"column":null}},"2":{"start":{"line":24,"column":16},"end":{"line":24,"column":35}},"3":{"start":{"line":25,"column":16},"end":{"line":25,"column":43}},"4":{"start":{"line":26,"column":16},"end":{"line":26,"column":41}},"5":{"start":{"line":28,"column":19},"end":{"line":28,"column":53}},"6":{"start":{"line":29,"column":19},"end":{"line":31,"column":40}},"7":{"start":{"line":33,"column":37},"end":{"line":33,"column":60}},"8":{"start":{"line":34,"column":16},"end":{"line":34,"column":39}},"9":{"start":{"line":36,"column":4},"end":{"line":51,"column":5}},"10":{"start":{"line":37,"column":27},"end":{"line":37,"column":50}},"11":{"start":{"line":39,"column":6},"end":{"line":45,"column":7}},"12":{"start":{"line":40,"column":8},"end":{"line":40,"column":31}},"13":{"start":{"line":41,"column":13},"end":{"line":45,"column":7}},"14":{"start":{"line":42,"column":21},"end":{"line":42,"column":60}},"15":{"start":{"line":43,"column":8},"end":{"line":43,"column":78}},"16":{"start":{"line":44,"column":8},"end":{"line":44,"column":64}},"17":{"start":{"line":46,"column":11},"end":{"line":51,"column":5}},"18":{"start":{"line":48,"column":6},"end":{"line":50,"column":7}},"19":{"start":{"line":49,"column":8},"end":{"line":49,"column":36}},"20":{"start":{"line":54,"column":4},"end":{"line":56,"column":5}},"21":{"start":{"line":55,"column":6},"end":{"line":55,"column":64}},"22":{"start":{"line":58,"column":4},"end":{"line":64,"column":7}},"23":{"start":{"line":22,"column":13},"end":{"line":22,"column":32}},"24":{"start":{"line":22,"column":13},"end":{"line":66,"column":null}}},"fnMap":{"0":{"name":"(anonymous_1)","decl":{"start":{"line":23,"column":2},"end":{"line":23,"column":7}},"loc":{"start":{"line":23,"column":47},"end":{"line":65,"column":3}}}},"branchMap":{"0":{"loc":{"start":{"line":29,"column":19},"end":{"line":31,"column":40}},"type":"cond-expr","locations":[{"start":{"line":30,"column":8},"end":{"line":30,"column":29}},{"start":{"line":31,"column":8},"end":{"line":31,"column":40}}]},"1":{"loc":{"start":{"line":36,"column":4},"end":{"line":51,"column":5}},"type":"if","locations":[{"start":{"line":36,"column":4},"end":{"line":51,"column":5}},{"start":{"line":46,"column":11},"end":{"line":51,"column":5}}]},"2":{"loc":{"start":{"line":39,"column":6},"end":{"line":45,"column":7}},"type":"if","locations":[{"start":{"line":39,"column":6},"end":{"line":45,"column":7}},{"start":{"line":41,"column":13},"end":{"line":45,"column":7}}]},"3":{"loc":{"start":{"line":41,"column":13},"end":{"line":45,"column":7}},"type":"if","locations":[{"start":{"line":41,"column":13},"end":{"line":45,"column":7}}]},"4":{"loc":{"start":{"line":41,"column":17},"end":{"line":41,"column":74}},"type":"binary-expr","locations":[{"start":{"line":41,"column":17},"end":{"line":41,"column":49}},{"start":{"line":41,"column":53},"end":{"line":41,"column":74}}]},"5":{"loc":{"start":{"line":43,"column":19},"end":{"line":43,"column":77}},"type":"binary-expr","locations":[{"start":{"line":43,"column":19},"end":{"line":43,"column":56}},{"start":{"line":43,"column":60},"end":{"line":43,"column":77}}]},"6":{"loc":{"start":{"line":44,"column":17},"end":{"line":44,"column":63}},"type":"binary-expr","locations":[{"start":{"line":44,"column":17},"end":{"line":44,"column":41}},{"start":{"line":44,"column":45},"end":{"line":44,"column":63}}]},"7":{"loc":{"start":{"line":46,"column":11},"end":{"line":51,"column":5}},"type":"if","locations":[{"start":{"line":46,"column":11},"end":{"line":51,"column":5}}]},"8":{"loc":{"start":{"line":48,"column":6},"end":{"line":50,"column":7}},"type":"if","locations":[{"start":{"line":48,"column":6},"end":{"line":50,"column":7}}]},"9":{"loc":{"start":{"line":54,"column":4},"end":{"line":56,"column":5}},"type":"if","locations":[{"start":{"line":54,"column":4},"end":{"line":56,"column":5}}]},"10":{"loc":{"start":{"line":54,"column":8},"end":{"line":54,"column":51}},"type":"binary-expr","locations":[{"start":{"line":54,"column":8},"end":{"line":54,"column":14}},{"start":{"line":54,"column":18},"end":{"line":54,"column":51}}]},"11":{"loc":{"start":{"line":55,"column":14},"end":{"line":55,"column":63}},"type":"binary-expr","locations":[{"start":{"line":55,"column":14},"end":{"line":55,"column":52}},{"start":{"line":55,"column":56},"end":{"line":55,"column":63}}]}},"s":{"0":0,"1":0,"2":0,"3":0,"4":0,"5":0,"6":0,"7":0,"8":0,"9":0,"10":0,"11":0,"12":0,"13":0,"14":0,"15":0,"16":0,"17":0,"18":0,"19":0,"20":0,"21":0,"22":0,"23":0,"24":0},"f":{"0":0},"b":{"0":[0,0],"1":[0,0],"2":[0,0],"3":[0],"4":[0,0],"5":[0,0],"6":[0,0],"7":[0],"8":[0],"9":[0],"10":[0,0],"11":[0,0]}}
,"/Users/andydo/Desktop/learning-english-ielts/backend/src/common/interceptors/transform.interceptor.ts": {"path":"/Users/andydo/Desktop/learning-english-ielts/backend/src/common/interceptors/transform.interceptor.ts","statementMap":{"0":{"start":{"line":1,"column":0},"end":{"line":1,"column":null}},"1":{"start":{"line":7,"column":0},"end":{"line":7,"column":41}},"2":{"start":{"line":9,"column":0},"end":{"line":9,"column":37}},"3":{"start":{"line":10,"column":0},"end":{"line":10,"column":76}},"4":{"start":{"line":28,"column":7},"end":{"line":53,"column":null}},"5":{"start":{"line":31,"column":31},"end":{"line":31,"column":42}},"6":{"start":{"line":37,"column":17},"end":{"line":40,"column":6}},"7":{"start":{"line":42,"column":4},"end":{"line":42,"column":35}},"8":{"start":{"line":42,"column":14},"end":{"line":42,"column":35}},"9":{"start":{"line":44,"column":23},"end":{"line":44,"column":80}},"10":{"start":{"line":46,"column":4},"end":{"line":51,"column":6}},"11":{"start":{"line":47,"column":21},"end":{"line":50,"column":8}},"12":{"start":{"line":28,"column":13},"end":{"line":28,"column":33}},"13":{"start":{"line":28,"column":13},"end":{"line":53,"column":null}}},"fnMap":{"0":{"name":"(anonymous_2)","decl":{"start":{"line":31,"column":2},"end":{"line":31,"column":31}},"loc":{"start":{"line":31,"column":51},"end":{"line":31,"column":55}}},"1":{"name":"(anonymous_3)","decl":{"start":{"line":33,"column":2},"end":{"line":33,"column":11}},"loc":{"start":{"line":35,"column":21},"end":{"line":52,"column":3}}},"2":{"name":"(anonymous_4)","decl":{"start":{"line":47,"column":10},"end":{"line":47,"column":11}},"loc":{"start":{"line":47,"column":21},"end":{"line":50,"column":8}}}},"branchMap":{"0":{"loc":{"start":{"line":42,"column":4},"end":{"line":42,"column":35}},"type":"if","locations":[{"start":{"line":42,"column":4},"end":{"line":42,"column":35}}]}},"s":{"0":0,"1":0,"2":0,"3":0,"4":0,"5":0,"6":0,"7":0,"8":0,"9":0,"10":0,"11":0,"12":0,"13":0},"f":{"0":0,"1":0,"2":0},"b":{"0":[0]}}
,"/Users/andydo/Desktop/learning-english-ielts/backend/src/prisma/prisma.module.ts": {"path":"/Users/andydo/Desktop/learning-english-ielts/backend/src/prisma/prisma.module.ts","statementMap":{"0":{"start":{"line":1,"column":0},"end":{"line":1,"column":48}},"1":{"start":{"line":2,"column":0},"end":{"line":2,"column":49}},"2":{"start":{"line":9,"column":7},"end":{"line":9,"column":null}},"3":{"start":{"line":9,"column":13},"end":{"line":9,"column":25}},"4":{"start":{"line":9,"column":13},"end":{"line":9,"column":null}}},"fnMap":{},"branchMap":{},"s":{"0":1,"1":1,"2":1,"3":1,"4":1},"f":{},"b":{}}
,"/Users/andydo/Desktop/learning-english-ielts/backend/src/prisma/prisma.service.ts": {"path":"/Users/andydo/Desktop/learning-english-ielts/backend/src/prisma/prisma.service.ts","statementMap":{"0":{"start":{"line":1,"column":0},"end":{"line":1,"column":75}},"1":{"start":{"line":2,"column":0},"end":{"line":2,"column":46}},"2":{"start":{"line":5,"column":7},"end":{"line":13,"column":null}},"3":{"start":{"line":7,"column":4},"end":{"line":7,"column":26}},"4":{"start":{"line":11,"column":4},"end":{"line":11,"column":29}},"5":{"start":{"line":5,"column":13},"end":{"line":5,"column":26}},"6":{"start":{"line":5,"column":13},"end":{"line":13,"column":null}}},"fnMap":{"0":{"name":"(anonymous_1)","decl":{"start":{"line":6,"column":2},"end":{"line":6,"column":7}},"loc":{"start":{"line":6,"column":20},"end":{"line":8,"column":3}}},"1":{"name":"(anonymous_2)","decl":{"start":{"line":10,"column":2},"end":{"line":10,"column":7}},"loc":{"start":{"line":10,"column":23},"end":{"line":12,"column":3}}}},"branchMap":{},"s":{"0":1,"1":1,"2":1,"3":0,"4":0,"5":1,"6":1},"f":{"0":0,"1":0},"b":{}}
,"/Users/andydo/Desktop/learning-english-ielts/backend/src/progress/progress.controller.ts": {"path":"/Users/andydo/Desktop/learning-english-ielts/backend/src/progress/progress.controller.ts","statementMap":{"0":{"start":{"line":1,"column":0},"end":{"line":1,"column":84}},"1":{"start":{"line":2,"column":0},"end":{"line":2,"column":null}},"2":{"start":{"line":11,"column":0},"end":{"line":11,"column":53}},"3":{"start":{"line":12,"column":0},"end":{"line":12,"column":61}},"4":{"start":{"line":23,"column":7},"end":{"line":57,"column":null}},"5":{"start":{"line":24,"column":31},"end":{"line":24,"column":48}},"6":{"start":{"line":31,"column":4},"end":{"line":33,"column":5}},"7":{"start":{"line":32,"column":6},"end":{"line":32,"column":69}},"8":{"start":{"line":34,"column":4},"end":{"line":34,"column":54}},"9":{"start":{"line":55,"column":4},"end":{"line":55,"column":59}},"10":{"start":{"line":23,"column":13},"end":{"line":23,"column":31}},"11":{"start":{"line":30,"column":2},"end":{"line":35,"column":null}},"12":{"start":{"line":51,"column":2},"end":{"line":56,"column":null}},"13":{"start":{"line":23,"column":13},"end":{"line":57,"column":null}}},"fnMap":{"0":{"name":"(anonymous_4)","decl":{"start":{"line":24,"column":2},"end":{"line":24,"column":31}},"loc":{"start":{"line":24,"column":63},"end":{"line":24,"column":67}}},"1":{"name":"(anonymous_5)","decl":{"start":{"line":30,"column":2},"end":{"line":30,"column":6}},"loc":{"start":{"line":30,"column":66},"end":{"line":35,"column":3}}},"2":{"name":"(anonymous_6)","decl":{"start":{"line":51,"column":2},"end":{"line":51,"column":8}},"loc":{"start":{"line":53,"column":84},"end":{"line":56,"column":3}}}},"branchMap":{"0":{"loc":{"start":{"line":31,"column":4},"end":{"line":33,"column":5}},"type":"if","locations":[{"start":{"line":31,"column":4},"end":{"line":33,"column":5}}]}},"s":{"0":1,"1":1,"2":1,"3":1,"4":1,"5":1,"6":0,"7":0,"8":0,"9":0,"10":1,"11":1,"12":1,"13":1},"f":{"0":1,"1":0,"2":0},"b":{"0":[0]}}
,"/Users/andydo/Desktop/learning-english-ielts/backend/src/progress/progress.module.ts": {"path":"/Users/andydo/Desktop/learning-english-ielts/backend/src/progress/progress.module.ts","statementMap":{"0":{"start":{"line":1,"column":0},"end":{"line":1,"column":40}},"1":{"start":{"line":2,"column":0},"end":{"line":2,"column":59}},"2":{"start":{"line":3,"column":0},"end":{"line":3,"column":53}},"3":{"start":{"line":4,"column":0},"end":{"line":4,"column":55}},"4":{"start":{"line":11,"column":7},"end":{"line":11,"column":null}},"5":{"start":{"line":11,"column":13},"end":{"line":11,"column":27}},"6":{"start":{"line":11,"column":13},"end":{"line":11,"column":null}}},"fnMap":{},"branchMap":{},"s":{"0":1,"1":1,"2":1,"3":1,"4":1,"5":1,"6":1},"f":{},"b":{}}
,"/Users/andydo/Desktop/learning-english-ielts/backend/src/progress/progress.service.ts": {"path":"/Users/andydo/Desktop/learning-english-ielts/backend/src/progress/progress.service.ts","statementMap":{"0":{"start":{"line":1,"column":0},"end":{"line":1,"column":44}},"1":{"start":{"line":2,"column":0},"end":{"line":2,"column":57}},"2":{"start":{"line":5,"column":7},"end":{"line":46,"column":null}},"3":{"start":{"line":6,"column":31},"end":{"line":6,"column":39}},"4":{"start":{"line":9,"column":4},"end":{"line":15,"column":7}},"5":{"start":{"line":19,"column":21},"end":{"line":21,"column":6}},"6":{"start":{"line":22,"column":4},"end":{"line":22,"column":63}},"7":{"start":{"line":29,"column":55},"end":{"line":29,"column":59}},"8":{"start":{"line":30,"column":4},"end":{"line":44,"column":7}},"9":{"start":{"line":5,"column":13},"end":{"line":5,"column":28}},"10":{"start":{"line":5,"column":13},"end":{"line":46,"column":null}}},"fnMap":{"0":{"name":"(anonymous_2)","decl":{"start":{"line":6,"column":2},"end":{"line":6,"column":31}},"loc":{"start":{"line":6,"column":52},"end":{"line":6,"column":56}}},"1":{"name":"(anonymous_3)","decl":{"start":{"line":8,"column":2},"end":{"line":8,"column":7}},"loc":{"start":{"line":8,"column":30},"end":{"line":16,"column":3}}},"2":{"name":"(anonymous_4)","decl":{"start":{"line":18,"column":2},"end":{"line":18,"column":7}},"loc":{"start":{"line":18,"column":51},"end":{"line":23,"column":3}}},"3":{"name":"(anonymous_5)","decl":{"start":{"line":25,"column":2},"end":{"line":25,"column":7}},"loc":{"start":{"line":27,"column":76},"end":{"line":45,"column":3}}}},"branchMap":{"0":{"loc":{"start":{"line":22,"column":11},"end":{"line":22,"column":62}},"type":"binary-expr","locations":[{"start":{"line":22,"column":11},"end":{"line":22,"column":19}},{"start":{"line":22,"column":23},"end":{"line":22,"column":62}}]},"1":{"loc":{"start":{"line":35,"column":21},"end":{"line":35,"column":72}},"type":"cond-expr","locations":[{"start":{"line":35,"column":55},"end":{"line":35,"column":65}},{"start":{"line":35,"column":68},"end":{"line":35,"column":72}}]},"2":{"loc":{"start":{"line":42,"column":21},"end":{"line":42,"column":72}},"type":"cond-expr","locations":[{"start":{"line":42,"column":55},"end":{"line":42,"column":65}},{"start":{"line":42,"column":68},"end":{"line":42,"column":72}}]}},"s":{"0":1,"1":1,"2":1,"3":1,"4":0,"5":0,"6":0,"7":0,"8":0,"9":1,"10":1},"f":{"0":1,"1":0,"2":0,"3":0},"b":{"0":[0,0],"1":[0,0],"2":[0,0]}}
,"/Users/andydo/Desktop/learning-english-ielts/backend/src/speaking/speaking.controller.ts": {"path":"/Users/andydo/Desktop/learning-english-ielts/backend/src/speaking/speaking.controller.ts","statementMap":{"0":{"start":{"line":1,"column":0},"end":{"line":1,"column":null}},"1":{"start":{"line":11,"column":0},"end":{"line":11,"column":null}},"2":{"start":{"line":19,"column":0},"end":{"line":19,"column":71}},"3":{"start":{"line":20,"column":0},"end":{"line":20,"column":61}},"4":{"start":{"line":26,"column":7},"end":{"line":87,"column":null}},"5":{"start":{"line":27,"column":31},"end":{"line":27,"column":48}},"6":{"start":{"line":67,"column":21},"end":{"line":70,"column":null}},"7":{"start":{"line":73,"column":4},"end":{"line":73,"column":63}},"8":{"start":{"line":74,"column":4},"end":{"line":74,"column":50}},"9":{"start":{"line":76,"column":19},"end":{"line":76,"column":39}},"10":{"start":{"line":77,"column":4},"end":{"line":85,"column":5}},"11":{"start":{"line":78,"column":6},"end":{"line":82,"column":7}},"12":{"start":{"line":79,"column":32},"end":{"line":79,"column":51}},"13":{"start":{"line":80,"column":8},"end":{"line":80,"column":24}},"14":{"start":{"line":80,"column":18},"end":{"line":80,"column":24}},"15":{"start":{"line":81,"column":8},"end":{"line":81,"column":25}},"16":{"start":{"line":84,"column":6},"end":{"line":84,"column":16}},"17":{"start":{"line":26,"column":13},"end":{"line":26,"column":31}},"18":{"start":{"line":63,"column":8},"end":{"line":86,"column":null}},"19":{"start":{"line":26,"column":13},"end":{"line":87,"column":null}}},"fnMap":{"0":{"name":"(anonymous_4)","decl":{"start":{"line":27,"column":2},"end":{"line":27,"column":31}},"loc":{"start":{"line":27,"column":63},"end":{"line":27,"column":67}}},"1":{"name":"(anonymous_5)","decl":{"start":{"line":63,"column":2},"end":{"line":63,"column":7}},"loc":{"start":{"line":65,"column":24},"end":{"line":86,"column":3}}}},"branchMap":{"0":{"loc":{"start":{"line":80,"column":8},"end":{"line":80,"column":24}},"type":"if","locations":[{"start":{"line":80,"column":8},"end":{"line":80,"column":24}}]}},"s":{"0":1,"1":1,"2":1,"3":1,"4":1,"5":1,"6":0,"7":0,"8":0,"9":0,"10":0,"11":0,"12":0,"13":0,"14":0,"15":0,"16":0,"17":1,"18":1,"19":1},"f":{"0":1,"1":0},"b":{"0":[0]}}
,"/Users/andydo/Desktop/learning-english-ielts/backend/src/speaking/speaking.module.ts": {"path":"/Users/andydo/Desktop/learning-english-ielts/backend/src/speaking/speaking.module.ts","statementMap":{"0":{"start":{"line":1,"column":0},"end":{"line":1,"column":40}},"1":{"start":{"line":2,"column":0},"end":{"line":2,"column":59}},"2":{"start":{"line":3,"column":0},"end":{"line":3,"column":53}},"3":{"start":{"line":9,"column":7},"end":{"line":9,"column":null}},"4":{"start":{"line":9,"column":13},"end":{"line":9,"column":27}},"5":{"start":{"line":9,"column":13},"end":{"line":9,"column":null}}},"fnMap":{},"branchMap":{},"s":{"0":1,"1":1,"2":1,"3":1,"4":1,"5":1},"f":{},"b":{}}
,"/Users/andydo/Desktop/learning-english-ielts/backend/src/speaking/speaking.service.ts": {"path":"/Users/andydo/Desktop/learning-english-ielts/backend/src/speaking/speaking.service.ts","statementMap":{"0":{"start":{"line":1,"column":0},"end":{"line":1,"column":73}},"1":{"start":{"line":2,"column":0},"end":{"line":2,"column":42}},"2":{"start":{"line":4,"column":15},"end":{"line":11,"column":59}},"3":{"start":{"line":19,"column":7},"end":{"line":62,"column":null}},"4":{"start":{"line":25,"column":22},"end":{"line":25,"column":51}},"5":{"start":{"line":27,"column":6},"end":{"line":27,"column":73}},"6":{"start":{"line":29,"column":4},"end":{"line":33,"column":5}},"7":{"start":{"line":30,"column":6},"end":{"line":32,"column":8}},"8":{"start":{"line":35,"column":19},"end":{"line":35,"column":44}},"9":{"start":{"line":37,"column":19},"end":{"line":42,"column":6}},"10":{"start":{"line":44,"column":4},"end":{"line":60,"column":7}},"11":{"start":{"line":46,"column":8},"end":{"line":58,"column":9}},"12":{"start":{"line":47,"column":10},"end":{"line":54,"column":11}},"13":{"start":{"line":48,"column":12},"end":{"line":53,"column":13}},"14":{"start":{"line":52,"column":14},"end":{"line":52,"column":77}},"15":{"start":{"line":55,"column":10},"end":{"line":55,"column":29}},"16":{"start":{"line":57,"column":10},"end":{"line":57,"column":32}},"17":{"start":{"line":19,"column":13},"end":{"line":19,"column":28}},"18":{"start":{"line":19,"column":13},"end":{"line":62,"column":null}}},"fnMap":{"0":{"name":"(anonymous_1)","decl":{"start":{"line":20,"column":2},"end":{"line":20,"column":7}},"loc":{"start":{"line":23,"column":23},"end":{"line":61,"column":3}}},"1":{"name":"(anonymous_2)","decl":{"start":{"line":45,"column":6},"end":{"line":45,"column":11}},"loc":{"start":{"line":45,"column":28},"end":{"line":59,"column":7}}}},"branchMap":{"0":{"loc":{"start":{"line":27,"column":6},"end":{"line":27,"column":73}},"type":"cond-expr","locations":[{"start":{"line":27,"column":51},"end":{"line":27,"column":60}},{"start":{"line":27,"column":63},"end":{"line":27,"column":73}}]},"1":{"loc":{"start":{"line":27,"column":6},"end":{"line":27,"column":48}},"type":"binary-expr","locations":[{"start":{"line":27,"column":6},"end":{"line":27,"column":15}},{"start":{"line":27,"column":19},"end":{"line":27,"column":48}}]},"2":{"loc":{"start":{"line":29,"column":4},"end":{"line":33,"column":5}},"type":"if","locations":[{"start":{"line":29,"column":4},"end":{"line":33,"column":5}}]},"3":{"loc":{"start":{"line":48,"column":12},"end":{"line":53,"column":13}},"type":"if","locations":[{"start":{"line":48,"column":12},"end":{"line":53,"column":13}}]},"4":{"loc":{"start":{"line":49,"column":14},"end":{"line":50,"column":47}},"type":"binary-expr","locations":[{"start":{"line":49,"column":14},"end":{"line":49,"column":50}},{"start":{"line":50,"column":14},"end":{"line":50,"column":47}}]}},"s":{"0":1,"1":1,"2":1,"3":1,"4":0,"5":0,"6":0,"7":0,"8":0,"9":0,"10":0,"11":0,"12":0,"13":0,"14":0,"15":0,"16":0,"17":1,"18":1},"f":{"0":0,"1":0},"b":{"0":[0,0],"1":[0,0],"2":[0],"3":[0],"4":[0,0]}}
,"/Users/andydo/Desktop/learning-english-ielts/backend/src/transcript/transcript.controller.ts": {"path":"/Users/andydo/Desktop/learning-english-ielts/backend/src/transcript/transcript.controller.ts","statementMap":{"0":{"start":{"line":1,"column":0},"end":{"line":1,"column":83}},"1":{"start":{"line":2,"column":0},"end":{"line":2,"column":null}},"2":{"start":{"line":8,"column":0},"end":{"line":8,"column":57}},"3":{"start":{"line":12,"column":7},"end":{"line":39,"column":null}},"4":{"start":{"line":13,"column":31},"end":{"line":13,"column":50}},"5":{"start":{"line":27,"column":4},"end":{"line":29,"column":5}},"6":{"start":{"line":28,"column":6},"end":{"line":28,"column":77}},"7":{"start":{"line":31,"column":4},"end":{"line":37,"column":5}},"8":{"start":{"line":32,"column":6},"end":{"line":32,"column":63}},"9":{"start":{"line":34,"column":18},"end":{"line":34,"column":83}},"10":{"start":{"line":35,"column":21},"end":{"line":35,"column":107}},"11":{"start":{"line":36,"column":6},"end":{"line":36,"column":43}},"12":{"start":{"line":12,"column":13},"end":{"line":12,"column":33}},"13":{"start":{"line":23,"column":8},"end":{"line":38,"column":null}},"14":{"start":{"line":12,"column":13},"end":{"line":39,"column":null}}},"fnMap":{"0":{"name":"(anonymous_4)","decl":{"start":{"line":13,"column":2},"end":{"line":13,"column":31}},"loc":{"start":{"line":13,"column":67},"end":{"line":13,"column":71}}},"1":{"name":"(anonymous_5)","decl":{"start":{"line":23,"column":2},"end":{"line":23,"column":7}},"loc":{"start":{"line":25,"column":38},"end":{"line":38,"column":3}}}},"branchMap":{"0":{"loc":{"start":{"line":25,"column":19},"end":{"line":25,"column":38}},"type":"default-arg","locations":[{"start":{"line":25,"column":34},"end":{"line":25,"column":38}}]},"1":{"loc":{"start":{"line":27,"column":4},"end":{"line":29,"column":5}},"type":"if","locations":[{"start":{"line":27,"column":4},"end":{"line":29,"column":5}}]},"2":{"loc":{"start":{"line":34,"column":18},"end":{"line":34,"column":83}},"type":"cond-expr","locations":[{"start":{"line":34,"column":41},"end":{"line":34,"column":52}},{"start":{"line":34,"column":55},"end":{"line":34,"column":83}}]},"3":{"loc":{"start":{"line":35,"column":21},"end":{"line":35,"column":107}},"type":"cond-expr","locations":[{"start":{"line":35,"column":62},"end":{"line":35,"column":82}},{"start":{"line":35,"column":85},"end":{"line":35,"column":107}}]}},"s":{"0":1,"1":1,"2":1,"3":1,"4":1,"5":0,"6":0,"7":0,"8":0,"9":0,"10":0,"11":0,"12":1,"13":1,"14":1},"f":{"0":1,"1":0},"b":{"0":[0],"1":[0],"2":[0,0],"3":[0,0]}}
,"/Users/andydo/Desktop/learning-english-ielts/backend/src/transcript/transcript.module.ts": {"path":"/Users/andydo/Desktop/learning-english-ielts/backend/src/transcript/transcript.module.ts","statementMap":{"0":{"start":{"line":1,"column":0},"end":{"line":1,"column":40}},"1":{"start":{"line":2,"column":0},"end":{"line":2,"column":63}},"2":{"start":{"line":3,"column":0},"end":{"line":3,"column":57}},"3":{"start":{"line":9,"column":7},"end":{"line":9,"column":null}},"4":{"start":{"line":9,"column":13},"end":{"line":9,"column":29}},"5":{"start":{"line":9,"column":13},"end":{"line":9,"column":null}}},"fnMap":{},"branchMap":{},"s":{"0":1,"1":1,"2":1,"3":1,"4":1,"5":1},"f":{},"b":{}}
,"/Users/andydo/Desktop/learning-english-ielts/backend/src/transcript/transcript.service.ts": {"path":"/Users/andydo/Desktop/learning-english-ielts/backend/src/transcript/transcript.service.ts","statementMap":{"0":{"start":{"line":1,"column":0},"end":{"line":1,"column":44}},"1":{"start":{"line":2,"column":0},"end":{"line":2,"column":55}},"2":{"start":{"line":11,"column":22},"end":{"line":11,"column":43}},"3":{"start":{"line":12,"column":28},"end":{"line":12,"column":44}},"4":{"start":{"line":15,"column":7},"end":{"line":34,"column":null}},"5":{"start":{"line":17,"column":17},"end":{"line":17,"column":60}},"6":{"start":{"line":19,"column":18},"end":{"line":19,"column":76}},"7":{"start":{"line":20,"column":37},"end":{"line":25,"column":7}},"8":{"start":{"line":20,"column":55},"end":{"line":25,"column":6}},"9":{"start":{"line":27,"column":19},"end":{"line":27,"column":67}},"10":{"start":{"line":27,"column":50},"end":{"line":27,"column":56}},"11":{"start":{"line":28,"column":4},"end":{"line":30,"column":5}},"12":{"start":{"line":29,"column":6},"end":{"line":29,"column":111}},"13":{"start":{"line":32,"column":4},"end":{"line":32,"column":18}},"14":{"start":{"line":15,"column":13},"end":{"line":15,"column":30}},"15":{"start":{"line":15,"column":13},"end":{"line":34,"column":null}}},"fnMap":{"0":{"name":"(anonymous_1)","decl":{"start":{"line":16,"column":2},"end":{"line":16,"column":7}},"loc":{"start":{"line":16,"column":46},"end":{"line":33,"column":3}}},"1":{"name":"(anonymous_2)","decl":{"start":{"line":20,"column":47},"end":{"line":20,"column":48}},"loc":{"start":{"line":20,"column":55},"end":{"line":25,"column":6}}},"2":{"name":"(anonymous_3)","decl":{"start":{"line":27,"column":43},"end":{"line":27,"column":44}},"loc":{"start":{"line":27,"column":50},"end":{"line":27,"column":56}}}},"branchMap":{"0":{"loc":{"start":{"line":17,"column":17},"end":{"line":17,"column":60}},"type":"cond-expr","locations":[{"start":{"line":17,"column":46},"end":{"line":17,"column":53}},{"start":{"line":17,"column":56},"end":{"line":17,"column":60}}]},"1":{"loc":{"start":{"line":24,"column":13},"end":{"line":24,"column":49}},"type":"binary-expr","locations":[{"start":{"line":24,"column":13},"end":{"line":24,"column":41}},{"start":{"line":24,"column":45},"end":{"line":24,"column":49}}]},"2":{"loc":{"start":{"line":28,"column":4},"end":{"line":30,"column":5}},"type":"if","locations":[{"start":{"line":28,"column":4},"end":{"line":30,"column":5}}]}},"s":{"0":1,"1":1,"2":1,"3":1,"4":1,"5":0,"6":0,"7":0,"8":0,"9":0,"10":0,"11":0,"12":0,"13":0,"14":1,"15":1},"f":{"0":0,"1":0,"2":0},"b":{"0":[0,0],"1":[0,0],"2":[0]}}
,"/Users/andydo/Desktop/learning-english-ielts/backend/src/users/users.controller.ts": {"path":"/Users/andydo/Desktop/learning-english-ielts/backend/src/users/users.controller.ts","statementMap":{"0":{"start":{"line":1,"column":0},"end":{"line":1,"column":null}},"1":{"start":{"line":12,"column":0},"end":{"line":12,"column":61}},"2":{"start":{"line":13,"column":0},"end":{"line":13,"column":47}},"3":{"start":{"line":14,"column":0},"end":{"line":14,"column":62}},"4":{"start":{"line":22,"column":7},"end":{"line":62,"column":null}},"5":{"start":{"line":23,"column":31},"end":{"line":23,"column":45}},"6":{"start":{"line":28,"column":17},"end":{"line":28,"column":62}},"7":{"start":{"line":29,"column":4},"end":{"line":29,"column":16}},"8":{"start":{"line":39,"column":4},"end":{"line":39,"column":62}},"9":{"start":{"line":45,"column":4},"end":{"line":45,"column":60}},"10":{"start":{"line":55,"column":4},"end":{"line":60,"column":7}},"11":{"start":{"line":22,"column":13},"end":{"line":22,"column":28}},"12":{"start":{"line":27,"column":8},"end":{"line":30,"column":null}},"13":{"start":{"line":35,"column":8},"end":{"line":40,"column":null}},"14":{"start":{"line":44,"column":8},"end":{"line":46,"column":null}},"15":{"start":{"line":54,"column":8},"end":{"line":61,"column":null}},"16":{"start":{"line":22,"column":13},"end":{"line":62,"column":null}}},"fnMap":{"0":{"name":"(anonymous_4)","decl":{"start":{"line":23,"column":2},"end":{"line":23,"column":31}},"loc":{"start":{"line":23,"column":57},"end":{"line":23,"column":61}}},"1":{"name":"(anonymous_5)","decl":{"start":{"line":27,"column":2},"end":{"line":27,"column":7}},"loc":{"start":{"line":27,"column":48},"end":{"line":30,"column":3}}},"2":{"name":"(anonymous_6)","decl":{"start":{"line":35,"column":2},"end":{"line":35,"column":7}},"loc":{"start":{"line":37,"column":34},"end":{"line":40,"column":3}}},"3":{"name":"(anonymous_7)","decl":{"start":{"line":44,"column":2},"end":{"line":44,"column":7}},"loc":{"start":{"line":44,"column":55},"end":{"line":46,"column":3}}},"4":{"name":"(anonymous_8)","decl":{"start":{"line":54,"column":2},"end":{"line":54,"column":7}},"loc":{"start":{"line":54,"column":92},"end":{"line":61,"column":3}}}},"branchMap":{},"s":{"0":1,"1":1,"2":1,"3":1,"4":1,"5":1,"6":0,"7":0,"8":0,"9":0,"10":0,"11":1,"12":1,"13":1,"14":1,"15":1,"16":1},"f":{"0":1,"1":0,"2":0,"3":0,"4":0},"b":{}}
,"/Users/andydo/Desktop/learning-english-ielts/backend/src/users/users.module.ts": {"path":"/Users/andydo/Desktop/learning-english-ielts/backend/src/users/users.module.ts","statementMap":{"0":{"start":{"line":1,"column":0},"end":{"line":1,"column":40}},"1":{"start":{"line":2,"column":0},"end":{"line":2,"column":47}},"2":{"start":{"line":3,"column":0},"end":{"line":3,"column":53}},"3":{"start":{"line":10,"column":7},"end":{"line":10,"column":null}},"4":{"start":{"line":10,"column":13},"end":{"line":10,"column":24}},"5":{"start":{"line":10,"column":13},"end":{"line":10,"column":null}}},"fnMap":{},"branchMap":{},"s":{"0":1,"1":1,"2":1,"3":1,"4":1,"5":1},"f":{},"b":{}}
,"/Users/andydo/Desktop/learning-english-ielts/backend/src/users/users.service.ts": {"path":"/Users/andydo/Desktop/learning-english-ielts/backend/src/users/users.service.ts","statementMap":{"0":{"start":{"line":1,"column":0},"end":{"line":1,"column":63}},"1":{"start":{"line":2,"column":0},"end":{"line":2,"column":57}},"2":{"start":{"line":4,"column":0},"end":{"line":4,"column":40}},"3":{"start":{"line":21,"column":7},"end":{"line":146,"column":null}},"4":{"start":{"line":22,"column":31},"end":{"line":22,"column":39}},"5":{"start":{"line":25,"column":4},"end":{"line":25,"column":64}},"6":{"start":{"line":29,"column":4},"end":{"line":29,"column":58}},"7":{"start":{"line":33,"column":4},"end":{"line":33,"column":50}},"8":{"start":{"line":37,"column":4},"end":{"line":37,"column":60}},"9":{"start":{"line":49,"column":25},"end":{"line":49,"column":47}},"10":{"start":{"line":50,"column":17},"end":{"line":50,"column":46}},"11":{"start":{"line":51,"column":19},"end":{"line":51,"column":34}},"12":{"start":{"line":53,"column":4},"end":{"line":137,"column":6}},"13":{"start":{"line":56,"column":27},"end":{"line":58,"column":10}},"14":{"start":{"line":60,"column":8},"end":{"line":70,"column":9}},"15":{"start":{"line":61,"column":23},"end":{"line":61,"column":74}},"16":{"start":{"line":62,"column":10},"end":{"line":64,"column":11}},"17":{"start":{"line":63,"column":12},"end":{"line":63,"column":58}},"18":{"start":{"line":65,"column":10},"end":{"line":69,"column":12}},"19":{"start":{"line":73,"column":8},"end":{"line":80,"column":9}},"20":{"start":{"line":74,"column":10},"end":{"line":77,"column":12}},"21":{"start":{"line":83,"column":21},"end":{"line":83,"column":72}},"22":{"start":{"line":84,"column":8},"end":{"line":86,"column":9}},"23":{"start":{"line":85,"column":10},"end":{"line":85,"column":56}},"24":{"start":{"line":89,"column":20},"end":{"line":89,"column":30}},"25":{"start":{"line":90,"column":33},"end":{"line":90,"column":54}},"26":{"start":{"line":92,"column":10},"end":{"line":93,"column":75}},"27":{"start":{"line":96,"column":10},"end":{"line":96,"column":93}},"28":{"start":{"line":97,"column":29},"end":{"line":97,"column":84}},"29":{"start":{"line":100,"column":28},"end":{"line":106,"column":10}},"30":{"start":{"line":108,"column":34},"end":{"line":126,"column":10}},"31":{"start":{"line":128,"column":8},"end":{"line":132,"column":10}},"32":{"start":{"line":141,"column":4},"end":{"line":144,"column":7}},"33":{"start":{"line":21,"column":13},"end":{"line":21,"column":25}},"34":{"start":{"line":21,"column":13},"end":{"line":146,"column":null}}},"fnMap":{"0":{"name":"(anonymous_2)","decl":{"start":{"line":22,"column":2},"end":{"line":22,"column":31}},"loc":{"start":{"line":22,"column":52},"end":{"line":22,"column":56}}},"1":{"name":"(anonymous_3)","decl":{"start":{"line":24,"column":2},"end":{"line":24,"column":7}},"loc":{"start":{"line":24,"column":39},"end":{"line":26,"column":3}}},"2":{"name":"(anonymous_4)","decl":{"start":{"line":28,"column":2},"end":{"line":28,"column":7}},"loc":{"start":{"line":28,"column":27},"end":{"line":30,"column":3}}},"3":{"name":"(anonymous_5)","decl":{"start":{"line":32,"column":2},"end":{"line":32,"column":7}},"loc":{"start":{"line":32,"column":33},"end":{"line":34,"column":3}}},"4":{"name":"(anonymous_6)","decl":{"start":{"line":36,"column":2},"end":{"line":36,"column":7}},"loc":{"start":{"line":36,"column":55},"end":{"line":38,"column":3}}},"5":{"name":"(anonymous_7)","decl":{"start":{"line":45,"column":2},"end":{"line":45,"column":7}},"loc":{"start":{"line":47,"column":26},"end":{"line":138,"column":3}}},"6":{"name":"(anonymous_8)","decl":{"start":{"line":54,"column":6},"end":{"line":54,"column":11}},"loc":{"start":{"line":54,"column":19},"end":{"line":133,"column":7}}},"7":{"name":"(anonymous_9)","decl":{"start":{"line":140,"column":2},"end":{"line":140,"column":7}},"loc":{"start":{"line":140,"column":40},"end":{"line":145,"column":3}}}},"branchMap":{"0":{"loc":{"start":{"line":49,"column":25},"end":{"line":49,"column":47}},"type":"binary-expr","locations":[{"start":{"line":49,"column":25},"end":{"line":49,"column":41}},{"start":{"line":49,"column":45},"end":{"line":49,"column":47}}]},"1":{"loc":{"start":{"line":50,"column":17},"end":{"line":50,"column":46}},"type":"binary-expr","locations":[{"start":{"line":50,"column":17},"end":{"line":50,"column":25}},{"start":{"line":50,"column":29},"end":{"line":50,"column":46}}]},"2":{"loc":{"start":{"line":51,"column":19},"end":{"line":51,"column":34}},"type":"binary-expr","locations":[{"start":{"line":51,"column":19},"end":{"line":51,"column":29}},{"start":{"line":51,"column":33},"end":{"line":51,"column":34}}]},"3":{"loc":{"start":{"line":60,"column":8},"end":{"line":70,"column":9}},"type":"if","locations":[{"start":{"line":60,"column":8},"end":{"line":70,"column":9}}]},"4":{"loc":{"start":{"line":60,"column":12},"end":{"line":60,"column":57}},"type":"binary-expr","locations":[{"start":{"line":60,"column":12},"end":{"line":60,"column":22}},{"start":{"line":60,"column":26},"end":{"line":60,"column":57}}]},"5":{"loc":{"start":{"line":62,"column":10},"end":{"line":64,"column":11}},"type":"if","locations":[{"start":{"line":62,"column":10},"end":{"line":64,"column":11}}]},"6":{"loc":{"start":{"line":84,"column":8},"end":{"line":86,"column":9}},"type":"if","locations":[{"start":{"line":84,"column":8},"end":{"line":86,"column":9}}]},"7":{"loc":{"start":{"line":92,"column":10},"end":{"line":93,"column":75}},"type":"binary-expr","locations":[{"start":{"line":92,"column":10},"end":{"line":92,"column":24}},{"start":{"line":93,"column":11},"end":{"line":93,"column":28}},{"start":{"line":93,"column":32},"end":{"line":93,"column":74}}]},"8":{"loc":{"start":{"line":96,"column":10},"end":{"line":96,"column":93}},"type":"cond-expr","locations":[{"start":{"line":96,"column":51},"end":{"line":96,"column":77}},{"start":{"line":96,"column":80},"end":{"line":96,"column":93}}]},"9":{"loc":{"start":{"line":96,"column":10},"end":{"line":96,"column":48}},"type":"binary-expr","locations":[{"start":{"line":96,"column":10},"end":{"line":96,"column":28}},{"start":{"line":96,"column":32},"end":{"line":96,"column":48}}]}},"s":{"0":1,"1":1,"2":1,"3":1,"4":1,"5":0,"6":0,"7":0,"8":0,"9":0,"10":0,"11":0,"12":0,"13":0,"14":0,"15":0,"16":0,"17":0,"18":0,"19":0,"20":0,"21":0,"22":0,"23":0,"24":0,"25":0,"26":0,"27":0,"28":0,"29":0,"30":0,"31":0,"32":0,"33":1,"34":1},"f":{"0":1,"1":0,"2":0,"3":0,"4":0,"5":0,"6":0,"7":0},"b":{"0":[0,0],"1":[0,0],"2":[0,0],"3":[0],"4":[0,0],"5":[0],"6":[0],"7":[0,0,0],"8":[0,0],"9":[0,0]}}
,"/Users/andydo/Desktop/learning-english-ielts/backend/src/users/dto/upgrade-account.dto.ts": {"path":"/Users/andydo/Desktop/learning-english-ielts/backend/src/users/dto/upgrade-account.dto.ts","statementMap":{"0":{"start":{"line":1,"column":0},"end":{"line":1,"column":79}},"1":{"start":{"line":3,"column":0},"end":{"line":3,"column":13}},"2":{"start":{"line":6,"column":2},"end":{"line":6,"column":null}},"3":{"start":{"line":10,"column":2},"end":{"line":10,"column":null}},"4":{"start":{"line":15,"column":2},"end":{"line":15,"column":null}},"5":{"start":{"line":20,"column":2},"end":{"line":20,"column":null}}},"fnMap":{},"branchMap":{},"s":{"0":1,"1":1,"2":1,"3":1,"4":1,"5":1},"f":{},"b":{}}
,"/Users/andydo/Desktop/learning-english-ielts/backend/src/users/dto/vietqr-webhook.dto.ts": {"path":"/Users/andydo/Desktop/learning-english-ielts/backend/src/users/dto/vietqr-webhook.dto.ts","statementMap":{"0":{"start":{"line":1,"column":0},"end":{"line":1,"column":79}},"1":{"start":{"line":3,"column":0},"end":{"line":3,"column":13}},"2":{"start":{"line":6,"column":2},"end":{"line":6,"column":null}},"3":{"start":{"line":10,"column":2},"end":{"line":10,"column":null}},"4":{"start":{"line":14,"column":2},"end":{"line":14,"column":null}},"5":{"start":{"line":19,"column":2},"end":{"line":19,"column":null}},"6":{"start":{"line":24,"column":2},"end":{"line":24,"column":null}}},"fnMap":{},"branchMap":{},"s":{"0":0,"1":0,"2":0,"3":0,"4":0,"5":0,"6":0},"f":{},"b":{}}
,"/Users/andydo/Desktop/learning-english-ielts/backend/src/videos/videos.controller.ts": {"path":"/Users/andydo/Desktop/learning-english-ielts/backend/src/videos/videos.controller.ts","statementMap":{"0":{"start":{"line":1,"column":0},"end":{"line":1,"column":null}},"1":{"start":{"line":13,"column":0},"end":{"line":13,"column":null}},"2":{"start":{"line":20,"column":0},"end":{"line":20,"column":45}},"3":{"start":{"line":22,"column":0},"end":{"line":22,"column":49}},"4":{"start":{"line":23,"column":0},"end":{"line":23,"column":61}},"5":{"start":{"line":24,"column":0},"end":{"line":24,"column":56}},"6":{"start":{"line":35,"column":7},"end":{"line":73,"column":null}},"7":{"start":{"line":36,"column":31},"end":{"line":36,"column":46}},"8":{"start":{"line":42,"column":4},"end":{"line":42,"column":58}},"9":{"start":{"line":51,"column":4},"end":{"line":51,"column":42}},"10":{"start":{"line":63,"column":4},"end":{"line":63,"column":61}},"11":{"start":{"line":71,"column":4},"end":{"line":71,"column":55}},"12":{"start":{"line":35,"column":13},"end":{"line":35,"column":29}},"13":{"start":{"line":41,"column":2},"end":{"line":43,"column":null}},"14":{"start":{"line":50,"column":2},"end":{"line":52,"column":null}},"15":{"start":{"line":62,"column":2},"end":{"line":64,"column":null}},"16":{"start":{"line":70,"column":2},"end":{"line":72,"column":null}},"17":{"start":{"line":35,"column":13},"end":{"line":73,"column":null}}},"fnMap":{"0":{"name":"(anonymous_4)","decl":{"start":{"line":36,"column":2},"end":{"line":36,"column":31}},"loc":{"start":{"line":36,"column":59},"end":{"line":36,"column":63}}},"1":{"name":"(anonymous_5)","decl":{"start":{"line":41,"column":2},"end":{"line":41,"column":9}},"loc":{"start":{"line":41,"column":33},"end":{"line":43,"column":3}}},"2":{"name":"(anonymous_6)","decl":{"start":{"line":50,"column":2},"end":{"line":50,"column":9}},"loc":{"start":{"line":50,"column":33},"end":{"line":52,"column":3}}},"3":{"name":"(anonymous_7)","decl":{"start":{"line":62,"column":2},"end":{"line":62,"column":13}},"loc":{"start":{"line":62,"column":66},"end":{"line":64,"column":3}}},"4":{"name":"(anonymous_8)","decl":{"start":{"line":70,"column":2},"end":{"line":70,"column":8}},"loc":{"start":{"line":70,"column":57},"end":{"line":72,"column":3}}}},"branchMap":{},"s":{"0":1,"1":1,"2":1,"3":1,"4":1,"5":1,"6":1,"7":1,"8":0,"9":0,"10":0,"11":0,"12":1,"13":1,"14":1,"15":1,"16":1,"17":1},"f":{"0":1,"1":0,"2":0,"3":0,"4":0},"b":{}}
,"/Users/andydo/Desktop/learning-english-ielts/backend/src/videos/videos.module.ts": {"path":"/Users/andydo/Desktop/learning-english-ielts/backend/src/videos/videos.module.ts","statementMap":{"0":{"start":{"line":1,"column":0},"end":{"line":1,"column":40}},"1":{"start":{"line":2,"column":0},"end":{"line":2,"column":55}},"2":{"start":{"line":3,"column":0},"end":{"line":3,"column":49}},"3":{"start":{"line":4,"column":0},"end":{"line":4,"column":55}},"4":{"start":{"line":11,"column":7},"end":{"line":11,"column":null}},"5":{"start":{"line":11,"column":13},"end":{"line":11,"column":25}},"6":{"start":{"line":11,"column":13},"end":{"line":11,"column":null}}},"fnMap":{},"branchMap":{},"s":{"0":1,"1":1,"2":1,"3":1,"4":1,"5":1,"6":1},"f":{},"b":{}}
,"/Users/andydo/Desktop/learning-english-ielts/backend/src/videos/videos.service.ts": {"path":"/Users/andydo/Desktop/learning-english-ielts/backend/src/videos/videos.service.ts","statementMap":{"0":{"start":{"line":1,"column":0},"end":{"line":1,"column":93}},"1":{"start":{"line":2,"column":0},"end":{"line":2,"column":57}},"2":{"start":{"line":14,"column":2},"end":{"line":14,"column":115}},"3":{"start":{"line":17,"column":7},"end":{"line":248,"column":null}},"4":{"start":{"line":18,"column":31},"end":{"line":18,"column":39}},"5":{"start":{"line":23,"column":4},"end":{"line":27,"column":7}},"6":{"start":{"line":31,"column":18},"end":{"line":34,"column":6}},"7":{"start":{"line":35,"column":4},"end":{"line":35,"column":63}},"8":{"start":{"line":35,"column":16},"end":{"line":35,"column":63}},"9":{"start":{"line":36,"column":4},"end":{"line":36,"column":17}},"10":{"start":{"line":40,"column":18},"end":{"line":42,"column":6}},"11":{"start":{"line":43,"column":4},"end":{"line":43,"column":63}},"12":{"start":{"line":43,"column":16},"end":{"line":43,"column":63}},"13":{"start":{"line":44,"column":4},"end":{"line":44,"column":54}},"14":{"start":{"line":45,"column":4},"end":{"line":45,"column":24}},"15":{"start":{"line":49,"column":56},"end":{"line":49,"column":59}},"16":{"start":{"line":51,"column":22},"end":{"line":51,"column":48}},"17":{"start":{"line":52,"column":4},"end":{"line":54,"column":5}},"18":{"start":{"line":53,"column":6},"end":{"line":53,"column":68}},"19":{"start":{"line":57,"column":21},"end":{"line":60,"column":6}},"20":{"start":{"line":61,"column":4},"end":{"line":61,"column":34}},"21":{"start":{"line":61,"column":18},"end":{"line":61,"column":34}},"22":{"start":{"line":63,"column":34},"end":{"line":66,"column":6}},"23":{"start":{"line":68,"column":4},"end":{"line":70,"column":5}},"24":{"start":{"line":69,"column":6},"end":{"line":69,"column":87}},"25":{"start":{"line":72,"column":22},"end":{"line":72,"column":60}},"26":{"start":{"line":74,"column":21},"end":{"line":74,"column":41}},"27":{"start":{"line":75,"column":26},"end":{"line":77,"column":9}},"28":{"start":{"line":79,"column":4},"end":{"line":98,"column":7}},"29":{"start":{"line":89,"column":43},"end":{"line":94,"column":12}},"30":{"start":{"line":104,"column":4},"end":{"line":112,"column":5}},"31":{"start":{"line":105,"column":16},"end":{"line":105,"column":28}},"32":{"start":{"line":106,"column":6},"end":{"line":106,"column":78}},"33":{"start":{"line":106,"column":37},"end":{"line":106,"column":78}},"34":{"start":{"line":107,"column":6},"end":{"line":107,"column":77}},"35":{"start":{"line":107,"column":45},"end":{"line":107,"column":77}},"36":{"start":{"line":108,"column":6},"end":{"line":108,"column":76}},"37":{"start":{"line":108,"column":44},"end":{"line":108,"column":76}},"38":{"start":{"line":109,"column":6},"end":{"line":109,"column":37}},"39":{"start":{"line":111,"column":6},"end":{"line":111,"column":18}},"40":{"start":{"line":116,"column":4},"end":{"line":129,"column":5}},"41":{"start":{"line":117,"column":18},"end":{"line":118,"column":null}},"42":{"start":{"line":120,"column":6},"end":{"line":126,"column":7}},"43":{"start":{"line":121,"column":22},"end":{"line":121,"column":38}},"44":{"start":{"line":122,"column":8},"end":{"line":125,"column":10}},"45":{"start":{"line":130,"column":4},"end":{"line":133,"column":6}},"46":{"start":{"line":137,"column":4},"end":{"line":147,"column":5}},"47":{"start":{"line":138,"column":18},"end":{"line":140,"column":8}},"48":{"start":{"line":141,"column":6},"end":{"line":141,"column":31}},"49":{"start":{"line":141,"column":19},"end":{"line":141,"column":31}},"50":{"start":{"line":143,"column":19},"end":{"line":143,"column":35}},"51":{"start":{"line":144,"column":6},"end":{"line":144,"column":53}},"52":{"start":{"line":146,"column":6},"end":{"line":146,"column":18}},"53":{"start":{"line":151,"column":19},"end":{"line":151,"column":47}},"54":{"start":{"line":152,"column":18},"end":{"line":152,"column":38}},"55":{"start":{"line":153,"column":4},"end":{"line":153,"column":34}},"56":{"start":{"line":153,"column":22},"end":{"line":153,"column":34}},"57":{"start":{"line":155,"column":22},"end":{"line":155,"column":43}},"58":{"start":{"line":156,"column":16},"end":{"line":156,"column":17}},"59":{"start":{"line":157,"column":18},"end":{"line":157,"column":27}},"60":{"start":{"line":158,"column":4},"end":{"line":167,"column":5}},"61":{"start":{"line":158,"column":17},"end":{"line":158,"column":26}},"62":{"start":{"line":159,"column":6},"end":{"line":166,"column":7}},"63":{"start":{"line":159,"column":27},"end":{"line":159,"column":35}},"64":{"start":{"line":160,"column":11},"end":{"line":166,"column":7}},"65":{"start":{"line":161,"column":8},"end":{"line":161,"column":16}},"66":{"start":{"line":162,"column":8},"end":{"line":165,"column":9}},"67":{"start":{"line":163,"column":10},"end":{"line":163,"column":26}},"68":{"start":{"line":164,"column":10},"end":{"line":164,"column":16}},"69":{"start":{"line":169,"column":4},"end":{"line":180,"column":5}},"70":{"start":{"line":170,"column":29},"end":{"line":170,"column":null}},"71":{"start":{"line":176,"column":8},"end":{"line":176,"column":80}},"72":{"start":{"line":177,"column":6},"end":{"line":177,"column":57}},"73":{"start":{"line":179,"column":6},"end":{"line":179,"column":18}},"74":{"start":{"line":184,"column":36},"end":{"line":184,"column":38}},"75":{"start":{"line":185,"column":15},"end":{"line":185,"column":65}},"76":{"start":{"line":187,"column":4},"end":{"line":200,"column":5}},"77":{"start":{"line":188,"column":19},"end":{"line":196,"column":15}},"78":{"start":{"line":197,"column":6},"end":{"line":199,"column":7}},"79":{"start":{"line":198,"column":8},"end":{"line":198,"column":75}},"80":{"star
[...]
,"/Users/andydo/Desktop/learning-english-ielts/backend/src/words/fsrs.ts": {"path":"/Users/andydo/Desktop/learning-english-ielts/backend/src/words/fsrs.ts","statementMap":{"0":{"start":{"line":95,"column":0},"end":{"line":95,"column":16}},"1":{"start":{"line":7,"column":13},"end":{"line":7,"column":71}},"2":{"start":{"line":33,"column":29},"end":{"line":37,"column":2}},"3":{"start":{"line":39,"column":26},"end":{"line":39,"column":29}},"4":{"start":{"line":40,"column":14},"end":{"line":40,"column":18}},"5":{"start":{"line":41,"column":15},"end":{"line":41,"column":43}},"6":{"start":{"line":42,"column":21},"end":{"line":42,"column":26}},"7":{"start":{"line":44,"column":14},"end":{"line":44,"column":82}},"8":{"start":{"line":44,"column":53},"end":{"line":44,"column":82}},"9":{"start":{"line":45,"column":22},"end":{"line":45,"column":60}},"10":{"start":{"line":45,"column":37},"end":{"line":45,"column":60}},"11":{"start":{"line":46,"column":23},"end":{"line":46,"column":87}},"12":{"start":{"line":46,"column":38},"end":{"line":46,"column":87}},"13":{"start":{"line":47,"column":22},"end":{"line":47,"column":91}},"14":{"start":{"line":47,"column":57},"end":{"line":47,"column":91}},"15":{"start":{"line":49,"column":23},"end":{"line":52,"column":1}},"16":{"start":{"line":50,"column":17},"end":{"line":50,"column":35}},"17":{"start":{"line":51,"column":2},"end":{"line":51,"column":64}},"18":{"start":{"line":54,"column":24},"end":{"line":67,"column":1}},"19":{"start":{"line":55,"column":22},"end":{"line":55,"column":41}},"20":{"start":{"line":56,"column":20},"end":{"line":56,"column":39}},"21":{"start":{"line":57,"column":2},"end":{"line":66,"column":4}},"22":{"start":{"line":69,"column":24},"end":{"line":70,"column":88}},"23":{"start":{"line":70,"column":2},"end":{"line":70,"column":88}},"24":{"start":{"line":72,"column":23},"end":{"line":73,"column":78}},"25":{"start":{"line":73,"column":2},"end":{"line":73,"column":78}},"26":{"start":{"line":75,"column":30},"end":{"line":78,"column":1}},"27":{"start":{"line":76,"column":15},"end":{"line":76,"column":82}},"28":{"start":{"line":77,"column":2},"end":{"line":77,"column":50}},"29":{"start":{"line":80,"column":16},"end":{"line":84,"column":1}},"30":{"start":{"line":81,"column":12},"end":{"line":81,"column":25}},"31":{"start":{"line":82,"column":2},"end":{"line":82,"column":32}},"32":{"start":{"line":83,"column":2},"end":{"line":83,"column":11}},"33":{"start":{"line":86,"column":19},"end":{"line":90,"column":1}},"34":{"start":{"line":87,"column":12},"end":{"line":87,"column":25}},"35":{"start":{"line":88,"column":2},"end":{"line":88,"column":38}},"36":{"start":{"line":89,"column":2},"end":{"line":89,"column":11}},"37":{"start":{"line":92,"column":51},"end":{"line":92,"column":78}},"38":{"start":{"line":93,"column":53},"end":{"line":93,"column":81}},"39":{"start":{"line":97,"column":4},"end":{"line":99,"column":71}},"40":{"start":{"line":101,"column":48},"end":{"line":101,"column":52}},"41":{"start":{"line":102,"column":21},"end":{"line":102,"column":31}},"42":{"start":{"line":104,"column":2},"end":{"line":116,"column":3}},"43":{"start":{"line":105,"column":4},"end":{"line":105,"column":40}},"44":{"start":{"line":106,"column":4},"end":{"line":106,"column":38}},"45":{"start":{"line":108,"column":14},"end":{"line":108,"column":48}},"46":{"start":{"line":109,"column":4},"end":{"line":114,"column":5}},"47":{"start":{"line":110,"column":6},"end":{"line":110,"column":60}},"48":{"start":{"line":111,"column":6},"end":{"line":111,"column":18}},"49":{"start":{"line":113,"column":6},"end":{"line":113,"column":68}},"50":{"start":{"line":115,"column":4},"end":{"line":115,"column":52}},"51":{"start":{"line":118,"column":2},"end":{"line":118,"column":12}},"52":{"start":{"line":123,"column":2},"end":{"line":157,"column":3}},"53":{"start":{"line":124,"column":4},"end":{"line":137,"column":5}},"54":{"start":{"line":125,"column":6},"end":{"line":125,"column":23}},"55":{"start":{"line":126,"column":6},"end":{"line":126,"column":55}},"56":{"start":{"line":127,"column":6},"end":{"line":127,"column":40}},"57":{"start":{"line":129,"column":6},"end":{"line":129,"column":25}},"58":{"start":{"line":130,"column":6},"end":{"line":130,"column":24}},"59":{"start":{"line":131,"column":6},"end":{"line":131,"column":56}},"60":{"start":{"line":132,"column":6},"end":{"line":136,"column":7}},"61":{"start":{"line":133,"column":8},"end":{"line":133,"column":25}},"62":{"start":{"line":134,"column":8},"end":{"line":134,"column":57}},"63":{"start":{"line":135,"column":8},"end":{"line":135,"column":42}},"64":{"start":{"line":138,"column":9},"end":{"line":157,"column":3}},"65":{"start":{"line":139,"column":4},"end":{"line":146,"column":5}},"66":{"start":{"line":140,"column":6},"end":{"line":140,"column":27}},"67":{"start":{"line":141,"column":6},"end":{"line":141,"column":24}},"68":{"start":{"line":142,"column":6},"end":{"line":142,"column":53}},"69":{"start":{"line":144,"column":6},"end":{"line":144,"column":55}},"70":{"start":{"line":145,"column":6},"end":{"line":145,"column":40}},"71":{"start":{"line":149,"column":4},"end":{"line":156,"column":5}},"72":{"start":{"line":150,"column":6},"end":{"line":150,"column":24}},"73":{"start":{"line":151,"column":6},"end":{"line":151,"column":53}},"74":{"start":{"line":153,"column":6},"end":{"line":153,"column":23}},"75":{"start":{"line":154,"column":6},"end":{"line":154,"column":55}},"76":{"start":{"line":155,"column":6},"end":{"line":155,"column":40}},"77":{"start":{"line":159,"column":2},"end":{"line":159,"column":115}}},"fnMap":{"0":{"name":"(anonymous_0)","decl":{"start":{"line":44,"column":14},"end":{"line":44,"column":15}},"loc":{"start":{"line":44,"column":53},"end":{"line":44,"column":82}}},"1":{"name":"(anonymous_1)","decl":{"start":{"line":45,"column":22},"end":{"line":45,"column":23}},"loc":{"start":{"line":45,"column":37},"end":{"line":45,"column":60}}},"2":{"name":"(anonymous_2)","decl":{"start":{"line":46,"column":23},"end":{"line":46,"column":24}},"loc":{"start":{"line":46,"column":38},"end":{"line":46,"column":87}}},"3":{"name":"(anonymous_3)","decl":{"start":{"line":47,"column":22},"end":{"line":47,"column":23}},"loc":{"start":{"line":47,"column":57},"end":{"line":47,"column":91}}},"4":{"name":"(anonymous_4)","decl":{"start":{"line":49,"column":23},"end":{"line":49,"column":24}},"loc":{"start":{"line":49,"column":48},"end":{"line":52,"column":1}}},"5":{"name":"(anonymous_5)","decl":{"start":{"line":54,"column":24},"end":{"line":54,"column":25}},"loc":{"start":{"line":54,"column":71},"end":{"line":67,"column":1}}},"6":{"name":"(anonymous_6)","decl":{"start":{"line":69,"column":24},"end":{"line":69,"column":25}},"loc":{"start":{"line":70,"column":2},"end":{"line":70,"column":88}}},"7":{"name":"(anonymous_7)","decl":{"start":{"line":72,"column":23},"end":{"line":72,"column":24}},"loc":{"start":{"line":73,"column":2},"end":{"line":73,"column":78}}},"8":{"name":"(anonymous_8)","decl":{"start":{"line":75,"column":30},"end":{"line":75,"column":31}},"loc":{"start":{"line":75,"column":52},"end":{"line":78,"column":1}}},"9":{"name":"(anonymous_9)","decl":{"start":{"line":80,"column":16},"end":{"line":80,"column":17}},"loc":{"start":{"line":80,"column":44},"end":{"line":84,"column":1}}},"10":{"name":"(anonymous_10)","decl":{"start":{"line":86,"column":19},"end":{"line":86,"column":20}},"loc":{"start":{"line":86,"column":47},"end":{"line":90,"column":1}}},"11":{"name":"schedule","decl":{"start":{"line":95,"column":16},"end":{"line":95,"column":24}},"loc":{"start":{"line":95,"column":83},"end":{"line":160,"column":1}}}},"branchMap":{"0":{"loc":{"start":{"line":55,"column":22},"end":{"line":55,"column":41}},"type":"cond-expr","locations":[{"start":{"line":55,"column":32},"end":{"line":55,"column":37}},{"start":{"line":55,"column":40},"end":{"line":55,"column":41}}]},"1":{"loc":{"start":{"line":56,"column":20},"end":{"line":56,"column":39}},"type":"cond-expr","locations":[{"start":{"line":56,"column":30},"end":{"line":56,"column":35}},{"start":{"line":56,"column":38},"end":{"line":56,"column":39}}]},"2":{"loc":{"start":{"line":73,"column":2},"end":{"line":73,"column":78}},"type":"cond-expr","locations":[{"start":{"line":73,"column":19},"end":{"line":73,"column":20}},{"start":{"line":73,"column":23},"end":{"line":73,"column":78}}]},"3":{"loc":{"start":{"line":95,"column":61},"end":{"line":95,"column":83}},"type":"default-arg","locations":[{"start":{"line":95,"column":73},"end":{"line":95,"column":83}}]},"4":{"loc":{"start":{"line":97,"column":4},"end":{"line":99,"column":71}},"type":"cond-expr","locations":[{"start":{"line":98,"column":8},"end":{"line":98,"column":9}},{"start":{"line":99,"column":8},"end":{"line":99,"column":71}}]},"5":{"loc":{"start":{"line":104,"column":2},"end":{"line":116,"column":3}},"type":"if","locations":[{"start":{"line":104,"column":2},"end":{"line":116,"column":3}},{"start":{"line":107,"column":9},"end":{"line":116,"column":3}}]},"6":{"loc":{"start":{"line":109,"column":4},"end":{"line":114,"column":5}},"type":"if","locations":[{"start":{"line":109,"column":4},"end":{"line":114,"column":5}},{"start":{"line":112,"column":11},"end":{"line":114,"column":5}}]},"7":{"loc":{"start":{"line":123,"column":2},"end":{"line":157,"column":3}},"type":"if","locations":[{"start":{"line":123,"column":2},"end":{"line":157,"column":3}},{"start":{"line":138,"column":9},"end":{"line":157,"column":3}}]},"8":{"loc":{"start":{"line":123,"column":6},"end":{"line":123,"column":45}},"type":"binary-expr","locations":[{"start":{"line":123,"column":6},"end":{"line":123,"column":21}},{"start":{"line":123,"column":25},"end":{"line":123,"column":45}}]},"9":{"loc":{"start":{"line":124,"column":4},"end":{"line":137,"column":5}},"type":"if","locations":[{"start":{"line":124,"column":4},"end":{"line":137,"column":5}},{"start":{"line":128,"column":11},"end":{"line":137,"column":5}}]},"10":{"loc":{"start":{"line":132,"column":6},"end":{"line":136,"column":7}},"type":"if","locations":[{"start":{"line":132,"column":6},"end":{"line":136,"column":7}}]},"11":{"loc":{"start":{"line":138,"column":9},"end":{"line":157,"column":3}},"type":"if","locations":[{"start":{"line":138,"column":9},"end":{"line":157,"column":3}},{"start":{"line":147,"column":9},"end":{"line":157,"column":3}}]},"12":{"loc":{"start":{"line":139,"column":4},"end":{"line":146,"column":5}},"type":"if","locations":[{"start":{"line":139,"column":4},"end":{"line":146,"column":5}},{"start":{"line":143,"column":11},"end":{"line":146,"column":5}}]},"13":{"loc":{"start":{"line":149,"column":4},"end":{"line":156,"column":5}},"type":"if","locations":[{"start":{"line":149,"column":4},"end":{"line":156,"column":5}},{"start":{"line":152,"column":11},"end":{"line":156,"column":5}}]}},"s":{"0":1,"1":1,"2":1,"3":1,"4":1,"5":1,"6":1,"7":1,"8":0,"9":1,"10":0,"11":1,"12":0,"13":1,"14":0,"15":1,"16":0,"17":0,"18":1,"19":0,"20":0,"21":0,"22":1,"23":0,"24":1,"25":0,"26":1,"27":0,"28":0,"29":1,"30":0,"31":0,"32":0,"33":1,"34":0,"35":0,"36":0,"37":1,"38":1,"39":0,"40":0,"41":0,"42":0,"43":0,"44":0,"45":0,"46":0,"47":0,"48":0,"49":0,"50":0,"51":0,"52":0,"53":0,"54":0,"55":0,"56":0,"57":0,"58":0,"59":0,"60":0,"61":0,"62":0,"63":0,"64":0,"65":0,"66":0,"67":0,"68":0,"69":0,"70":0,"71":0,"72":0,"73":0,"74":0,"75":0,"76":0,"77":0},"f":{"0":0,"1":0,"2":0,"3":0,"4":0,"5":0,"6":0,"7":0,"8":0,"9":0,"10":0,"11":0},"b":{"0":[0,0],"1":[0,0],"2":[0,0],"3":[0],"4":[0,0],"5":[0,0],"6":[0,0],"7":[0,0],"8":[0,0],"9":[0,0],"10":[0],"11":[0,0],"12":[0,0],"13":[0,0]}}
,"/Users/andydo/Desktop/learning-english-ielts/backend/src/words/words.controller.ts": {"path":"/Users/andydo/Desktop/learning-english-ielts/backend/src/words/words.controller.ts","statementMap":{"0":{"start":{"line":1,"column":0},"end":{"line":1,"column":null}},"1":{"start":{"line":12,"column":0},"end":{"line":12,"column":null}},"2":{"start":{"line":20,"column":0},"end":{"line":20,"column":47}},"3":{"start":{"line":21,"column":0},"end":{"line":21,"column":61}},"4":{"start":{"line":33,"column":7},"end":{"line":104,"column":null}},"5":{"start":{"line":34,"column":31},"end":{"line":34,"column":45}},"6":{"start":{"line":40,"column":4},"end":{"line":40,"column":51}},"7":{"start":{"line":63,"column":4},"end":{"line":63,"column":54}},"8":{"start":{"line":79,"column":4},"end":{"line":79,"column":61}},"9":{"start":{"line":102,"column":4},"end":{"line":102,"column":56}},"10":{"start":{"line":33,"column":13},"end":{"line":33,"column":28}},"11":{"start":{"line":39,"column":2},"end":{"line":41,"column":null}},"12":{"start":{"line":59,"column":2},"end":{"line":64,"column":null}},"13":{"start":{"line":78,"column":2},"end":{"line":80,"column":null}},"14":{"start":{"line":101,"column":2},"end":{"line":103,"column":null}},"15":{"start":{"line":33,"column":13},"end":{"line":104,"column":null}}},"fnMap":{"0":{"name":"(anonymous_4)","decl":{"start":{"line":34,"column":2},"end":{"line":34,"column":31}},"loc":{"start":{"line":34,"column":57},"end":{"line":34,"column":61}}},"1":{"name":"(anonymous_5)","decl":{"start":{"line":39,"column":2},"end":{"line":39,"column":9}},"loc":{"start":{"line":39,"column":33},"end":{"line":41,"column":3}}},"2":{"name":"(anonymous_6)","decl":{"start":{"line":59,"column":2},"end":{"line":59,"column":6}},"loc":{"start":{"line":61,"column":91},"end":{"line":64,"column":3}}},"3":{"name":"(anonymous_7)","decl":{"start":{"line":78,"column":2},"end":{"line":78,"column":8}},"loc":{"start":{"line":78,"column":64},"end":{"line":80,"column":3}}},"4":{"name":"(anonymous_8)","decl":{"start":{"line":101,"column":2},"end":{"line":101,"column":8}},"loc":{"start":{"line":101,"column":82},"end":{"line":103,"column":3}}}},"branchMap":{},"s":{"0":1,"1":1,"2":1,"3":1,"4":1,"5":1,"6":0,"7":0,"8":0,"9":0,"10":1,"11":1,"12":1,"13":1,"14":1,"15":1},"f":{"0":1,"1":0,"2":0,"3":0,"4":0},"b":{}}
,"/Users/andydo/Desktop/learning-english-ielts/backend/src/words/words.module.ts": {"path":"/Users/andydo/Desktop/learning-english-ielts/backend/src/words/words.module.ts","statementMap":{"0":{"start":{"line":1,"column":0},"end":{"line":1,"column":40}},"1":{"start":{"line":2,"column":0},"end":{"line":2,"column":53}},"2":{"start":{"line":3,"column":0},"end":{"line":3,"column":47}},"3":{"start":{"line":4,"column":0},"end":{"line":4,"column":55}},"4":{"start":{"line":11,"column":7},"end":{"line":11,"column":null}},"5":{"start":{"line":11,"column":13},"end":{"line":11,"column":24}},"6":{"start":{"line":11,"column":13},"end":{"line":11,"column":null}}},"fnMap":{},"branchMap":{},"s":{"0":1,"1":1,"2":1,"3":1,"4":1,"5":1,"6":1},"f":{},"b":{}}
,"/Users/andydo/Desktop/learning-english-ielts/backend/src/words/words.service.ts": {"path":"/Users/andydo/Desktop/learning-english-ielts/backend/src/words/words.service.ts","statementMap":{"0":{"start":{"line":1,"column":0},"end":{"line":1,"column":null}},"1":{"start":{"line":6,"column":0},"end":{"line":6,"column":57}},"2":{"start":{"line":7,"column":0},"end":{"line":7,"column":47}},"3":{"start":{"line":10,"column":7},"end":{"line":113,"column":null}},"4":{"start":{"line":11,"column":31},"end":{"line":11,"column":39}},"5":{"start":{"line":14,"column":4},"end":{"line":18,"column":7}},"6":{"start":{"line":25,"column":23},"end":{"line":25,"column":53}},"7":{"start":{"line":27,"column":4},"end":{"line":45,"column":7}},"8":{"start":{"line":49,"column":4},"end":{"line":51,"column":7}},"9":{"start":{"line":52,"column":4},"end":{"line":52,"column":24}},"10":{"start":{"line":56,"column":31},"end":{"line":56,"column":35}},"11":{"start":{"line":58,"column":4},"end":{"line":60,"column":5}},"12":{"start":{"line":59,"column":6},"end":{"line":59,"column":54}},"13":{"start":{"line":62,"column":17},"end":{"line":64,"column":6}},"14":{"start":{"line":65,"column":4},"end":{"line":65,"column":61}},"15":{"start":{"line":65,"column":15},"end":{"line":65,"column":61}},"16":{"start":{"line":67,"column":19},"end":{"line":79,"column":null}},"17":{"start":{"line":82,"column":22},"end":{"line":109,"column":6}},"18":{"start":{"line":111,"column":4},"end":{"line":111,"column":19}},"19":{"start":{"line":10,"column":13},"end":{"line":10,"column":25}},"20":{"start":{"line":10,"column":13},"end":{"line":113,"column":null}}},"fnMap":{"0":{"name":"(anonymous_2)","decl":{"start":{"line":11,"column":2},"end":{"line":11,"column":31}},"loc":{"start":{"line":11,"column":52},"end":{"line":11,"column":56}}},"1":{"name":"(anonymous_3)","decl":{"start":{"line":13,"column":2},"end":{"line":13,"column":7}},"loc":{"start":{"line":13,"column":30},"end":{"line":19,"column":3}}},"2":{"name":"(anonymous_4)","decl":{"start":{"line":21,"column":2},"end":{"line":21,"column":7}},"loc":{"start":{"line":23,"column":83},"end":{"line":46,"column":3}}},"3":{"name":"(anonymous_5)","decl":{"start":{"line":48,"column":2},"end":{"line":48,"column":7}},"loc":{"start":{"line":48,"column":43},"end":{"line":53,"column":3}}},"4":{"name":"(anonymous_6)","decl":{"start":{"line":55,"column":2},"end":{"line":55,"column":7}},"loc":{"start":{"line":55,"column":71},"end":{"line":112,"column":3}}}},"branchMap":{"0":{"loc":{"start":{"line":30,"column":12},"end":{"line":30,"column":67}},"type":"binary-expr","locations":[{"start":{"line":30,"column":12},"end":{"line":30,"column":38}},{"start":{"line":30,"column":42},"end":{"line":30,"column":67}}]},"1":{"loc":{"start":{"line":31,"column":12},"end":{"line":31,"column":67}},"type":"binary-expr","locations":[{"start":{"line":31,"column":12},"end":{"line":31,"column":38}},{"start":{"line":31,"column":42},"end":{"line":31,"column":67}}]},"2":{"loc":{"start":{"line":32,"column":12},"end":{"line":32,"column":76}},"type":"binary-expr","locations":[{"start":{"line":32,"column":12},"end":{"line":32,"column":41}},{"start":{"line":32,"column":45},"end":{"line":32,"column":76}}]},"3":{"loc":{"start":{"line":58,"column":4},"end":{"line":60,"column":5}},"type":"if","locations":[{"start":{"line":58,"column":4},"end":{"line":60,"column":5}}]},"4":{"loc":{"start":{"line":65,"column":4},"end":{"line":65,"column":61}},"type":"if","locations":[{"start":{"line":65,"column":4},"end":{"line":65,"column":61}}]}},"s":{"0":1,"1":1,"2":1,"3":1,"4":1,"5":0,"6":0,"7":0,"8":0,"9":0,"10":0,"11":0,"12":0,"13":0,"14":0,"15":0,"16":0,"17":0,"18":0,"19":1,"20":1},"f":{"0":1,"1":0,"2":0,"3":0,"4":0},"b":{"0":[0,0],"1":[0,0],"2":[0,0],"3":[0],"4":[0]}}
}
