TN:
SF:src/app.module.ts
FNF:0
FNH:0
DA:1,1
DA:2,1
DA:3,1
DA:4,1
DA:5,1
DA:6,1
DA:7,1
DA:8,1
DA:9,1
DA:10,1
DA:11,1
DA:12,1
DA:13,1
DA:41,1
LF:14
LH:14
BRF:0
BRH:0
end_of_record
TN:
SF:src/admin/admin.controller.ts
FN:21,(anonymous_4)
FN:24,(anonymous_5)
FN:29,(anonymous_6)
FN:34,(anonymous_7)
FN:42,(anonymous_8)
FN:48,(anonymous_9)
FN:53,(anonymous_10)
FN:58,(anonymous_11)
FNF:8
FNH:1
FNDA:1,(anonymous_4)
FNDA:0,(anonymous_5)
FNDA:0,(anonymous_6)
FNDA:0,(anonymous_7)
FNDA:0,(anonymous_8)
FNDA:0,(anonymous_9)
FNDA:0,(anonymous_10)
FNDA:0,(anonymous_11)
DA:1,1
DA:12,1
DA:13,1
DA:20,1
DA:21,1
DA:24,1
DA:25,0
DA:29,1
DA:30,0
DA:34,1
DA:38,0
DA:42,1
DA:43,0
DA:48,1
DA:49,0
DA:53,1
DA:54,0
DA:58,1
DA:59,0
LF:19
LH:12
BRF:0
BRH:0
end_of_record
TN:
SF:src/admin/admin.module.ts
FNF:0
FNH:0
DA:1,1
DA:2,1
DA:3,1
DA:4,1
DA:12,1
LF:5
LH:5
BRF:0
BRH:0
end_of_record
TN:
SF:src/admin/admin.service.ts
FN:12,(anonymous_2)
FN:14,(anonymous_3)
FN:44,(anonymous_4)
FN:70,(anonymous_5)
FN:82,(anonymous_6)
FN:108,(anonymous_7)
FN:119,(anonymous_8)
FN:120,(anonymous_9)
FN:162,(anonymous_10)
FN:173,(anonymous_11)
FNF:10
FNH:1
FNDA:1,(anonymous_2)
FNDA:0,(anonymous_3)
FNDA:0,(anonymous_4)
FNDA:0,(anonymous_5)
FNDA:0,(anonymous_6)
FNDA:0,(anonymous_7)
FNDA:0,(anonymous_8)
FNDA:0,(anonymous_9)
FNDA:0,(anonymous_10)
FNDA:0,(anonymous_11)
DA:1,1
DA:2,1
DA:11,1
DA:12,1
DA:16,0
DA:35,0
DA:45,0
DA:54,0
DA:71,0
DA:72,0
DA:73,0
DA:76,0
DA:83,0
DA:84,0
DA:85,0
DA:88,0
DA:89,0
DA:91,0
DA:94,0
DA:95,0
DA:96,0
DA:99,0
DA:109,0
DA:120,0
DA:121,0
DA:125,0
DA:126,0
DA:129,0
DA:130,0
DA:133,0
DA:138,0
DA:143,0
DA:146,0
DA:150,0
DA:158,0
DA:163,0
DA:174,0
DA:175,0
LF:38
LH:4
BRDA:39,0,0,0
BRDA:39,0,1,0
BRDA:45,1,0,0
BRDA:45,1,1,0
BRDA:72,2,0,0
BRDA:84,3,0,0
BRDA:89,4,0,0
BRDA:89,4,1,0
BRDA:89,5,0,0
BRDA:89,5,1,0
BRDA:91,6,0,0
BRDA:91,6,1,0
BRDA:91,7,0,0
BRDA:91,7,1,0
BRDA:95,8,0,0
BRDA:125,9,0,0
BRDA:129,10,0,0
BRDA:143,11,0,0
BRDA:143,11,1,0
BRDA:143,12,0,0
BRDA:143,12,1,0
BRDA:183,13,0,0
BRDA:183,13,1,0
BRF:23
BRH:0
end_of_record
TN:
SF:src/admin/dto/admin.dto.ts
FNF:0
FNH:0
DA:1,1
DA:10,1
DA:12,1
DA:14,1
DA:19,1
DA:22,1
DA:24,1
DA:27,1
DA:30,1
DA:33,1
DA:36,1
DA:40,1
DA:44,1
DA:48,1
DA:52,1
LF:15
LH:15
BRF:0
BRH:0
end_of_record
TN:
SF:src/auth/auth.controller.ts
FN:22,(anonymous_4)
FN:27,(anonymous_5)
FN:34,(anonymous_6)
FN:50,(anonymous_7)
FN:57,(anonymous_8)
FNF:5
FNH:3
FNDA:1,(anonymous_4)
FNDA:0,(anonymous_5)
FNDA:0,(anonymous_6)
FNDA:2,(anonymous_7)
FNDA:1,(anonymous_8)
DA:1,1
DA:11,1
DA:12,1
DA:13,1
DA:21,1
DA:22,1
DA:27,1
DA:34,1
DA:35,0
DA:36,0
DA:38,0
DA:44,0
DA:50,1
DA:51,2
DA:57,1
DA:58,1
DA:59,1
LF:17
LH:13
BRDA:36,0,0,0
BRDA:36,0,1,0
BRF:2
BRH:0
end_of_record
TN:
SF:src/auth/auth.module.ts
FN:16,(anonymous_1)
FNF:1
FNH:1
FNDA:1,(anonymous_1)
DA:1,1
DA:2,1
DA:3,1
DA:4,1
DA:5,1
DA:6,1
DA:7,1
DA:8,1
DA:9,1
DA:16,1
DA:26,1
LF:11
LH:11
BRDA:17,0,0,1
BRDA:17,0,1,0
BRDA:18,1,0,1
BRDA:18,1,1,0
BRF:4
BRH:2
end_of_record
TN:
SF:src/auth/auth.service.ts
FN:8,(anonymous_2)
FN:13,(anonymous_3)
FN:37,(anonymous_4)
FN:42,(anonymous_5)
FNF:4
FNH:2
FNDA:1,(anonymous_2)
FNDA:0,(anonymous_3)
FNDA:3,(anonymous_4)
FNDA:0,(anonymous_5)
DA:1,1
DA:2,1
DA:3,1
DA:7,1
DA:9,1
DA:10,1
DA:14,0
DA:15,0
DA:16,0
DA:17,0
DA:19,0
DA:21,0
DA:22,0
DA:24,0
DA:27,0
DA:38,3
DA:39,3
DA:43,0
DA:44,0
DA:45,0
LF:20
LH:8
BRDA:17,0,0,0
BRDA:17,0,1,0
BRDA:21,1,0,0
BRDA:21,1,1,0
BRDA:33,2,0,0
BRDA:33,2,1,0
BRDA:44,3,0,0
BRDA:51,4,0,0
BRDA:51,4,1,0
BRF:9
BRH:0
end_of_record
TN:
SF:src/auth/roles.enum.ts
FN:1,(anonymous_0)
FNF:1
FNH:1
FNDA:1,(anonymous_0)
DA:1,1
DA:2,1
DA:3,1
LF:3
LH:3
BRDA:1,0,0,1
BRDA:1,0,1,1
BRF:2
BRH:2
end_of_record
TN:
SF:src/auth/decorators/roles.decorator.ts
FN:14,(anonymous_0)
FNF:1
FNH:0
FNDA:0,(anonymous_0)
DA:1,1
DA:4,1
DA:14,1
LF:3
LH:3
BRF:0
BRH:0
end_of_record
TN:
SF:src/auth/guards/google-auth.guard.ts
FNF:0
FNH:0
DA:1,1
DA:2,1
DA:5,1
LF:3
LH:3
BRF:0
BRH:0
end_of_record
TN:
SF:src/auth/guards/jwt-auth.guard.ts
FNF:0
FNH:0
DA:1,1
DA:2,1
DA:5,1
LF:3
LH:3
BRF:0
BRH:0
end_of_record
TN:
SF:src/auth/guards/roles.guard.ts
FN:13,(anonymous_2)
FN:15,(anonymous_3)
FN:32,(anonymous_4)
FNF:3
FNH:1
FNDA:1,(anonymous_2)
FNDA:0,(anonymous_3)
FNDA:0,(anonymous_4)
DA:1,1
DA:7,1
DA:8,1
DA:12,1
DA:13,1
DA:16,0
DA:21,0
DA:22,0
DA:25,0
DA:26,0
DA:28,0
DA:29,0
DA:32,0
DA:33,0
DA:34,0
DA:37,0
LF:16
LH:5
BRDA:21,0,0,0
BRDA:21,1,0,0
BRDA:21,1,1,0
BRDA:28,2,0,0
BRDA:28,3,0,0
BRDA:28,3,1,0
BRDA:33,4,0,0
BRF:7
BRH:0
end_of_record
TN:
SF:src/auth/strategies/google.strategy.ts
FN:9,(anonymous_2)
FN:18,(anonymous_3)
FNF:2
FNH:1
FNDA:1,(anonymous_2)
FNDA:0,(anonymous_3)
DA:1,1
DA:2,1
DA:3,1
DA:4,1
DA:8,1
DA:9,1
DA:10,1
DA:23,0
LF:8
LH:7
BRDA:13,0,0,1
BRDA:13,0,1,0
BRF:2
BRH:1
end_of_record
TN:
SF:src/auth/strategies/jwt.strategy.ts
FN:9,(anonymous_2)
FN:12,(anonymous_3)
FN:19,(anonymous_4)
FNF:3
FNH:3
FNDA:1,(anonymous_2)
FNDA:5,(anonymous_3)
FNDA:3,(anonymous_4)
DA:1,1
DA:2,1
DA:3,1
DA:4,1
DA:8,1
DA:9,1
DA:10,1
DA:12,5
DA:20,3
DA:21,3
DA:22,2
LF:11
LH:11
BRDA:12,0,0,5
BRDA:12,0,1,2
BRDA:15,1,0,1
BRDA:15,1,1,0
BRDA:21,2,0,1
BRF:5
BRH:4
end_of_record
TN:
SF:src/common/decorators/skip-transform.decorator.ts
FN:13,(anonymous_0)
FNF:1
FNH:0
FNDA:0,(anonymous_0)
DA:1,0
DA:12,0
DA:13,0
LF:3
LH:0
BRF:0
BRH:0
end_of_record
TN:
SF:src/common/filters/http-exception.filter.ts
FN:23,(anonymous_1)
FNF:1
FNH:0
FNDA:0,(anonymous_1)
DA:1,0
DA:22,0
DA:24,0
DA:25,0
DA:26,0
DA:28,0
DA:29,0
DA:33,0
DA:34,0
DA:36,0
DA:37,0
DA:39,0
DA:40,0
DA:41,0
DA:42,0
DA:43,0
DA:44,0
DA:46,0
DA:48,0
DA:49,0
DA:54,0
DA:55,0
DA:58,0
LF:23
LH:0
BRDA:29,0,0,0
BRDA:29,0,1,0
BRDA:36,1,0,0
BRDA:36,1,1,0
BRDA:39,2,0,0
BRDA:39,2,1,0
BRDA:41,3,0,0
BRDA:41,4,0,0
BRDA:41,4,1,0
BRDA:43,5,0,0
BRDA:43,5,1,0
BRDA:44,6,0,0
BRDA:44,6,1,0
BRDA:46,7,0,0
BRDA:48,8,0,0
BRDA:54,9,0,0
BRDA:54,10,0,0
BRDA:54,10,1,0
BRDA:55,11,0,0
BRDA:55,11,1,0
BRF:20
BRH:0
end_of_record
TN:
SF:src/common/interceptors/transform.interceptor.ts
FN:31,(anonymous_2)
FN:33,(anonymous_3)
FN:47,(anonymous_4)
FNF:3
FNH:0
FNDA:0,(anonymous_2)
FNDA:0,(anonymous_3)
FNDA:0,(anonymous_4)
DA:1,0
DA:7,0
DA:9,0
DA:10,0
DA:28,0
DA:31,0
DA:37,0
DA:42,0
DA:44,0
DA:46,0
DA:47,0
LF:11
LH:0
BRDA:42,0,0,0
BRF:1
BRH:0
end_of_record
TN:
SF:src/prisma/prisma.module.ts
FNF:0
FNH:0
DA:1,1
DA:2,1
DA:9,1
LF:3
LH:3
BRF:0
BRH:0
end_of_record
TN:
SF:src/prisma/prisma.service.ts
FN:6,(anonymous_1)
FN:10,(anonymous_2)
FNF:2
FNH:0
FNDA:0,(anonymous_1)
FNDA:0,(anonymous_2)
DA:1,1
DA:2,1
DA:5,1
DA:7,0
DA:11,0
LF:5
LH:3
BRF:0
BRH:0
end_of_record
TN:
SF:src/progress/progress.controller.ts
FN:24,(anonymous_4)
FN:30,(anonymous_5)
FN:51,(anonymous_6)
FNF:3
FNH:1
FNDA:1,(anonymous_4)
FNDA:0,(anonymous_5)
FNDA:0,(anonymous_6)
DA:1,1
DA:2,1
DA:11,1
DA:12,1
DA:23,1
DA:24,1
DA:30,1
DA:31,0
DA:32,0
DA:34,0
DA:51,1
DA:55,0
LF:12
LH:8
BRDA:31,0,0,0
BRF:1
BRH:0
end_of_record
TN:
SF:src/progress/progress.module.ts
FNF:0
FNH:0
DA:1,1
DA:2,1
DA:3,1
DA:4,1
DA:11,1
LF:5
LH:5
BRF:0
BRH:0
end_of_record
TN:
SF:src/progress/progress.service.ts
FN:6,(anonymous_2)
FN:8,(anonymous_3)
FN:18,(anonymous_4)
FN:25,(anonymous_5)
FNF:4
FNH:1
FNDA:1,(anonymous_2)
FNDA:0,(anonymous_3)
FNDA:0,(anonymous_4)
FNDA:0,(anonymous_5)
DA:1,1
DA:2,1
DA:5,1
DA:6,1
DA:9,0
DA:19,0
DA:22,0
DA:29,0
DA:30,0
LF:9
LH:4
BRDA:22,0,0,0
BRDA:22,0,1,0
BRDA:35,1,0,0
BRDA:35,1,1,0
BRDA:42,2,0,0
BRDA:42,2,1,0
BRF:6
BRH:0
end_of_record
TN:
SF:src/speaking/speaking.controller.ts
FN:27,(anonymous_4)
FN:63,(anonymous_5)
FNF:2
FNH:1
FNDA:1,(anonymous_4)
FNDA:0,(anonymous_5)
DA:1,1
DA:11,1
DA:19,1
DA:20,1
DA:26,1
DA:27,1
DA:63,1
DA:67,0
DA:73,0
DA:74,0
DA:76,0
DA:77,0
DA:78,0
DA:79,0
DA:80,0
DA:81,0
DA:84,0
LF:17
LH:7
BRDA:80,0,0,0
BRF:1
BRH:0
end_of_record
TN:
SF:src/speaking/speaking.module.ts
FNF:0
FNH:0
DA:1,1
DA:2,1
DA:3,1
DA:9,1
LF:4
LH:4
BRF:0
BRH:0
end_of_record
TN:
SF:src/speaking/speaking.service.ts
FN:20,(anonymous_1)
FN:45,(anonymous_2)
FNF:2
FNH:0
FNDA:0,(anonymous_1)
FNDA:0,(anonymous_2)
DA:1,1
DA:2,1
DA:4,1
DA:19,1
DA:25,0
DA:27,0
DA:29,0
DA:30,0
DA:35,0
DA:37,0
DA:44,0
DA:46,0
DA:47,0
DA:48,0
DA:52,0
DA:55,0
DA:57,0
LF:17
LH:4
BRDA:27,0,0,0
BRDA:27,0,1,0
BRDA:27,1,0,0
BRDA:27,1,1,0
BRDA:29,2,0,0
BRDA:48,3,0,0
BRDA:49,4,0,0
BRDA:49,4,1,0
BRF:8
BRH:0
end_of_record
TN:
SF:src/transcript/transcript.controller.ts
FN:13,(anonymous_4)
FN:23,(anonymous_5)
FNF:2
FNH:1
FNDA:1,(anonymous_4)
FNDA:0,(anonymous_5)
DA:1,1
DA:2,1
DA:8,1
DA:12,1
DA:13,1
DA:23,1
DA:27,0
DA:28,0
DA:31,0
DA:32,0
DA:34,0
DA:35,0
DA:36,0
LF:13
LH:6
BRDA:25,0,0,0
BRDA:27,1,0,0
BRDA:34,2,0,0
BRDA:34,2,1,0
BRDA:35,3,0,0
BRDA:35,3,1,0
BRF:6
BRH:0
end_of_record
TN:
SF:src/transcript/transcript.module.ts
FNF:0
FNH:0
DA:1,1
DA:2,1
DA:3,1
DA:9,1
LF:4
LH:4
BRF:0
BRH:0
end_of_record
TN:
SF:src/transcript/transcript.service.ts
FN:16,(anonymous_1)
FN:20,(anonymous_2)
FN:27,(anonymous_3)
FNF:3
FNH:0
FNDA:0,(anonymous_1)
FNDA:0,(anonymous_2)
FNDA:0,(anonymous_3)
DA:1,1
DA:2,1
DA:11,1
DA:12,1
DA:15,1
DA:17,0
DA:19,0
DA:20,0
DA:27,0
DA:28,0
DA:29,0
DA:32,0
LF:12
LH:5
BRDA:17,0,0,0
BRDA:17,0,1,0
BRDA:24,1,0,0
BRDA:24,1,1,0
BRDA:28,2,0,0
BRF:5
BRH:0
end_of_record
TN:
SF:src/users/users.controller.ts
FN:23,(anonymous_4)
FN:27,(anonymous_5)
FN:35,(anonymous_6)
FN:44,(anonymous_7)
FN:54,(anonymous_8)
FNF:5
FNH:1
FNDA:1,(anonymous_4)
FNDA:0,(anonymous_5)
FNDA:0,(anonymous_6)
FNDA:0,(anonymous_7)
FNDA:0,(anonymous_8)
DA:1,1
DA:12,1
DA:13,1
DA:14,1
DA:22,1
DA:23,1
DA:27,1
DA:28,0
DA:29,0
DA:35,1
DA:39,0
DA:44,1
DA:45,0
DA:54,1
DA:55,0
LF:15
LH:10
BRF:0
BRH:0
end_of_record
TN:
SF:src/users/users.module.ts
FNF:0
FNH:0
DA:1,1
DA:2,1
DA:3,1
DA:10,1
LF:4
LH:4
BRF:0
BRH:0
end_of_record
TN:
SF:src/users/users.service.ts
FN:22,(anonymous_2)
FN:24,(anonymous_3)
FN:28,(anonymous_4)
FN:32,(anonymous_5)
FN:36,(anonymous_6)
FN:45,(anonymous_7)
FN:54,(anonymous_8)
FN:140,(anonymous_9)
FNF:8
FNH:1
FNDA:1,(anonymous_2)
FNDA:0,(anonymous_3)
FNDA:0,(anonymous_4)
FNDA:0,(anonymous_5)
FNDA:0,(anonymous_6)
FNDA:0,(anonymous_7)
FNDA:0,(anonymous_8)
FNDA:0,(anonymous_9)
DA:1,1
DA:2,1
DA:4,1
DA:21,1
DA:22,1
DA:25,0
DA:29,0
DA:33,0
DA:37,0
DA:49,0
DA:50,0
DA:51,0
DA:53,0
DA:56,0
DA:60,0
DA:61,0
DA:62,0
DA:63,0
DA:65,0
DA:73,0
DA:74,0
DA:83,0
DA:84,0
DA:85,0
DA:89,0
DA:90,0
DA:92,0
DA:96,0
DA:97,0
DA:100,0
DA:108,0
DA:128,0
DA:141,0
LF:33
LH:5
BRDA:49,0,0,0
BRDA:49,0,1,0
BRDA:50,1,0,0
BRDA:50,1,1,0
BRDA:51,2,0,0
BRDA:51,2,1,0
BRDA:60,3,0,0
BRDA:60,4,0,0
BRDA:60,4,1,0
BRDA:62,5,0,0
BRDA:84,6,0,0
BRDA:92,7,0,0
BRDA:92,7,1,0
BRDA:92,7,2,0
BRDA:96,8,0,0
BRDA:96,8,1,0
BRDA:96,9,0,0
BRDA:96,9,1,0
BRF:18
BRH:0
end_of_record
TN:
SF:src/users/dto/upgrade-account.dto.ts
FNF:0
FNH:0
DA:1,1
DA:3,1
DA:6,1
DA:10,1
DA:15,1
DA:20,1
LF:6
LH:6
BRF:0
BRH:0
end_of_record
TN:
SF:src/users/dto/vietqr-webhook.dto.ts
FNF:0
FNH:0
DA:1,0
DA:3,0
DA:6,0
DA:10,0
DA:14,0
DA:19,0
DA:24,0
LF:7
LH:0
BRF:0
BRH:0
end_of_record
TN:
SF:src/videos/videos.controller.ts
FN:36,(anonymous_4)
FN:41,(anonymous_5)
FN:50,(anonymous_6)
FN:62,(anonymous_7)
FN:70,(anonymous_8)
FNF:5
FNH:1
FNDA:1,(anonymous_4)
FNDA:0,(anonymous_5)
FNDA:0,(anonymous_6)
FNDA:0,(anonymous_7)
FNDA:0,(anonymous_8)
DA:1,1
DA:13,1
DA:20,1
DA:22,1
DA:23,1
DA:24,1
DA:35,1
DA:36,1
DA:41,1
DA:42,0
DA:50,1
DA:51,0
DA:62,1
DA:63,0
DA:70,1
DA:71,0
LF:16
LH:12
BRF:0
BRH:0
end_of_record
TN:
SF:src/videos/videos.module.ts
FNF:0
FNH:0
DA:1,1
DA:2,1
DA:3,1
DA:4,1
DA:11,1
LF:5
LH:5
BRF:0
BRH:0
end_of_record
TN:
SF:src/videos/videos.service.ts
FN:18,(anonymous_2)
FN:22,(anonymous_3)
FN:30,(anonymous_4)
FN:39,(anonymous_5)
FN:48,(anonymous_6)
FN:89,(anonymous_7)
FN:103,(anonymous_8)
FN:115,(anonymous_9)
FN:136,(anonymous_10)
FN:150,(anonymous_11)
FN:183,(anonymous_12)
FN:204,(anonymous_13)
FN:209,(anonymous_14)
FN:210,(anonymous_15)
FN:223,(anonymous_16)
FNF:15
FNH:1
FNDA:1,(anonymous_2)
FNDA:0,(anonymous_3)
FNDA:0,(anonymous_4)
FNDA:0,(anonymous_5)
FNDA:0,(anonymous_6)
FNDA:0,(anonymous_7)
FNDA:0,(anonymous_8)
FNDA:0,(anonymous_9)
FNDA:0,(anonymous_10)
FNDA:0,(anonymous_11)
FNDA:0,(anonymous_12)
FNDA:0,(anonymous_13)
FNDA:0,(anonymous_14)
FNDA:0,(anonymous_15)
FNDA:0,(anonymous_16)
DA:1,1
DA:2,1
DA:14,1
DA:17,1
DA:18,1
DA:23,0
DA:31,0
DA:35,0
DA:36,0
DA:40,0
DA:43,0
DA:44,0
DA:45,0
DA:49,0
DA:51,0
DA:52,0
DA:53,0
DA:57,0
DA:61,0
DA:63,0
DA:68,0
DA:69,0
DA:72,0
DA:74,0
DA:75,0
DA:79,0
DA:89,0
DA:104,0
DA:105,0
DA:106,0
DA:107,0
DA:108,0
DA:109,0
DA:111,0
DA:116,0
DA:117,0
DA:120,0
DA:121,0
DA:122,0
DA:130,0
DA:137,0
DA:138,0
DA:141,0
DA:143,0
DA:144,0
DA:146,0
DA:151,0
DA:152,0
DA:153,0
DA:155,0
DA:156,0
DA:157,0
DA:158,0
DA:159,0
DA:160,0
DA:161,0
DA:162,0
DA:163,0
DA:164,0
DA:169,0
DA:170,0
DA:176,0
DA:177,0
DA:179,0
DA:184,0
DA:185,0
DA:187,0
DA:188,0
DA:197,0
DA:198,0
DA:201,0
DA:205,0
DA:206,0
DA:209,0
DA:210,0
DA:213,0
DA:216,0
DA:218,0
DA:219,0
DA:220,0
DA:226,0
DA:227,0
DA:228,0
DA:230,0
DA:231,0
DA:232,0
DA:233,0
DA:235,0
DA:236,0
DA:237,0
DA:241,0
DA:242,0
DA:243,0
DA:246,0
LF:94
LH:5
BRDA:35,0,0,0
BRDA:43,1,0,0
BRDA:49,2,0,0
BRDA:49,3,0,0
BRDA:52,4,0,0
BRDA:61,5,0,0
BRDA:68,6,0,0
BRDA:68,7,0,0
BRDA:68,7,1,0
BRDA:75,8,0,0
BRDA:75,8,1,0
BRDA:106,9,0,0
BRDA:107,10,0,0
BRDA:108,11,0,0
BRDA:120,12,0,0
BRDA:141,13,0,0
BRDA:153,14,0,0
BRDA:159,15,0,0
BRDA:159,15,1,0
BRDA:160,16,0,0
BRDA:162,17,0,0
BRDA:177,18,0,0
BRDA:177,18,1,0
BRDA:177,19,0,0
BRDA:177,19,1,0
BRDA:197,20,0,0
BRDA:206,21,0,0
BRDA:209,22,0,0
BRDA:209,22,1,0
BRDA:209,22,2,0
BRDA:216,23,0,0
BRDA:220,24,0,0
BRDA:220,24,1,0
BRDA:231,25,0,0
BRDA:232,26,0,0
BRDA:232,26,1,0
BRDA:235,27,0,0
BRDA:235,28,0,0
BRDA:235,28,1,0
BRDA:241,29,0,0
BRF:40
BRH:0
end_of_record
TN:
SF:src/videos/dto/create-video.dto.ts
FNF:0
FNH:0
DA:1,1
DA:2,1
DA:4,1
DA:5,1
DA:7,1
DA:10,1
DA:15,1
DA:20,1
DA:23,1
DA:26,1
DA:31,1
DA:36,1
DA:41,1
DA:44,1
DA:47,1
DA:50,1
DA:53,1
DA:57,1
DA:60,1
DA:63,1
DA:66,1
DA:69,1
DA:72,1
DA:77,1
DA:81,1
DA:86,1
LF:26
LH:26
BRF:0
BRH:0
end_of_record
TN:
SF:src/words/fsrs.ts
FN:44,(anonymous_0)
FN:45,(anonymous_1)
FN:46,(anonymous_2)
FN:47,(anonymous_3)
FN:49,(anonymous_4)
FN:54,(anonymous_5)
FN:69,(anonymous_6)
FN:72,(anonymous_7)
FN:75,(anonymous_8)
FN:80,(anonymous_9)
FN:86,(anonymous_10)
FN:95,schedule
FNF:12
FNH:0
FNDA:0,(anonymous_0)
FNDA:0,(anonymous_1)
FNDA:0,(anonymous_2)
FNDA:0,(anonymous_3)
FNDA:0,(anonymous_4)
FNDA:0,(anonymous_5)
FNDA:0,(anonymous_6)
FNDA:0,(anonymous_7)
FNDA:0,(anonymous_8)
FNDA:0,(anonymous_9)
FNDA:0,(anonymous_10)
FNDA:0,schedule
DA:7,1
DA:33,1
DA:39,1
DA:40,1
DA:41,1
DA:42,1
DA:44,1
DA:45,1
DA:46,1
DA:47,1
DA:49,1
DA:50,0
DA:51,0
DA:54,1
DA:55,0
DA:56,0
DA:57,0
DA:69,1
DA:70,0
DA:72,1
DA:73,0
DA:75,1
DA:76,0
DA:77,0
DA:80,1
DA:81,0
DA:82,0
DA:83,0
DA:86,1
DA:87,0
DA:88,0
DA:89,0
DA:92,1
DA:93,1
DA:95,1
DA:97,0
DA:101,0
DA:102,0
DA:104,0
DA:105,0
DA:106,0
DA:108,0
DA:109,0
DA:110,0
DA:111,0
DA:113,0
DA:115,0
DA:118,0
DA:123,0
DA:124,0
DA:125,0
DA:126,0
DA:127,0
DA:129,0
DA:130,0
DA:131,0
DA:132,0
DA:133,0
DA:134,0
DA:135,0
DA:138,0
DA:139,0
DA:140,0
DA:141,0
DA:142,0
DA:144,0
DA:145,0
DA:149,0
DA:150,0
DA:151,0
DA:153,0
DA:154,0
DA:155,0
DA:159,0
LF:74
LH:20
BRDA:55,0,0,0
BRDA:55,0,1,0
BRDA:56,1,0,0
BRDA:56,1,1,0
BRDA:73,2,0,0
BRDA:73,2,1,0
BRDA:95,3,0,0
BRDA:97,4,0,0
BRDA:97,4,1,0
BRDA:104,5,0,0
BRDA:104,5,1,0
BRDA:109,6,0,0
BRDA:109,6,1,0
BRDA:123,7,0,0
BRDA:123,7,1,0
BRDA:123,8,0,0
BRDA:123,8,1,0
BRDA:124,9,0,0
BRDA:124,9,1,0
BRDA:132,10,0,0
BRDA:138,11,0,0
BRDA:138,11,1,0
BRDA:139,12,0,0
BRDA:139,12,1,0
BRDA:149,13,0,0
BRDA:149,13,1,0
BRF:26
BRH:0
end_of_record
TN:
SF:src/words/words.controller.ts
FN:34,(anonymous_4)
FN:39,(anonymous_5)
FN:59,(anonymous_6)
FN:78,(anonymous_7)
FN:101,(anonymous_8)
FNF:5
FNH:1
FNDA:1,(anonymous_4)
FNDA:0,(anonymous_5)
FNDA:0,(anonymous_6)
FNDA:0,(anonymous_7)
FNDA:0,(anonymous_8)
DA:1,1
DA:12,1
DA:20,1
DA:21,1
DA:33,1
DA:34,1
DA:39,1
DA:40,0
DA:59,1
DA:63,0
DA:78,1
DA:79,0
DA:101,1
DA:102,0
LF:14
LH:10
BRF:0
BRH:0
end_of_record
TN:
SF:src/words/words.module.ts
FNF:0
FNH:0
DA:1,1
DA:2,1
DA:3,1
DA:4,1
DA:11,1
LF:5
LH:5
BRF:0
BRH:0
end_of_record
TN:
SF:src/words/words.service.ts
FN:11,(anonymous_2)
FN:13,(anonymous_3)
FN:21,(anonymous_4)
FN:48,(anonymous_5)
FN:55,(anonymous_6)
FNF:5
FNH:1
FNDA:1,(anonymous_2)
FNDA:0,(anonymous_3)
FNDA:0,(anonymous_4)
FNDA:0,(anonymous_5)
FNDA:0,(anonymous_6)
DA:1,1
DA:6,1
DA:7,1
DA:10,1
DA:11,1
DA:14,0
DA:25,0
DA:27,0
DA:49,0
DA:52,0
DA:56,0
DA:58,0
DA:59,0
DA:62,0
DA:65,0
DA:67,0
DA:82,0
DA:111,0
LF:18
LH:5
BRDA:30,0,0,0
BRDA:30,0,1,0
BRDA:31,1,0,0
BRDA:31,1,1,0
BRDA:32,2,0,0
BRDA:32,2,1,0
BRDA:58,3,0,0
BRDA:65,4,0,0
BRF:8
BRH:0
end_of_record
