{"/Users/andydo/Desktop/learning-english-ielts/backend/src/admin/admin.controller.ts": {"path":"/Users/andydo/Desktop/learning-english-ielts/backend/src/admin/admin.controller.ts","statementMap":{"0":{"start":{"line":1,"column":0},"end":{"line":1,"column":null}},"1":{"start":{"line":14,"column":0},"end":{"line":14,"column":47}},"2":{"start":{"line":15,"column":0},"end":{"line":15,"column":null}},"3":{"start":{"line":22,"column":0},"end":{"line":22,"column":61}},"4":{"start":{"line":23,"column":0},"end":{"line":23,"column":56}},"5":{"start":{"line":24,"column":0},"end":{"line":24,"column":59}},"6":{"start":{"line":25,"column":0},"end":{"line":25,"column":42}},"7":{"start":{"line":30,"column":7},"end":{"line":114,"column":null}},"8":{"start":{"line":31,"column":31},"end":{"line":31,"column":45}},"9":{"start":{"line":35,"column":4},"end":{"line":35,"column":49}},"10":{"start":{"line":40,"column":4},"end":{"line":40,"column":46}},"11":{"start":{"line":48,"column":4},"end":{"line":48,"column":60}},"12":{"start":{"line":56,"column":4},"end":{"line":56,"column":62}},"13":{"start":{"line":61,"column":4},"end":{"line":61,"column":47}},"14":{"start":{"line":67,"column":4},"end":{"line":67,"column":53}},"15":{"start":{"line":72,"column":4},"end":{"line":72,"column":41}},"16":{"start":{"line":77,"column":4},"end":{"line":77,"column":46}},"17":{"start":{"line":85,"column":4},"end":{"line":85,"column":50}},"18":{"start":{"line":90,"column":4},"end":{"line":90,"column":45}},"19":{"start":{"line":95,"column":4},"end":{"line":95,"column":44}},"20":{"start":{"line":112,"column":4},"end":{"line":112,"column":65}},"21":{"start":{"line":30,"column":13},"end":{"line":30,"column":28}},"22":{"start":{"line":34,"column":8},"end":{"line":36,"column":null}},"23":{"start":{"line":39,"column":8},"end":{"line":41,"column":null}},"24":{"start":{"line":44,"column":8},"end":{"line":49,"column":null}},"25":{"start":{"line":52,"column":8},"end":{"line":57,"column":null}},"26":{"start":{"line":60,"column":8},"end":{"line":62,"column":null}},"27":{"start":{"line":66,"column":8},"end":{"line":68,"column":null}},"28":{"start":{"line":71,"column":8},"end":{"line":73,"column":null}},"29":{"start":{"line":76,"column":8},"end":{"line":78,"column":null}},"30":{"start":{"line":81,"column":8},"end":{"line":86,"column":null}},"31":{"start":{"line":89,"column":8},"end":{"line":91,"column":null}},"32":{"start":{"line":94,"column":8},"end":{"line":96,"column":null}},"33":{"start":{"line":99,"column":8},"end":{"line":113,"column":null}},"34":{"start":{"line":30,"column":13},"end":{"line":114,"column":null}}},"fnMap":{"0":{"name":"(anonymous_4)","decl":{"start":{"line":31,"column":2},"end":{"line":31,"column":31}},"loc":{"start":{"line":31,"column":57},"end":{"line":31,"column":61}}},"1":{"name":"(anonymous_5)","decl":{"start":{"line":34,"column":2},"end":{"line":34,"column":7}},"loc":{"start":{"line":34,"column":25},"end":{"line":36,"column":3}}},"2":{"name":"(anonymous_6)","decl":{"start":{"line":39,"column":2},"end":{"line":39,"column":7}},"loc":{"start":{"line":39,"column":49},"end":{"line":41,"column":3}}},"3":{"name":"(anonymous_7)","decl":{"start":{"line":44,"column":2},"end":{"line":44,"column":7}},"loc":{"start":{"line":46,"column":37},"end":{"line":49,"column":3}}},"4":{"name":"(anonymous_8)","decl":{"start":{"line":52,"column":2},"end":{"line":52,"column":7}},"loc":{"start":{"line":54,"column":34},"end":{"line":57,"column":3}}},"5":{"name":"(anonymous_9)","decl":{"start":{"line":60,"column":2},"end":{"line":60,"column":7}},"loc":{"start":{"line":60,"column":23},"end":{"line":62,"column":3}}},"6":{"name":"(anonymous_10)","decl":{"start":{"line":66,"column":2},"end":{"line":66,"column":7}},"loc":{"start":{"line":66,"column":67},"end":{"line":68,"column":3}}},"7":{"name":"(anonymous_11)","decl":{"start":{"line":71,"column":2},"end":{"line":71,"column":7}},"loc":{"start":{"line":71,"column":17},"end":{"line":73,"column":3}}},"8":{"name":"(anonymous_12)","decl":{"start":{"line":76,"column":2},"end":{"line":76,"column":7}},"loc":{"start":{"line":76,"column":52},"end":{"line":78,"column":3}}},"9":{"name":"(anonymous_13)","decl":{"start":{"line":81,"column":2},"end":{"line":81,"column":7}},"loc":{"start":{"line":83,"column":36},"end":{"line":86,"column":3}}},"10":{"name":"(anonymous_14)","decl":{"start":{"line":89,"column":2},"end":{"line":89,"column":7}},"loc":{"start":{"line":89,"column":43},"end":{"line":91,"column":3}}},"11":{"name":"(anonymous_15)","decl":{"start":{"line":94,"column":2},"end":{"line":94,"column":7}},"loc":{"start":{"line":94,"column":42},"end":{"line":96,"column":3}}},"12":{"name":"(anonymous_16)","decl":{"start":{"line":99,"column":2},"end":{"line":99,"column":7}},"loc":{"start":{"line":110,"column":5},"end":{"line":113,"column":3}}}},"branchMap":{},"s":{"0":1,"1":1,"2":1,"3":1,"4":1,"5":1,"6":1,"7":1,"8":2,"9":1,"10":1,"11":1,"12":1,"13":1,"14":1,"15":1,"16":1,"17":1,"18":1,"19":1,"20":1,"21":1,"22":1,"23":1,"24":1,"25":1,"26":1,"27":1,"28":1,"29":1,"30":1,"31":1,"32":1,"33":1,"34":1},"f":{"0":2,"1":1,"2":1,"3":1,"4":1,"5":1,"6":1,"7":1,"8":1,"9":1,"10":1,"11":1,"12":1},"b":{}}
,"/Users/andydo/Desktop/learning-english-ielts/backend/src/admin/admin.service.ts": {"path":"/Users/andydo/Desktop/learning-english-ielts/backend/src/admin/admin.service.ts","statementMap":{"0":{"start":{"line":1,"column":0},"end":{"line":1,"column":84}},"1":{"start":{"line":2,"column":0},"end":{"line":2,"column":57}},"2":{"start":{"line":4,"column":0},"end":{"line":4,"column":60}},"3":{"start":{"line":13,"column":7},"end":{"line":288,"column":null}},"4":{"start":{"line":14,"column":31},"end":{"line":14,"column":39}},"5":{"start":{"line":18,"column":6},"end":{"line":35,"column":8}},"6":{"start":{"line":37,"column":4},"end":{"line":43,"column":6}},"7":{"start":{"line":47,"column":18},"end":{"line":54,"column":10}},"8":{"start":{"line":56,"column":4},"end":{"line":69,"column":7}},"9":{"start":{"line":73,"column":17},"end":{"line":73,"column":77}},"10":{"start":{"line":74,"column":4},"end":{"line":76,"column":5}},"11":{"start":{"line":75,"column":6},"end":{"line":75,"column":70}},"12":{"start":{"line":78,"column":4},"end":{"line":81,"column":7}},"13":{"start":{"line":85,"column":17},"end":{"line":85,"column":77}},"14":{"start":{"line":86,"column":4},"end":{"line":88,"column":5}},"15":{"start":{"line":87,"column":6},"end":{"line":87,"column":70}},"16":{"start":{"line":90,"column":20},"end":{"line":90,"column":41}},"17":{"start":{"line":91,"column":4},"end":{"line":99,"column":5}},"18":{"start":{"line":93,"column":8},"end":{"line":95,"column":22}},"19":{"start":{"line":96,"column":6},"end":{"line":96,"column":79}},"20":{"start":{"line":97,"column":11},"end":{"line":99,"column":5}},"21":{"start":{"line":98,"column":6},"end":{"line":98,"column":23}},"22":{"start":{"line":101,"column":4},"end":{"line":107,"column":7}},"23":{"start":{"line":111,"column":4},"end":{"line":118,"column":7}},"24":{"start":{"line":122,"column":4},"end":{"line":161,"column":7}},"25":{"start":{"line":123,"column":26},"end":{"line":125,"column":8}},"26":{"start":{"line":127,"column":6},"end":{"line":129,"column":7}},"27":{"start":{"line":128,"column":8},"end":{"line":128,"column":70}},"28":{"start":{"line":131,"column":6},"end":{"line":133,"column":7}},"29":{"start":{"line":132,"column":8},"end":{"line":132,"column":49}},"30":{"start":{"line":135,"column":24},"end":{"line":138,"column":8}},"31":{"start":{"line":140,"column":19},"end":{"line":142,"column":8}},"32":{"start":{"line":145,"column":8},"end":{"line":147,"column":22}},"33":{"start":{"line":148,"column":27},"end":{"line":149,"column":null}},"34":{"start":{"line":152,"column":6},"end":{"line":158,"column":9}},"35":{"start":{"line":160,"column":6},"end":{"line":160,"column":59}},"36":{"start":{"line":165,"column":4},"end":{"line":172,"column":7}},"37":{"start":{"line":176,"column":22},"end":{"line":176,"column":56}},"38":{"start":{"line":177,"column":4},"end":{"line":187,"column":7}},"39":{"start":{"line":191,"column":18},"end":{"line":191,"column":71}},"40":{"start":{"line":192,"column":4},"end":{"line":194,"column":5}},"41":{"start":{"line":193,"column":6},"end":{"line":193,"column":67}},"42":{"start":{"line":195,"column":4},"end":{"line":202,"column":7}},"43":{"start":{"line":206,"column":18},"end":{"line":206,"column":71}},"44":{"start":{"line":207,"column":4},"end":{"line":209,"column":5}},"45":{"start":{"line":208,"column":6},"end":{"line":208,"column":67}},"46":{"start":{"line":210,"column":4},"end":{"line":210,"column":70}},"47":{"start":{"line":211,"column":4},"end":{"line":211,"column":54}},"48":{"start":{"line":212,"column":4},"end":{"line":212,"column":69}},"49":{"start":{"line":216,"column":17},"end":{"line":216,"column":77}},"50":{"start":{"line":217,"column":4},"end":{"line":219,"column":5}},"51":{"start":{"line":218,"column":6},"end":{"line":218,"column":70}},"52":{"start":{"line":220,"column":4},"end":{"line":220,"column":61}},"53":{"start":{"line":221,"column":4},"end":{"line":221,"column":72}},"54":{"start":{"line":236,"column":17},"end":{"line":236,"column":83}},"55":{"start":{"line":237,"column":4},"end":{"line":239,"column":5}},"56":{"start":{"line":238,"column":6},"end":{"line":238,"column":76}},"57":{"start":{"line":241,"column":16},"end":{"line":241,"column":35}},"58":{"start":{"line":242,"column":4},"end":{"line":245,"column":5}},"59":{"start":{"line":243,"column":21},"end":{"line":243,"column":54}},"60":{"start":{"line":244,"column":6},"end":{"line":244,"column":36}},"61":{"start":{"line":247,"column":4},"end":{"line":249,"column":5}},"62":{"start":{"line":248,"column":6},"end":{"line":248,"column":70}},"63":{"start":{"line":251,"column":30},"end":{"line":251,"column":32}},"64":{"start":{"line":252,"column":4},"end":{"line":280,"column":5}},"65":{"start":{"line":253,"column":6},"end":{"line":253,"column":52}},"66":{"start":{"line":253,"column":43},"end":{"line":253,"column":52}},"67":{"start":{"line":254,"column":25},"end":{"line":254,"column":55}},"68":{"start":{"line":256,"column":19},"end":{"line":278,"column":8}},"69":{"start":{"line":279,"column":6},"end":{"line":279,"column":28}},"70":{"start":{"line":282,"column":4},"end":{"line":286,"column":6}},"71":{"start":{"line":13,"column":13},"end":{"line":13,"column":25}},"72":{"start":{"line":13,"column":13},"end":{"line":288,"column":null}}},"fnMap":{"0":{"name":"(anonymous_2)","decl":{"start":{"line":14,"column":2},"end":{"line":14,"column":31}},"loc":{"start":{"line":14,"column":52},"end":{"line":14,"column":56}}},"1":{"name":"(anonymous_3)","decl":{"start":{"line":16,"column":2},"end":{"line":16,"column":7}},"loc":{"start":{"line":16,"column":25},"end":{"line":44,"column":3}}},"2":{"name":"(anonymous_4)","decl":{"start":{"line":46,"column":2},"end":{"line":46,"column":7}},"loc":{"start":{"line":46,"column":32},"end":{"line":70,"column":3}}},"3":{"name":"(anonymous_5)","decl":{"start":{"line":72,"column":2},"end":{"line":72,"column":7}},"loc":{"start":{"line":72,"column":49},"end":{"line":82,"column":3}}},"4":{"name":"(anonymous_6)","decl":{"start":{"line":84,"column":2},"end":{"line":84,"column":7}},"loc":{"start":{"line":84,"column":67},"end":{"line":108,"column":3}}},"5":{"name":"(anonymous_7)","decl":{"start":{"line":110,"column":2},"end":{"line":110,"column":7}},"loc":{"start":{"line":110,"column":23},"end":{"line":119,"column":3}}},"6":{"name":"(anonymous_8)","decl":{"start":{"line":121,"column":2},"end":{"line":121,"column":7}},"loc":{"start":{"line":121,"column":59},"end":{"line":162,"column":3}}},"7":{"name":"(anonymous_9)","decl":{"start":{"line":122,"column":36},"end":{"line":122,"column":41}},"loc":{"start":{"line":122,"column":49},"end":{"line":161,"column":5}}},"8":{"name":"(anonymous_10)","decl":{"start":{"line":164,"column":2},"end":{"line":164,"column":7}},"loc":{"start":{"line":164,"column":17},"end":{"line":173,"column":3}}},"9":{"name":"(anonymous_11)","decl":{"start":{"line":175,"column":2},"end":{"line":175,"column":7}},"loc":{"start":{"line":175,"column":44},"end":{"line":188,"column":3}}},"10":{"name":"(anonymous_12)","decl":{"start":{"line":190,"column":2},"end":{"line":190,"column":7}},"loc":{"start":{"line":190,"column":56},"end":{"line":203,"column":3}}},"11":{"name":"(anonymous_13)","decl":{"start":{"line":205,"column":2},"end":{"line":205,"column":7}},"loc":{"start":{"line":205,"column":30},"end":{"line":213,"column":3}}},"12":{"name":"(anonymous_14)","decl":{"start":{"line":215,"column":2},"end":{"line":215,"column":7}},"loc":{"start":{"line":215,"column":33},"end":{"line":222,"column":3}}},"13":{"name":"(anonymous_15)","decl":{"start":{"line":224,"column":2},"end":{"line":224,"column":7}},"loc":{"start":{"line":234,"column":5},"end":{"line":287,"column":3}}}},"branchMap":{"0":{"loc":{"start":{"line":41,"column":20},"end":{"line":41,"column":47}},"type":"binary-expr","locations":[{"start":{"line":41,"column":20},"end":{"line":41,"column":42}},{"start":{"line":41,"column":46},"end":{"line":41,"column":47}}]},"1":{"loc":{"start":{"line":47,"column":18},"end":{"line":54,"column":10}},"type":"cond-expr","locations":[{"start":{"line":48,"column":8},"end":{"line":53,"column":null}},{"start":{"line":54,"column":8},"end":{"line":54,"column":10}}]},"2":{"loc":{"start":{"line":74,"column":4},"end":{"line":76,"column":5}},"type":"if","locations":[{"start":{"line":74,"column":4},"end":{"line":76,"column":5}}]},"3":{"loc":{"start":{"line":86,"column":4},"end":{"line":88,"column":5}},"type":"if","locations":[{"start":{"line":86,"column":4},"end":{"line":88,"column":5}}]},"4":{"loc":{"start":{"line":91,"column":4},"end":{"line":99,"column":5}},"type":"if","locations":[{"start":{"line":91,"column":4},"end":{"line":99,"column":5}},{"start":{"line":97,"column":11},"end":{"line":99,"column":5}}]},"5":{"loc":{"start":{"line":91,"column":8},"end":{"line":91,"column":39}},"type":"binary-expr","locations":[{"start":{"line":91,"column":8},"end":{"line":91,"column":21}},{"start":{"line":91,"column":25},"end":{"line":91,"column":39}}]},"6":{"loc":{"start":{"line":93,"column":8},"end":{"line":95,"column":22}},"type":"cond-expr","locations":[{"start":{"line":94,"column":12},"end":{"line":94,"column":43}},{"start":{"line":95,"column":12},"end":{"line":95,"column":22}}]},"7":{"loc":{"start":{"line":93,"column":8},"end":{"line":93,"column":67}},"type":"binary-expr","locations":[{"start":{"line":93,"column":8},"end":{"line":93,"column":29}},{"start":{"line":93,"column":33},"end":{"line":93,"column":67}}]},"8":{"loc":{"start":{"line":97,"column":11},"end":{"line":99,"column":5}},"type":"if","locations":[{"start":{"line":97,"column":11},"end":{"line":99,"column":5}}]},"9":{"loc":{"start":{"line":127,"column":6},"end":{"line":129,"column":7}},"type":"if","locations":[{"start":{"line":127,"column":6},"end":{"line":129,"column":7}}]},"10":{"loc":{"start":{"line":131,"column":6},"end":{"line":133,"column":7}},"type":"if","locations":[{"start":{"line":131,"column":6},"end":{"line":133,"column":7}}]},"11":{"loc":{"start":{"line":145,"column":8},"end":{"line":147,"column":22}},"type":"cond-expr","locations":[{"start":{"line":146,"column":12},"end":{"line":146,"column":43}},{"start":{"line":147,"column":12},"end":{"line":147,"column":22}}]},"12":{"loc":{"start":{"line":145,"column":8},"end":{"line":145,"column":68}},"type":"binary-expr","locations":[{"start":{"line":145,"column":8},"end":{"line":145,"column":30}},{"start":{"line":145,"column":34},"end":{"line":145,"column":68}}]},"13":{"loc":{"start":{"line":185,"column":21},"end":{"line":185,"column":52}},"type":"binary-expr","locations":[{"start":{"line":185,"column":21},"end":{"line":185,"column":34}},{"start":{"line":185,"column":38},"end":{"line":185,"column":52}}]},"14":{"loc":{"start":{"line":192,"column":4},"end":{"line":194,"column":5}},"type":"if","locations":[{"start":{"line":192,"column":4},"end":{"line":194,"column":5}}]},"15":{"loc":{"start":{"line":198,"column":12},"end":{"line":198,"column":45}},"type":"binary-expr","locations":[{"start":{"line":198,"column":12},"end":{"line":198,"column":21}},{"start":{"line":198,"column":25},"end":{"line":198,"column":45}}]},"16":{"loc":{"start":{"line":199,"column":12},"end":{"line":199,"column":54}},"type":"binary-expr","locations":[{"start":{"line":199,"column":12},"end":{"line":199,"column":24}},{"start":{"line":199,"column":28},"end":{"line":199,"column":54}}]},"17":{"loc":{"start":{"line":200,"column":12},"end":{"line":200,"column":45}},"type":"binary-expr","locations":[{"start":{"line":200,"column":12},"end":{"line":200,"column":21}},{"start":{"line":200,"column":25},"end":{"line":200,"column":45}}]},"18":{"loc":{"start":{"line":207,"column":4},"end":{"line":209,"column":5}},"type":"if","locations":[{"start":{"line":207,"column":4},"end":{"line":209,"column":5}}]},"19":{"loc":{"start":{"line":217,"column":4},"end":{"line":219,"column":5}},"type":"if","locations":[{"start":{"line":217,"column":4},"end":{"line":219,"column":5}}]},"20":{"loc":{"start":{"line":237,"column":4},"end":{"line":239,"column":5}},"type":"if","locations":[{"start":{"line":237,"column":4},"end":{"line":239,"column":5}}]},"21":{"loc":{"start":{"line":241,"column":16},"end":{"line":241,"column":35}},"type":"binary-expr","locations":[{"start":{"line":241,"column":16},"end":{"line":241,"column":29}},{"start":{"line":241,"column":33},"end":{"line":241,"column":35}}]},"22":{"loc":{"start":{"line":242,"column":4},"end":{"line":245,"column":5}},"type":"if","locations":[{"start":{"line":242,"column":4},"end":{"line":245,"column":5}}]},"23":{"loc":{"start":{"line":242,"column":8},"end":{"line":242,"column":49}},"type":"binary-expr","locations":[{"start":{"line":242,"column":8},"end":{"line":242,"column":23}},{"start":{"line":242,"column":27},"end":{"line":242,"column":49}}]},"24":{"loc":{"start":{"line":247,"column":4},"end":{"line":249,"column":5}},"type":"if","locations":[{"start":{"line":247,"column":4},"end":{"line":249,"column":5}}]},"25":{"loc":{"start":{"line":247,"column":8},"end":{"line":247,"column":36}},"type":"binary-expr","locations":[{"start":{"line":247,"column":8},"end":{"line":247,"column":14}},{"start":{"line":247,"column":18},"end":{"line":247,"column":36}}]},"26":{"loc":{"start":{"line":253,"column":6},"end":{"line":253,"column":52}},"type":"if","locations":[{"start":{"line":253,"column":6},"end":{"line":253,"column":52}}]},"27":{"loc":{"start":{"line":253,"column":10},"end":{"line":253,"column":41}},"type":"binary-expr","locations":[{"start":{"line":253,"column":10},"end":{"line":253,"column":20}},{"start":{"line":253,"column":24},"end":{"line":253,"column":41}}]},"28":{"loc":{"start":{"line":259,"column":14},"end":{"line":259,"column":64}},"type":"binary-expr","locations":[{"start":{"line":259,"column":14},"end":{"line":259,"column":29}},{"start":{"line":259,"column":33},"end":{"line":259,"column":64}}]},"29":{"loc":{"start":{"line":260,"column":14},"end":{"line":260,"column":55}},"type":"binary-expr","locations":[{"start":{"line":260,"column":14},"end":{"line":260,"column":26}},{"start":{"line":260,"column":30},"end":{"line":260,"column":55}}]},"30":{"loc":{"start":{"line":261,"column":14},"end":{"line":261,"column":46}},"type":"binary-expr","locations":[{"start":{"line":261,"column":14},"end":{"line":261,"column":23}},{"start":{"line":261,"column":27},"end":{"line":261,"column":46}}]},"31":{"loc":{"start":{"line":268,"column":16},"end":{"line":268,"column":41}},"type":"binary-expr","locations":[{"start":{"line":268,"column":16},"end":{"line":268,"column":25}},{"start":{"line":268,"column":29},"end":{"line":268,"column":41}}]}},"s":{"0":2,"1":2,"2":2,"3":2,"4":20,"5":2,"6":2,"7":2,"8":2,"9":2,"10":2,"11":1,"12":1,"13":4,"14":4,"15":1,"16":3,"17":3,"18":2,"19":2,"20":1,"21":1,"22":3,"23":1,"24":4,"25":4,"26":4,"27":1,"28":3,"29":1,"30":2,"31":2,"32":2,"33":2,"34":2,"35":2,"36":1,"37":1,"38":1,"39":2,"40":2,"41":1,"42":1,"43":2,"44":2,"45":1,"46":1,"47":1,"48":1,"49":2,"50":2,"51":1,"52":1,"53":1,"54":2,"55":2,"56":1,"57":1,"58":1,"59":1,"60":1,"61":1,"62":0,"63":1,"64":1,"65":3,"66":1,"67":2,"68":2,"69":2,"70":1,"71":2,"72":2},"f":{"0":20,"1":2,"2":2,"3":2,"4":4,"5":1,"6":4,"7":4,"8":1,"9":1,"10":2,"11":2,"12":2,"13":2},"b":{"0":[2,1],"1":[1,1],"2":[1],"3":[1],"4":[2,1],"5":[3,2],"6":[1,1],"7":[2,2],"8":[1],"9":[1],"10":[1],"11":[1,1],"12":[2,1],"13":[1,1],"14":[1],"15":[1,1],"16":[1,1],"17":[1,1],"18":[1],"19":[1],"20":[1],"21":[1,0],"22":[1],"23":[1,1],"24":[0],"25":[1,1],"26":[1],"27":[3,3],"28":[2,2],"29":[2,0],"30":[2,1],"31":[2,1]}}
,"/Users/andydo/Desktop/learning-english-ielts/backend/src/admin/dto/admin.dto.ts": {"path":"/Users/andydo/Desktop/learning-english-ielts/backend/src/admin/dto/admin.dto.ts","statementMap":{"0":{"start":{"line":1,"column":0},"end":{"line":1,"column":null}},"1":{"start":{"line":10,"column":0},"end":{"line":10,"column":45}},"2":{"start":{"line":12,"column":0},"end":{"line":12,"column":13}},"3":{"start":{"line":14,"column":2},"end":{"line":14,"column":null}},"4":{"start":{"line":19,"column":2},"end":{"line":19,"column":null}},"5":{"start":{"line":22,"column":0},"end":{"line":22,"column":13}},"6":{"start":{"line":24,"column":2},"end":{"line":24,"column":null}},"7":{"start":{"line":27,"column":0},"end":{"line":27,"column":13}},"8":{"start":{"line":30,"column":2},"end":{"line":30,"column":null}},"9":{"start":{"line":33,"column":0},"end":{"line":33,"column":13}},"10":{"start":{"line":36,"column":2},"end":{"line":36,"column":null}},"11":{"start":{"line":40,"column":2},"end":{"line":40,"column":null}},"12":{"start":{"line":44,"column":2},"end":{"line":44,"column":null}},"13":{"start":{"line":48,"column":2},"end":{"line":48,"column":null}},"14":{"start":{"line":52,"column":2},"end":{"line":52,"column":null}},"15":{"start":{"line":55,"column":0},"end":{"line":55,"column":13}},"16":{"start":{"line":58,"column":2},"end":{"line":58,"column":null}},"17":{"start":{"line":62,"column":2},"end":{"line":62,"column":null}},"18":{"start":{"line":66,"column":2},"end":{"line":66,"column":null}}},"fnMap":{},"branchMap":{},"s":{"0":1,"1":1,"2":1,"3":1,"4":1,"5":1,"6":1,"7":1,"8":1,"9":1,"10":1,"11":1,"12":1,"13":1,"14":1,"15":1,"16":1,"17":1,"18":1},"f":{},"b":{}}
,"/Users/andydo/Desktop/learning-english-ielts/backend/src/auth/auth.controller.ts": {"path":"/Users/andydo/Desktop/learning-english-ielts/backend/src/auth/auth.controller.ts","statementMap":{"0":{"start":{"line":1,"column":0},"end":{"line":1,"column":null}},"1":{"start":{"line":11,"column":0},"end":{"line":11,"column":45}},"2":{"start":{"line":12,"column":0},"end":{"line":12,"column":61}},"3":{"start":{"line":13,"column":0},"end":{"line":13,"column":55}},"4":{"start":{"line":21,"column":7},"end":{"line":83,"column":null}},"5":{"start":{"line":22,"column":31},"end":{"line":22,"column":44}},"6":{"start":{"line":32,"column":27},"end":{"line":32,"column":78}},"7":{"start":{"line":33,"column":27},"end":{"line":36,"column":22}},"8":{"start":{"line":35,"column":20},"end":{"line":35,"column":50}},"9":{"start":{"line":38,"column":26},"end":{"line":38,"column":70}},"10":{"start":{"line":40,"column":18},"end":{"line":40,"column":77}},"11":{"start":{"line":41,"column":4},"end":{"line":47,"column":5}},"12":{"start":{"line":42,"column":6},"end":{"line":46,"column":7}},"13":{"start":{"line":43,"column":8},"end":{"line":45,"column":9}},"14":{"start":{"line":44,"column":10},"end":{"line":44,"column":24}},"15":{"start":{"line":49,"column":4},"end":{"line":49,"column":25}},"16":{"start":{"line":56,"column":18},"end":{"line":56,"column":50}},"17":{"start":{"line":57,"column":24},"end":{"line":57,"column":52}},"18":{"start":{"line":59,"column":4},"end":{"line":64,"column":7}},"19":{"start":{"line":66,"column":4},"end":{"line":66,"column":71}},"20":{"start":{"line":73,"column":4},"end":{"line":73,"column":20}},"21":{"start":{"line":80,"column":4},"end":{"line":80,"column":36}},"22":{"start":{"line":81,"column":4},"end":{"line":81,"column":60}},"23":{"start":{"line":21,"column":13},"end":{"line":21,"column":27}},"24":{"start":{"line":27,"column":2},"end":{"line":29,"column":null}},"25":{"start":{"line":55,"column":2},"end":{"line":67,"column":null}},"26":{"start":{"line":72,"column":2},"end":{"line":74,"column":null}},"27":{"start":{"line":79,"column":2},"end":{"line":82,"column":null}},"28":{"start":{"line":21,"column":13},"end":{"line":83,"column":null}}},"fnMap":{"0":{"name":"(anonymous_4)","decl":{"start":{"line":22,"column":2},"end":{"line":22,"column":31}},"loc":{"start":{"line":22,"column":55},"end":{"line":22,"column":59}}},"1":{"name":"(anonymous_5)","decl":{"start":{"line":27,"column":2},"end":{"line":27,"column":12}},"loc":{"start":{"line":27,"column":12},"end":{"line":29,"column":3}}},"2":{"name":"(anonymous_6)","decl":{"start":{"line":31,"column":10},"end":{"line":31,"column":28}},"loc":{"start":{"line":31,"column":41},"end":{"line":50,"column":3}}},"3":{"name":"(anonymous_7)","decl":{"start":{"line":35,"column":11},"end":{"line":35,"column":12}},"loc":{"start":{"line":35,"column":20},"end":{"line":35,"column":50}}},"4":{"name":"(anonymous_8)","decl":{"start":{"line":55,"column":2},"end":{"line":55,"column":16}},"loc":{"start":{"line":55,"column":66},"end":{"line":67,"column":3}}},"5":{"name":"(anonymous_9)","decl":{"start":{"line":72,"column":2},"end":{"line":72,"column":12}},"loc":{"start":{"line":72,"column":40},"end":{"line":74,"column":3}}},"6":{"name":"(anonymous_10)","decl":{"start":{"line":79,"column":2},"end":{"line":79,"column":8}},"loc":{"start":{"line":79,"column":29},"end":{"line":82,"column":3}}}},"branchMap":{"0":{"loc":{"start":{"line":32,"column":27},"end":{"line":32,"column":78}},"type":"binary-expr","locations":[{"start":{"line":32,"column":27},"end":{"line":32,"column":51}},{"start":{"line":32,"column":55},"end":{"line":32,"column":78}}]},"1":{"loc":{"start":{"line":38,"column":26},"end":{"line":38,"column":70}},"type":"binary-expr","locations":[{"start":{"line":38,"column":26},"end":{"line":38,"column":43}},{"start":{"line":38,"column":47},"end":{"line":38,"column":70}}]},"2":{"loc":{"start":{"line":40,"column":18},"end":{"line":40,"column":77}},"type":"cond-expr","locations":[{"start":{"line":40,"column":57},"end":{"line":40,"column":72}},{"start":{"line":40,"column":75},"end":{"line":40,"column":77}}]},"3":{"loc":{"start":{"line":41,"column":4},"end":{"line":47,"column":5}},"type":"if","locations":[{"start":{"line":41,"column":4},"end":{"line":47,"column":5}}]},"4":{"loc":{"start":{"line":43,"column":8},"end":{"line":45,"column":9}},"type":"if","locations":[{"start":{"line":43,"column":8},"end":{"line":45,"column":9}}]},"5":{"loc":{"start":{"line":43,"column":12},"end":{"line":43,"column":62}},"type":"binary-expr","locations":[{"start":{"line":43,"column":12},"end":{"line":43,"column":28}},{"start":{"line":43,"column":32},"end":{"line":43,"column":62}}]}},"s":{"0":1,"1":1,"2":1,"3":1,"4":1,"5":7,"6":4,"7":4,"8":6,"9":4,"10":4,"11":4,"12":2,"13":4,"14":1,"15":3,"16":4,"17":4,"18":4,"19":4,"20":1,"21":1,"22":1,"23":1,"24":1,"25":1,"26":1,"27":1,"28":1},"f":{"0":7,"1":1,"2":4,"3":6,"4":4,"5":1,"6":1},"b":{"0":[4,1],"1":[4,0],"2":[2,2],"3":[2],"4":[1],"5":[4,3]}}
,"/Users/andydo/Desktop/learning-english-ielts/backend/src/auth/auth.service.ts": {"path":"/Users/andydo/Desktop/learning-english-ielts/backend/src/auth/auth.service.ts","statementMap":{"0":{"start":{"line":1,"column":0},"end":{"line":1,"column":44}},"1":{"start":{"line":2,"column":0},"end":{"line":2,"column":41}},"2":{"start":{"line":3,"column":0},"end":{"line":3,"column":54}},"3":{"start":{"line":7,"column":7},"end":{"line":54,"column":null}},"4":{"start":{"line":9,"column":21},"end":{"line":9,"column":35}},"5":{"start":{"line":10,"column":21},"end":{"line":10,"column":33}},"6":{"start":{"line":14,"column":21},"end":{"line":14,"column":31}},"7":{"start":{"line":15,"column":18},"end":{"line":15,"column":41}},"8":{"start":{"line":16,"column":17},"end":{"line":16,"column":36}},"9":{"start":{"line":17,"column":22},"end":{"line":17,"column":56}},"10":{"start":{"line":19,"column":15},"end":{"line":19,"column":63}},"11":{"start":{"line":21,"column":4},"end":{"line":25,"column":5}},"12":{"start":{"line":22,"column":6},"end":{"line":22,"column":82}},"13":{"start":{"line":24,"column":6},"end":{"line":24,"column":74}},"14":{"start":{"line":27,"column":4},"end":{"line":34,"column":6}},"15":{"start":{"line":38,"column":32},"end":{"line":38,"column":67}},"16":{"start":{"line":39,"column":4},"end":{"line":39,"column":41}},"17":{"start":{"line":43,"column":17},"end":{"line":43,"column":57}},"18":{"start":{"line":44,"column":4},"end":{"line":44,"column":27}},"19":{"start":{"line":44,"column":15},"end":{"line":44,"column":27}},"20":{"start":{"line":45,"column":4},"end":{"line":52,"column":6}},"21":{"start":{"line":7,"column":13},"end":{"line":7,"column":24}},"22":{"start":{"line":7,"column":13},"end":{"line":54,"column":null}}},"fnMap":{"0":{"name":"(anonymous_2)","decl":{"start":{"line":8,"column":2},"end":{"line":8,"column":null}},"loc":{"start":{"line":10,"column":43},"end":{"line":11,"column":6}}},"1":{"name":"(anonymous_3)","decl":{"start":{"line":13,"column":2},"end":{"line":13,"column":7}},"loc":{"start":{"line":13,"column":49},"end":{"line":35,"column":3}}},"2":{"name":"(anonymous_4)","decl":{"start":{"line":37,"column":2},"end":{"line":37,"column":7}},"loc":{"start":{"line":37,"column":22},"end":{"line":40,"column":3}}},"3":{"name":"(anonymous_5)","decl":{"start":{"line":42,"column":2},"end":{"line":42,"column":7}},"loc":{"start":{"line":42,"column":33},"end":{"line":53,"column":3}}}},"branchMap":{"0":{"loc":{"start":{"line":17,"column":22},"end":{"line":17,"column":56}},"type":"binary-expr","locations":[{"start":{"line":17,"column":22},"end":{"line":17,"column":48}},{"start":{"line":17,"column":52},"end":{"line":17,"column":56}}]},"1":{"loc":{"start":{"line":21,"column":4},"end":{"line":25,"column":5}},"type":"if","locations":[{"start":{"line":21,"column":4},"end":{"line":25,"column":5}},{"start":{"line":23,"column":11},"end":{"line":25,"column":5}}]},"2":{"loc":{"start":{"line":33,"column":13},"end":{"line":33,"column":40}},"type":"binary-expr","locations":[{"start":{"line":33,"column":13},"end":{"line":33,"column":30}},{"start":{"line":33,"column":34},"end":{"line":33,"column":40}}]},"3":{"loc":{"start":{"line":44,"column":4},"end":{"line":44,"column":27}},"type":"if","locations":[{"start":{"line":44,"column":4},"end":{"line":44,"column":27}}]},"4":{"loc":{"start":{"line":51,"column":13},"end":{"line":51,"column":40}},"type":"binary-expr","locations":[{"start":{"line":51,"column":13},"end":{"line":51,"column":30}},{"start":{"line":51,"column":34},"end":{"line":51,"column":40}}]}},"s":{"0":3,"1":3,"2":3,"3":3,"4":6,"5":6,"6":3,"7":3,"8":3,"9":3,"10":3,"11":3,"12":2,"13":1,"14":3,"15":1,"16":1,"17":2,"18":2,"19":1,"20":1,"21":3,"22":3},"f":{"0":6,"1":3,"2":1,"3":2},"b":{"0":[3,1],"1":[2,1],"2":[3,3],"3":[1],"4":[1,1]}}
,"/Users/andydo/Desktop/learning-english-ielts/backend/src/auth/roles.enum.ts": {"path":"/Users/andydo/Desktop/learning-english-ielts/backend/src/auth/roles.enum.ts","statementMap":{"0":{"start":{"line":1,"column":0},"end":{"line":1,"column":null}},"1":{"start":{"line":2,"column":2},"end":{"line":2,"column":null}},"2":{"start":{"line":3,"column":2},"end":{"line":3,"column":null}}},"fnMap":{"0":{"name":"(anonymous_0)","decl":{"start":{"line":1,"column":0},"end":{"line":1,"column":12}},"loc":{"start":{"line":1,"column":16},"end":{"line":4,"column":1}}}},"branchMap":{"0":{"loc":{"start":{"line":1,"column":12},"end":{"line":1,"column":null}},"type":"binary-expr","locations":[{"start":{"line":1,"column":12},"end":{"line":1,"column":16}},{"start":{"line":1,"column":16},"end":{"line":1,"column":null}}]}},"s":{"0":3,"1":3,"2":3},"f":{"0":3},"b":{"0":[3,3]}}
,"/Users/andydo/Desktop/learning-english-ielts/backend/src/auth/decorators/roles.decorator.ts": {"path":"/Users/andydo/Desktop/learning-english-ielts/backend/src/auth/decorators/roles.decorator.ts","statementMap":{"0":{"start":{"line":1,"column":0},"end":{"line":1,"column":45}},"1":{"start":{"line":4,"column":13},"end":{"line":4,"column":33}},"2":{"start":{"line":14,"column":21},"end":{"line":14,"column":83}},"3":{"start":{"line":14,"column":54},"end":{"line":14,"column":83}},"4":{"start":{"line":14,"column":13},"end":{"line":14,"column":21}}},"fnMap":{"0":{"name":"(anonymous_0)","decl":{"start":{"line":14,"column":21},"end":{"line":14,"column":22}},"loc":{"start":{"line":14,"column":54},"end":{"line":14,"column":83}}}},"branchMap":{},"s":{"0":3,"1":3,"2":3,"3":3,"4":3},"f":{"0":3},"b":{}}
,"/Users/andydo/Desktop/learning-english-ielts/backend/src/auth/guards/google-auth.guard.ts": {"path":"/Users/andydo/Desktop/learning-english-ielts/backend/src/auth/guards/google-auth.guard.ts","statementMap":{"0":{"start":{"line":1,"column":0},"end":{"line":1,"column":62}},"1":{"start":{"line":2,"column":0},"end":{"line":2,"column":45}},"2":{"start":{"line":5,"column":7},"end":{"line":12,"column":null}},"3":{"start":{"line":7,"column":16},"end":{"line":7,"column":51}},"4":{"start":{"line":8,"column":4},"end":{"line":10,"column":6}},"5":{"start":{"line":5,"column":13},"end":{"line":5,"column":28}},"6":{"start":{"line":5,"column":13},"end":{"line":12,"column":null}}},"fnMap":{"0":{"name":"(anonymous_1)","decl":{"start":{"line":6,"column":2},"end":{"line":6,"column":24}},"loc":{"start":{"line":6,"column":50},"end":{"line":11,"column":3}}}},"branchMap":{"0":{"loc":{"start":{"line":9,"column":13},"end":{"line":9,"column":43}},"type":"binary-expr","locations":[{"start":{"line":9,"column":13},"end":{"line":9,"column":30}},{"start":{"line":9,"column":34},"end":{"line":9,"column":43}}]}},"s":{"0":2,"1":2,"2":2,"3":2,"4":2,"5":2,"6":2},"f":{"0":2},"b":{"0":[2,1]}}
,"/Users/andydo/Desktop/learning-english-ielts/backend/src/auth/guards/jwt-auth.guard.ts": {"path":"/Users/andydo/Desktop/learning-english-ielts/backend/src/auth/guards/jwt-auth.guard.ts","statementMap":{"0":{"start":{"line":1,"column":0},"end":{"line":1,"column":44}},"1":{"start":{"line":2,"column":0},"end":{"line":2,"column":45}},"2":{"start":{"line":5,"column":7},"end":{"line":5,"column":null}},"3":{"start":{"line":5,"column":13},"end":{"line":5,"column":25}},"4":{"start":{"line":5,"column":13},"end":{"line":5,"column":null}}},"fnMap":{},"branchMap":{},"s":{"0":8,"1":8,"2":8,"3":8,"4":8},"f":{},"b":{}}
,"/Users/andydo/Desktop/learning-english-ielts/backend/src/auth/guards/roles.guard.ts": {"path":"/Users/andydo/Desktop/learning-english-ielts/backend/src/auth/guards/roles.guard.ts","statementMap":{"0":{"start":{"line":1,"column":0},"end":{"line":1,"column":null}},"1":{"start":{"line":7,"column":0},"end":{"line":7,"column":41}},"2":{"start":{"line":8,"column":0},"end":{"line":8,"column":58}},"3":{"start":{"line":9,"column":0},"end":{"line":9,"column":37}},"4":{"start":{"line":12,"column":7},"end":{"line":48,"column":null}},"5":{"start":{"line":13,"column":31},"end":{"line":13,"column":42}},"6":{"start":{"line":16,"column":26},"end":{"line":18,"column":null}},"7":{"start":{"line":21,"column":4},"end":{"line":23,"column":5}},"8":{"start":{"line":22,"column":6},"end":{"line":22,"column":18}},"9":{"start":{"line":25,"column":20},"end":{"line":25,"column":55}},"10":{"start":{"line":26,"column":17},"end":{"line":26,"column":30}},"11":{"start":{"line":28,"column":24},"end":{"line":31,"column":22}},"12":{"start":{"line":30,"column":18},"end":{"line":30,"column":40}},"13":{"start":{"line":33,"column":4},"end":{"line":35,"column":5}},"14":{"start":{"line":34,"column":6},"end":{"line":34,"column":29}},"15":{"start":{"line":37,"column":4},"end":{"line":39,"column":5}},"16":{"start":{"line":38,"column":6},"end":{"line":38,"column":73}},"17":{"start":{"line":41,"column":20},"end":{"line":41,"column":68}},"18":{"start":{"line":41,"column":49},"end":{"line":41,"column":67}},"19":{"start":{"line":42,"column":4},"end":{"line":44,"column":5}},"20":{"start":{"line":43,"column":6},"end":{"line":43,"column":71}},"21":{"start":{"line":46,"column":4},"end":{"line":46,"column":16}},"22":{"start":{"line":12,"column":13},"end":{"line":12,"column":23}},"23":{"start":{"line":12,"column":13},"end":{"line":48,"column":null}}},"fnMap":{"0":{"name":"(anonymous_2)","decl":{"start":{"line":13,"column":2},"end":{"line":13,"column":31}},"loc":{"start":{"line":13,"column":51},"end":{"line":13,"column":55}}},"1":{"name":"(anonymous_3)","decl":{"start":{"line":15,"column":2},"end":{"line":15,"column":13}},"loc":{"start":{"line":15,"column":39},"end":{"line":47,"column":3}}},"2":{"name":"(anonymous_4)","decl":{"start":{"line":30,"column":11},"end":{"line":30,"column":12}},"loc":{"start":{"line":30,"column":18},"end":{"line":30,"column":40}}},"3":{"name":"(anonymous_5)","decl":{"start":{"line":41,"column":39},"end":{"line":41,"column":40}},"loc":{"start":{"line":41,"column":49},"end":{"line":41,"column":67}}}},"branchMap":{"0":{"loc":{"start":{"line":21,"column":4},"end":{"line":23,"column":5}},"type":"if","locations":[{"start":{"line":21,"column":4},"end":{"line":23,"column":5}}]},"1":{"loc":{"start":{"line":21,"column":8},"end":{"line":21,"column":52}},"type":"binary-expr","locations":[{"start":{"line":21,"column":8},"end":{"line":21,"column":22}},{"start":{"line":21,"column":26},"end":{"line":21,"column":52}}]},"2":{"loc":{"start":{"line":28,"column":25},"end":{"line":28,"column":78}},"type":"binary-expr","locations":[{"start":{"line":28,"column":25},"end":{"line":28,"column":49}},{"start":{"line":28,"column":53},"end":{"line":28,"column":78}}]},"3":{"loc":{"start":{"line":33,"column":4},"end":{"line":35,"column":5}},"type":"if","locations":[{"start":{"line":33,"column":4},"end":{"line":35,"column":5}}]},"4":{"loc":{"start":{"line":33,"column":8},"end":{"line":33,"column":90}},"type":"binary-expr","locations":[{"start":{"line":33,"column":8},"end":{"line":33,"column":12}},{"start":{"line":33,"column":16},"end":{"line":33,"column":26}},{"start":{"line":33,"column":30},"end":{"line":33,"column":40}},{"start":{"line":33,"column":44},"end":{"line":33,"column":90}}]},"5":{"loc":{"start":{"line":37,"column":4},"end":{"line":39,"column":5}},"type":"if","locations":[{"start":{"line":37,"column":4},"end":{"line":39,"column":5}}]},"6":{"loc":{"start":{"line":37,"column":8},"end":{"line":37,"column":27}},"type":"binary-expr","locations":[{"start":{"line":37,"column":8},"end":{"line":37,"column":13}},{"start":{"line":37,"column":17},"end":{"line":37,"column":27}}]},"7":{"loc":{"start":{"line":42,"column":4},"end":{"line":44,"column":5}},"type":"if","locations":[{"start":{"line":42,"column":4},"end":{"line":44,"column":5}}]}},"s":{"0":2,"1":2,"2":2,"3":2,"4":2,"5":10,"6":10,"7":10,"8":2,"9":8,"10":8,"11":8,"12":8,"13":8,"14":1,"15":8,"16":4,"17":4,"18":4,"19":4,"20":2,"21":2,"22":2,"23":2},"f":{"0":10,"1":10,"2":8,"3":4},"b":{"0":[2],"1":[10,9],"2":[8,8],"3":[1],"4":[8,6,3,1],"5":[4],"6":[8,6],"7":[2]}}
,"/Users/andydo/Desktop/learning-english-ielts/backend/src/auth/strategies/google.strategy.ts": {"path":"/Users/andydo/Desktop/learning-english-ielts/backend/src/auth/strategies/google.strategy.ts","statementMap":{"0":{"start":{"line":1,"column":0},"end":{"line":1,"column":44}},"1":{"start":{"line":2,"column":0},"end":{"line":2,"column":52}},"2":{"start":{"line":3,"column":0},"end":{"line":3,"column":51}},"3":{"start":{"line":4,"column":0},"end":{"line":4,"column":46}},"4":{"start":{"line":8,"column":7},"end":{"line":25,"column":null}},"5":{"start":{"line":10,"column":4},"end":{"line":15,"column":7}},"6":{"start":{"line":9,"column":31},"end":{"line":9,"column":44}},"7":{"start":{"line":23,"column":4},"end":{"line":23,"column":56}},"8":{"start":{"line":8,"column":13},"end":{"line":8,"column":27}},"9":{"start":{"line":8,"column":13},"end":{"line":25,"column":null}}},"fnMap":{"0":{"name":"(anonymous_2)","decl":{"start":{"line":9,"column":2},"end":{"line":9,"column":31}},"loc":{"start":{"line":9,"column":55},"end":{"line":16,"column":3}}},"1":{"name":"(anonymous_3)","decl":{"start":{"line":18,"column":2},"end":{"line":18,"column":7}},"loc":{"start":{"line":21,"column":26},"end":{"line":24,"column":3}}}},"branchMap":{"0":{"loc":{"start":{"line":13,"column":19},"end":{"line":13,"column":98}},"type":"binary-expr","locations":[{"start":{"line":13,"column":19},"end":{"line":13,"column":50}},{"start":{"line":13,"column":54},"end":{"line":13,"column":98}}]}},"s":{"0":1,"1":1,"2":1,"3":1,"4":1,"5":4,"6":4,"7":1,"8":1,"9":1},"f":{"0":4,"1":1},"b":{"0":[4,1]}}
,"/Users/andydo/Desktop/learning-english-ielts/backend/src/auth/strategies/jwt.strategy.ts": {"path":"/Users/andydo/Desktop/learning-english-ielts/backend/src/auth/strategies/jwt.strategy.ts","statementMap":{"0":{"start":{"line":1,"column":0},"end":{"line":1,"column":67}},"1":{"start":{"line":2,"column":0},"end":{"line":2,"column":52}},"2":{"start":{"line":3,"column":0},"end":{"line":3,"column":52}},"3":{"start":{"line":4,"column":0},"end":{"line":4,"column":57}},"4":{"start":{"line":8,"column":7},"end":{"line":39,"column":null}},"5":{"start":{"line":10,"column":4},"end":{"line":16,"column":7}},"6":{"start":{"line":12,"column":17},"end":{"line":12,"column":51}},"7":{"start":{"line":9,"column":31},"end":{"line":9,"column":45}},"8":{"start":{"line":20,"column":17},"end":{"line":20,"column":62}},"9":{"start":{"line":21,"column":4},"end":{"line":21,"column":49}},"10":{"start":{"line":21,"column":15},"end":{"line":21,"column":49}},"11":{"start":{"line":23,"column":24},"end":{"line":26,"column":22}},"12":{"start":{"line":25,"column":18},"end":{"line":25,"column":40}},"13":{"start":{"line":29,"column":7},"end":{"line":32,"column":40}},"14":{"start":{"line":34,"column":4},"end":{"line":37,"column":6}},"15":{"start":{"line":8,"column":13},"end":{"line":8,"column":24}},"16":{"start":{"line":8,"column":13},"end":{"line":39,"column":null}}},"fnMap":{"0":{"name":"(anonymous_2)","decl":{"start":{"line":9,"column":2},"end":{"line":9,"column":31}},"loc":{"start":{"line":9,"column":57},"end":{"line":17,"column":3}}},"1":{"name":"(anonymous_3)","decl":{"start":{"line":12,"column":8},"end":{"line":12,"column":9}},"loc":{"start":{"line":12,"column":17},"end":{"line":12,"column":51}}},"2":{"name":"(anonymous_4)","decl":{"start":{"line":19,"column":2},"end":{"line":19,"column":7}},"loc":{"start":{"line":19,"column":36},"end":{"line":38,"column":3}}},"3":{"name":"(anonymous_5)","decl":{"start":{"line":25,"column":11},"end":{"line":25,"column":12}},"loc":{"start":{"line":25,"column":18},"end":{"line":25,"column":40}}}},"branchMap":{"0":{"loc":{"start":{"line":12,"column":17},"end":{"line":12,"column":51}},"type":"binary-expr","locations":[{"start":{"line":12,"column":17},"end":{"line":12,"column":43}},{"start":{"line":12,"column":47},"end":{"line":12,"column":51}}]},"1":{"loc":{"start":{"line":15,"column":19},"end":{"line":15,"column":62}},"type":"binary-expr","locations":[{"start":{"line":15,"column":19},"end":{"line":15,"column":41}},{"start":{"line":15,"column":45},"end":{"line":15,"column":62}}]},"2":{"loc":{"start":{"line":21,"column":4},"end":{"line":21,"column":49}},"type":"if","locations":[{"start":{"line":21,"column":4},"end":{"line":21,"column":49}}]},"3":{"loc":{"start":{"line":23,"column":25},"end":{"line":23,"column":78}},"type":"binary-expr","locations":[{"start":{"line":23,"column":25},"end":{"line":23,"column":49}},{"start":{"line":23,"column":53},"end":{"line":23,"column":78}}]},"4":{"loc":{"start":{"line":29,"column":7},"end":{"line":32,"column":40}},"type":"cond-expr","locations":[{"start":{"line":31,"column":10},"end":{"line":31,"column":17}},{"start":{"line":32,"column":12},"end":{"line":32,"column":39}}]},"5":{"loc":{"start":{"line":29,"column":7},"end":{"line":30,"column":52}},"type":"binary-expr","locations":[{"start":{"line":29,"column":7},"end":{"line":29,"column":36}},{"start":{"line":30,"column":6},"end":{"line":30,"column":52}}]},"6":{"loc":{"start":{"line":32,"column":12},"end":{"line":32,"column":39}},"type":"binary-expr","locations":[{"start":{"line":32,"column":12},"end":{"line":32,"column":29}},{"start":{"line":32,"column":33},"end":{"line":32,"column":39}}]}},"s":{"0":1,"1":1,"2":1,"3":1,"4":1,"5":5,"6":3,"7":5,"8":3,"9":3,"10":1,"11":2,"12":2,"13":2,"14":2,"15":1,"16":1},"f":{"0":5,"1":3,"2":3,"3":2},"b":{"0":[3,2],"1":[5,0],"2":[1],"3":[2,2],"4":[1,1],"5":[2,2],"6":[1,1]}}
,"/Users/andydo/Desktop/learning-english-ielts/backend/src/common/decorators/skip-transform.decorator.ts": {"path":"/Users/andydo/Desktop/learning-english-ielts/backend/src/common/decorators/skip-transform.decorator.ts","statementMap":{"0":{"start":{"line":1,"column":0},"end":{"line":1,"column":45}},"1":{"start":{"line":12,"column":13},"end":{"line":12,"column":50}},"2":{"start":{"line":13,"column":29},"end":{"line":13,"column":72}},"3":{"start":{"line":13,"column":35},"end":{"line":13,"column":72}},"4":{"start":{"line":13,"column":13},"end":{"line":13,"column":29}}},"fnMap":{"0":{"name":"(anonymous_0)","decl":{"start":{"line":13,"column":29},"end":{"line":13,"column":32}},"loc":{"start":{"line":13,"column":35},"end":{"line":13,"column":72}}}},"branchMap":{},"s":{"0":2,"1":2,"2":2,"3":1,"4":2},"f":{"0":1},"b":{}}
,"/Users/andydo/Desktop/learning-english-ielts/backend/src/common/filters/http-exception.filter.ts": {"path":"/Users/andydo/Desktop/learning-english-ielts/backend/src/common/filters/http-exception.filter.ts","statementMap":{"0":{"start":{"line":1,"column":0},"end":{"line":1,"column":null}},"1":{"start":{"line":22,"column":7},"end":{"line":66,"column":null}},"2":{"start":{"line":24,"column":16},"end":{"line":24,"column":35}},"3":{"start":{"line":25,"column":16},"end":{"line":25,"column":43}},"4":{"start":{"line":26,"column":16},"end":{"line":26,"column":41}},"5":{"start":{"line":28,"column":19},"end":{"line":28,"column":53}},"6":{"start":{"line":29,"column":19},"end":{"line":31,"column":40}},"7":{"start":{"line":33,"column":37},"end":{"line":33,"column":60}},"8":{"start":{"line":34,"column":16},"end":{"line":34,"column":39}},"9":{"start":{"line":36,"column":4},"end":{"line":51,"column":5}},"10":{"start":{"line":37,"column":27},"end":{"line":37,"column":50}},"11":{"start":{"line":39,"column":6},"end":{"line":45,"column":7}},"12":{"start":{"line":40,"column":8},"end":{"line":40,"column":31}},"13":{"start":{"line":41,"column":13},"end":{"line":45,"column":7}},"14":{"start":{"line":42,"column":21},"end":{"line":42,"column":60}},"15":{"start":{"line":43,"column":8},"end":{"line":43,"column":78}},"16":{"start":{"line":44,"column":8},"end":{"line":44,"column":64}},"17":{"start":{"line":46,"column":11},"end":{"line":51,"column":5}},"18":{"start":{"line":48,"column":6},"end":{"line":50,"column":7}},"19":{"start":{"line":49,"column":8},"end":{"line":49,"column":36}},"20":{"start":{"line":54,"column":4},"end":{"line":56,"column":5}},"21":{"start":{"line":55,"column":6},"end":{"line":55,"column":64}},"22":{"start":{"line":58,"column":4},"end":{"line":64,"column":7}},"23":{"start":{"line":22,"column":13},"end":{"line":22,"column":32}},"24":{"start":{"line":22,"column":13},"end":{"line":66,"column":null}}},"fnMap":{"0":{"name":"(anonymous_1)","decl":{"start":{"line":23,"column":2},"end":{"line":23,"column":7}},"loc":{"start":{"line":23,"column":47},"end":{"line":65,"column":3}}}},"branchMap":{"0":{"loc":{"start":{"line":29,"column":19},"end":{"line":31,"column":40}},"type":"cond-expr","locations":[{"start":{"line":30,"column":8},"end":{"line":30,"column":29}},{"start":{"line":31,"column":8},"end":{"line":31,"column":40}}]},"1":{"loc":{"start":{"line":36,"column":4},"end":{"line":51,"column":5}},"type":"if","locations":[{"start":{"line":36,"column":4},"end":{"line":51,"column":5}},{"start":{"line":46,"column":11},"end":{"line":51,"column":5}}]},"2":{"loc":{"start":{"line":39,"column":6},"end":{"line":45,"column":7}},"type":"if","locations":[{"start":{"line":39,"column":6},"end":{"line":45,"column":7}},{"start":{"line":41,"column":13},"end":{"line":45,"column":7}}]},"3":{"loc":{"start":{"line":41,"column":13},"end":{"line":45,"column":7}},"type":"if","locations":[{"start":{"line":41,"column":13},"end":{"line":45,"column":7}}]},"4":{"loc":{"start":{"line":41,"column":17},"end":{"line":41,"column":74}},"type":"binary-expr","locations":[{"start":{"line":41,"column":17},"end":{"line":41,"column":49}},{"start":{"line":41,"column":53},"end":{"line":41,"column":74}}]},"5":{"loc":{"start":{"line":43,"column":19},"end":{"line":43,"column":77}},"type":"binary-expr","locations":[{"start":{"line":43,"column":19},"end":{"line":43,"column":56}},{"start":{"line":43,"column":60},"end":{"line":43,"column":77}}]},"6":{"loc":{"start":{"line":44,"column":17},"end":{"line":44,"column":63}},"type":"binary-expr","locations":[{"start":{"line":44,"column":17},"end":{"line":44,"column":41}},{"start":{"line":44,"column":45},"end":{"line":44,"column":63}}]},"7":{"loc":{"start":{"line":46,"column":11},"end":{"line":51,"column":5}},"type":"if","locations":[{"start":{"line":46,"column":11},"end":{"line":51,"column":5}}]},"8":{"loc":{"start":{"line":48,"column":6},"end":{"line":50,"column":7}},"type":"if","locations":[{"start":{"line":48,"column":6},"end":{"line":50,"column":7}}]},"9":{"loc":{"start":{"line":54,"column":4},"end":{"line":56,"column":5}},"type":"if","locations":[{"start":{"line":54,"column":4},"end":{"line":56,"column":5}}]},"10":{"loc":{"start":{"line":54,"column":8},"end":{"line":54,"column":51}},"type":"binary-expr","locations":[{"start":{"line":54,"column":8},"end":{"line":54,"column":14}},{"start":{"line":54,"column":18},"end":{"line":54,"column":51}}]},"11":{"loc":{"start":{"line":55,"column":14},"end":{"line":55,"column":63}},"type":"binary-expr","locations":[{"start":{"line":55,"column":14},"end":{"line":55,"column":52}},{"start":{"line":55,"column":56},"end":{"line":55,"column":63}}]}},"s":{"0":1,"1":1,"2":5,"3":5,"4":5,"5":5,"6":5,"7":5,"8":5,"9":5,"10":3,"11":3,"12":1,"13":2,"14":2,"15":2,"16":2,"17":2,"18":2,"19":1,"20":5,"21":3,"22":5,"23":1,"24":1},"f":{"0":5},"b":{"0":[3,2],"1":[3,2],"2":[1,2],"3":[2],"4":[2,2],"5":[2,1],"6":[2,1],"7":[2],"8":[1],"9":[3],"10":[5,5],"11":[3,0]}}
,"/Users/andydo/Desktop/learning-english-ielts/backend/src/common/interceptors/transform.interceptor.ts": {"path":"/Users/andydo/Desktop/learning-english-ielts/backend/src/common/interceptors/transform.interceptor.ts","statementMap":{"0":{"start":{"line":1,"column":0},"end":{"line":1,"column":null}},"1":{"start":{"line":7,"column":0},"end":{"line":7,"column":41}},"2":{"start":{"line":9,"column":0},"end":{"line":9,"column":37}},"3":{"start":{"line":10,"column":0},"end":{"line":10,"column":76}},"4":{"start":{"line":28,"column":7},"end":{"line":53,"column":null}},"5":{"start":{"line":31,"column":31},"end":{"line":31,"column":42}},"6":{"start":{"line":37,"column":17},"end":{"line":40,"column":6}},"7":{"start":{"line":42,"column":4},"end":{"line":42,"column":35}},"8":{"start":{"line":42,"column":14},"end":{"line":42,"column":35}},"9":{"start":{"line":44,"column":23},"end":{"line":44,"column":80}},"10":{"start":{"line":46,"column":4},"end":{"line":51,"column":6}},"11":{"start":{"line":47,"column":21},"end":{"line":50,"column":8}},"12":{"start":{"line":28,"column":13},"end":{"line":28,"column":33}},"13":{"start":{"line":28,"column":13},"end":{"line":53,"column":null}}},"fnMap":{"0":{"name":"(anonymous_2)","decl":{"start":{"line":31,"column":2},"end":{"line":31,"column":31}},"loc":{"start":{"line":31,"column":51},"end":{"line":31,"column":55}}},"1":{"name":"(anonymous_3)","decl":{"start":{"line":33,"column":2},"end":{"line":33,"column":11}},"loc":{"start":{"line":35,"column":21},"end":{"line":52,"column":3}}},"2":{"name":"(anonymous_4)","decl":{"start":{"line":47,"column":10},"end":{"line":47,"column":11}},"loc":{"start":{"line":47,"column":21},"end":{"line":50,"column":8}}}},"branchMap":{"0":{"loc":{"start":{"line":42,"column":4},"end":{"line":42,"column":35}},"type":"if","locations":[{"start":{"line":42,"column":4},"end":{"line":42,"column":35}}]}},"s":{"0":1,"1":1,"2":1,"3":1,"4":1,"5":2,"6":2,"7":2,"8":1,"9":1,"10":1,"11":1,"12":1,"13":1},"f":{"0":2,"1":2,"2":1},"b":{"0":[1]}}
,"/Users/andydo/Desktop/learning-english-ielts/backend/src/prisma/prisma.service.ts": {"path":"/Users/andydo/Desktop/learning-english-ielts/backend/src/prisma/prisma.service.ts","statementMap":{"0":{"start":{"line":1,"column":0},"end":{"line":1,"column":75}},"1":{"start":{"line":2,"column":0},"end":{"line":2,"column":46}},"2":{"start":{"line":5,"column":7},"end":{"line":13,"column":null}},"3":{"start":{"line":7,"column":4},"end":{"line":7,"column":26}},"4":{"start":{"line":11,"column":4},"end":{"line":11,"column":29}},"5":{"start":{"line":5,"column":13},"end":{"line":5,"column":26}},"6":{"start":{"line":5,"column":13},"end":{"line":13,"column":null}}},"fnMap":{"0":{"name":"(anonymous_1)","decl":{"start":{"line":6,"column":2},"end":{"line":6,"column":7}},"loc":{"start":{"line":6,"column":20},"end":{"line":8,"column":3}}},"1":{"name":"(anonymous_2)","decl":{"start":{"line":10,"column":2},"end":{"line":10,"column":7}},"loc":{"start":{"line":10,"column":23},"end":{"line":12,"column":3}}}},"branchMap":{},"s":{"0":15,"1":15,"2":15,"3":1,"4":1,"5":15,"6":15},"f":{"0":1,"1":1},"b":{}}
,"/Users/andydo/Desktop/learning-english-ielts/backend/src/progress/progress.controller.ts": {"path":"/Users/andydo/Desktop/learning-english-ielts/backend/src/progress/progress.controller.ts","statementMap":{"0":{"start":{"line":1,"column":0},"end":{"line":1,"column":84}},"1":{"start":{"line":2,"column":0},"end":{"line":2,"column":null}},"2":{"start":{"line":11,"column":0},"end":{"line":11,"column":53}},"3":{"start":{"line":12,"column":0},"end":{"line":12,"column":61}},"4":{"start":{"line":23,"column":7},"end":{"line":57,"column":null}},"5":{"start":{"line":24,"column":31},"end":{"line":24,"column":48}},"6":{"start":{"line":31,"column":4},"end":{"line":33,"column":5}},"7":{"start":{"line":32,"column":6},"end":{"line":32,"column":69}},"8":{"start":{"line":34,"column":4},"end":{"line":34,"column":54}},"9":{"start":{"line":55,"column":4},"end":{"line":55,"column":59}},"10":{"start":{"line":23,"column":13},"end":{"line":23,"column":31}},"11":{"start":{"line":30,"column":2},"end":{"line":35,"column":null}},"12":{"start":{"line":51,"column":2},"end":{"line":56,"column":null}},"13":{"start":{"line":23,"column":13},"end":{"line":57,"column":null}}},"fnMap":{"0":{"name":"(anonymous_4)","decl":{"start":{"line":24,"column":2},"end":{"line":24,"column":31}},"loc":{"start":{"line":24,"column":63},"end":{"line":24,"column":67}}},"1":{"name":"(anonymous_5)","decl":{"start":{"line":30,"column":2},"end":{"line":30,"column":6}},"loc":{"start":{"line":30,"column":66},"end":{"line":35,"column":3}}},"2":{"name":"(anonymous_6)","decl":{"start":{"line":51,"column":2},"end":{"line":51,"column":8}},"loc":{"start":{"line":53,"column":84},"end":{"line":56,"column":3}}}},"branchMap":{"0":{"loc":{"start":{"line":31,"column":4},"end":{"line":33,"column":5}},"type":"if","locations":[{"start":{"line":31,"column":4},"end":{"line":33,"column":5}}]}},"s":{"0":1,"1":1,"2":1,"3":1,"4":1,"5":3,"6":2,"7":1,"8":1,"9":1,"10":1,"11":1,"12":1,"13":1},"f":{"0":3,"1":2,"2":1},"b":{"0":[1]}}
,"/Users/andydo/Desktop/learning-english-ielts/backend/src/progress/progress.service.ts": {"path":"/Users/andydo/Desktop/learning-english-ielts/backend/src/progress/progress.service.ts","statementMap":{"0":{"start":{"line":1,"column":0},"end":{"line":1,"column":44}},"1":{"start":{"line":2,"column":0},"end":{"line":2,"column":57}},"2":{"start":{"line":5,"column":7},"end":{"line":46,"column":null}},"3":{"start":{"line":6,"column":31},"end":{"line":6,"column":39}},"4":{"start":{"line":9,"column":4},"end":{"line":15,"column":7}},"5":{"start":{"line":19,"column":21},"end":{"line":21,"column":6}},"6":{"start":{"line":22,"column":4},"end":{"line":22,"column":63}},"7":{"start":{"line":29,"column":55},"end":{"line":29,"column":59}},"8":{"start":{"line":30,"column":4},"end":{"line":44,"column":7}},"9":{"start":{"line":5,"column":13},"end":{"line":5,"column":28}},"10":{"start":{"line":5,"column":13},"end":{"line":46,"column":null}}},"fnMap":{"0":{"name":"(anonymous_2)","decl":{"start":{"line":6,"column":2},"end":{"line":6,"column":31}},"loc":{"start":{"line":6,"column":52},"end":{"line":6,"column":56}}},"1":{"name":"(anonymous_3)","decl":{"start":{"line":8,"column":2},"end":{"line":8,"column":7}},"loc":{"start":{"line":8,"column":30},"end":{"line":16,"column":3}}},"2":{"name":"(anonymous_4)","decl":{"start":{"line":18,"column":2},"end":{"line":18,"column":7}},"loc":{"start":{"line":18,"column":51},"end":{"line":23,"column":3}}},"3":{"name":"(anonymous_5)","decl":{"start":{"line":25,"column":2},"end":{"line":25,"column":7}},"loc":{"start":{"line":27,"column":76},"end":{"line":45,"column":3}}}},"branchMap":{"0":{"loc":{"start":{"line":22,"column":11},"end":{"line":22,"column":62}},"type":"binary-expr","locations":[{"start":{"line":22,"column":11},"end":{"line":22,"column":19}},{"start":{"line":22,"column":23},"end":{"line":22,"column":62}}]},"1":{"loc":{"start":{"line":35,"column":21},"end":{"line":35,"column":72}},"type":"cond-expr","locations":[{"start":{"line":35,"column":55},"end":{"line":35,"column":65}},{"start":{"line":35,"column":68},"end":{"line":35,"column":72}}]},"2":{"loc":{"start":{"line":42,"column":21},"end":{"line":42,"column":72}},"type":"cond-expr","locations":[{"start":{"line":42,"column":55},"end":{"line":42,"column":65}},{"start":{"line":42,"column":68},"end":{"line":42,"column":72}}]}},"s":{"0":2,"1":2,"2":2,"3":6,"4":1,"5":2,"6":2,"7":2,"8":2,"9":2,"10":2},"f":{"0":6,"1":1,"2":2,"3":2},"b":{"0":[2,1],"1":[1,1],"2":[1,1]}}
,"/Users/andydo/Desktop/learning-english-ielts/backend/src/speaking/speaking.controller.ts": {"path":"/Users/andydo/Desktop/learning-english-ielts/backend/src/speaking/speaking.controller.ts","statementMap":{"0":{"start":{"line":1,"column":0},"end":{"line":1,"column":null}},"1":{"start":{"line":11,"column":0},"end":{"line":11,"column":null}},"2":{"start":{"line":19,"column":0},"end":{"line":19,"column":71}},"3":{"start":{"line":20,"column":0},"end":{"line":20,"column":61}},"4":{"start":{"line":26,"column":7},"end":{"line":87,"column":null}},"5":{"start":{"line":27,"column":31},"end":{"line":27,"column":48}},"6":{"start":{"line":67,"column":21},"end":{"line":70,"column":null}},"7":{"start":{"line":73,"column":4},"end":{"line":73,"column":63}},"8":{"start":{"line":74,"column":4},"end":{"line":74,"column":50}},"9":{"start":{"line":76,"column":19},"end":{"line":76,"column":39}},"10":{"start":{"line":77,"column":4},"end":{"line":85,"column":5}},"11":{"start":{"line":78,"column":6},"end":{"line":82,"column":7}},"12":{"start":{"line":79,"column":32},"end":{"line":79,"column":51}},"13":{"start":{"line":80,"column":8},"end":{"line":80,"column":24}},"14":{"start":{"line":80,"column":18},"end":{"line":80,"column":24}},"15":{"start":{"line":81,"column":8},"end":{"line":81,"column":25}},"16":{"start":{"line":84,"column":6},"end":{"line":84,"column":16}},"17":{"start":{"line":26,"column":13},"end":{"line":26,"column":31}},"18":{"start":{"line":63,"column":8},"end":{"line":86,"column":null}},"19":{"start":{"line":26,"column":13},"end":{"line":87,"column":null}}},"fnMap":{"0":{"name":"(anonymous_4)","decl":{"start":{"line":27,"column":2},"end":{"line":27,"column":31}},"loc":{"start":{"line":27,"column":63},"end":{"line":27,"column":67}}},"1":{"name":"(anonymous_5)","decl":{"start":{"line":63,"column":2},"end":{"line":63,"column":7}},"loc":{"start":{"line":65,"column":24},"end":{"line":86,"column":3}}}},"branchMap":{"0":{"loc":{"start":{"line":80,"column":8},"end":{"line":80,"column":24}},"type":"if","locations":[{"start":{"line":80,"column":8},"end":{"line":80,"column":24}}]}},"s":{"0":1,"1":1,"2":1,"3":1,"4":1,"5":2,"6":1,"7":1,"8":1,"9":1,"10":1,"11":1,"12":2,"13":2,"14":1,"15":1,"16":1,"17":1,"18":1,"19":1},"f":{"0":2,"1":1},"b":{"0":[1]}}
,"/Users/andydo/Desktop/learning-english-ielts/backend/src/speaking/speaking.service.ts": {"path":"/Users/andydo/Desktop/learning-english-ielts/backend/src/speaking/speaking.service.ts","statementMap":{"0":{"start":{"line":1,"column":0},"end":{"line":1,"column":73}},"1":{"start":{"line":2,"column":0},"end":{"line":2,"column":42}},"2":{"start":{"line":4,"column":15},"end":{"line":11,"column":59}},"3":{"start":{"line":19,"column":7},"end":{"line":62,"column":null}},"4":{"start":{"line":25,"column":22},"end":{"line":25,"column":51}},"5":{"start":{"line":27,"column":6},"end":{"line":27,"column":73}},"6":{"start":{"line":29,"column":4},"end":{"line":33,"column":5}},"7":{"start":{"line":30,"column":6},"end":{"line":32,"column":8}},"8":{"start":{"line":35,"column":19},"end":{"line":35,"column":44}},"9":{"start":{"line":37,"column":19},"end":{"line":42,"column":6}},"10":{"start":{"line":44,"column":4},"end":{"line":60,"column":7}},"11":{"start":{"line":46,"column":8},"end":{"line":58,"column":9}},"12":{"start":{"line":47,"column":10},"end":{"line":54,"column":11}},"13":{"start":{"line":48,"column":12},"end":{"line":53,"column":13}},"14":{"start":{"line":52,"column":14},"end":{"line":52,"column":77}},"15":{"start":{"line":55,"column":10},"end":{"line":55,"column":29}},"16":{"start":{"line":57,"column":10},"end":{"line":57,"column":32}},"17":{"start":{"line":19,"column":13},"end":{"line":19,"column":28}},"18":{"start":{"line":19,"column":13},"end":{"line":62,"column":null}}},"fnMap":{"0":{"name":"(anonymous_1)","decl":{"start":{"line":20,"column":2},"end":{"line":20,"column":7}},"loc":{"start":{"line":23,"column":23},"end":{"line":61,"column":3}}},"1":{"name":"(anonymous_2)","decl":{"start":{"line":45,"column":6},"end":{"line":45,"column":11}},"loc":{"start":{"line":45,"column":28},"end":{"line":59,"column":7}}}},"branchMap":{"0":{"loc":{"start":{"line":27,"column":6},"end":{"line":27,"column":73}},"type":"cond-expr","locations":[{"start":{"line":27,"column":51},"end":{"line":27,"column":60}},{"start":{"line":27,"column":63},"end":{"line":27,"column":73}}]},"1":{"loc":{"start":{"line":27,"column":6},"end":{"line":27,"column":48}},"type":"binary-expr","locations":[{"start":{"line":27,"column":6},"end":{"line":27,"column":15}},{"start":{"line":27,"column":19},"end":{"line":27,"column":48}}]},"2":{"loc":{"start":{"line":29,"column":4},"end":{"line":33,"column":5}},"type":"if","locations":[{"start":{"line":29,"column":4},"end":{"line":33,"column":5}}]},"3":{"loc":{"start":{"line":48,"column":12},"end":{"line":53,"column":13}},"type":"if","locations":[{"start":{"line":48,"column":12},"end":{"line":53,"column":13}}]},"4":{"loc":{"start":{"line":49,"column":14},"end":{"line":50,"column":47}},"type":"binary-expr","locations":[{"start":{"line":49,"column":14},"end":{"line":49,"column":50}},{"start":{"line":50,"column":14},"end":{"line":50,"column":47}}]}},"s":{"0":2,"1":2,"2":2,"3":2,"4":3,"5":3,"6":3,"7":1,"8":2,"9":2,"10":2,"11":2,"12":2,"13":2,"14":2,"15":1,"16":1,"17":2,"18":2},"f":{"0":3,"1":2},"b":{"0":[1,2],"1":[3,2],"2":[1],"3":[2],"4":[2,2]}}
,"/Users/andydo/Desktop/learning-english-ielts/backend/src/transcript/transcript.controller.ts": {"path":"/Users/andydo/Desktop/learning-english-ielts/backend/src/transcript/transcript.controller.ts","statementMap":{"0":{"start":{"line":1,"column":0},"end":{"line":1,"column":83}},"1":{"start":{"line":2,"column":0},"end":{"line":2,"column":null}},"2":{"start":{"line":8,"column":0},"end":{"line":8,"column":57}},"3":{"start":{"line":12,"column":7},"end":{"line":39,"column":null}},"4":{"start":{"line":13,"column":31},"end":{"line":13,"column":50}},"5":{"start":{"line":27,"column":4},"end":{"line":29,"column":5}},"6":{"start":{"line":28,"column":6},"end":{"line":28,"column":77}},"7":{"start":{"line":31,"column":4},"end":{"line":37,"column":5}},"8":{"start":{"line":32,"column":6},"end":{"line":32,"column":63}},"9":{"start":{"line":34,"column":18},"end":{"line":34,"column":83}},"10":{"start":{"line":35,"column":21},"end":{"line":35,"column":107}},"11":{"start":{"line":36,"column":6},"end":{"line":36,"column":43}},"12":{"start":{"line":12,"column":13},"end":{"line":12,"column":33}},"13":{"start":{"line":23,"column":8},"end":{"line":38,"column":null}},"14":{"start":{"line":12,"column":13},"end":{"line":39,"column":null}}},"fnMap":{"0":{"name":"(anonymous_4)","decl":{"start":{"line":13,"column":2},"end":{"line":13,"column":31}},"loc":{"start":{"line":13,"column":67},"end":{"line":13,"column":71}}},"1":{"name":"(anonymous_5)","decl":{"start":{"line":23,"column":2},"end":{"line":23,"column":7}},"loc":{"start":{"line":25,"column":38},"end":{"line":38,"column":3}}}},"branchMap":{"0":{"loc":{"start":{"line":25,"column":19},"end":{"line":25,"column":38}},"type":"default-arg","locations":[{"start":{"line":25,"column":34},"end":{"line":25,"column":38}}]},"1":{"loc":{"start":{"line":27,"column":4},"end":{"line":29,"column":5}},"type":"if","locations":[{"start":{"line":27,"column":4},"end":{"line":29,"column":5}}]},"2":{"loc":{"start":{"line":34,"column":18},"end":{"line":34,"column":83}},"type":"cond-expr","locations":[{"start":{"line":34,"column":41},"end":{"line":34,"column":52}},{"start":{"line":34,"column":55},"end":{"line":34,"column":83}}]},"3":{"loc":{"start":{"line":35,"column":21},"end":{"line":35,"column":107}},"type":"cond-expr","locations":[{"start":{"line":35,"column":62},"end":{"line":35,"column":82}},{"start":{"line":35,"column":85},"end":{"line":35,"column":107}}]}},"s":{"0":1,"1":1,"2":1,"3":1,"4":5,"5":5,"6":2,"7":3,"8":3,"9":2,"10":2,"11":2,"12":1,"13":1,"14":1},"f":{"0":5,"1":5},"b":{"0":[0],"1":[2],"2":[2,0],"3":[1,1]}}
,"/Users/andydo/Desktop/learning-english-ielts/backend/src/transcript/transcript.service.ts": {"path":"/Users/andydo/Desktop/learning-english-ielts/backend/src/transcript/transcript.service.ts","statementMap":{"0":{"start":{"line":1,"column":0},"end":{"line":1,"column":44}},"1":{"start":{"line":2,"column":0},"end":{"line":2,"column":55}},"2":{"start":{"line":11,"column":22},"end":{"line":11,"column":43}},"3":{"start":{"line":12,"column":28},"end":{"line":12,"column":44}},"4":{"start":{"line":15,"column":7},"end":{"line":34,"column":null}},"5":{"start":{"line":17,"column":17},"end":{"line":17,"column":60}},"6":{"start":{"line":19,"column":18},"end":{"line":19,"column":76}},"7":{"start":{"line":20,"column":37},"end":{"line":25,"column":7}},"8":{"start":{"line":20,"column":55},"end":{"line":25,"column":6}},"9":{"start":{"line":27,"column":19},"end":{"line":27,"column":67}},"10":{"start":{"line":27,"column":50},"end":{"line":27,"column":56}},"11":{"start":{"line":28,"column":4},"end":{"line":30,"column":5}},"12":{"start":{"line":29,"column":6},"end":{"line":29,"column":111}},"13":{"start":{"line":32,"column":4},"end":{"line":32,"column":18}},"14":{"start":{"line":15,"column":13},"end":{"line":15,"column":30}},"15":{"start":{"line":15,"column":13},"end":{"line":34,"column":null}}},"fnMap":{"0":{"name":"(anonymous_1)","decl":{"start":{"line":16,"column":2},"end":{"line":16,"column":7}},"loc":{"start":{"line":16,"column":46},"end":{"line":33,"column":3}}},"1":{"name":"(anonymous_2)","decl":{"start":{"line":20,"column":47},"end":{"line":20,"column":48}},"loc":{"start":{"line":20,"column":55},"end":{"line":25,"column":6}}},"2":{"name":"(anonymous_3)","decl":{"start":{"line":27,"column":43},"end":{"line":27,"column":44}},"loc":{"start":{"line":27,"column":50},"end":{"line":27,"column":56}}}},"branchMap":{"0":{"loc":{"start":{"line":17,"column":17},"end":{"line":17,"column":60}},"type":"cond-expr","locations":[{"start":{"line":17,"column":46},"end":{"line":17,"column":53}},{"start":{"line":17,"column":56},"end":{"line":17,"column":60}}]},"1":{"loc":{"start":{"line":24,"column":13},"end":{"line":24,"column":49}},"type":"binary-expr","locations":[{"start":{"line":24,"column":13},"end":{"line":24,"column":41}},{"start":{"line":24,"column":45},"end":{"line":24,"column":49}}]},"2":{"loc":{"start":{"line":28,"column":4},"end":{"line":30,"column":5}},"type":"if","locations":[{"start":{"line":28,"column":4},"end":{"line":30,"column":5}}]}},"s":{"0":2,"1":2,"2":2,"3":2,"4":2,"5":3,"6":3,"7":3,"8":3,"9":3,"10":3,"11":3,"12":1,"13":2,"14":2,"15":2},"f":{"0":3,"1":3,"2":3},"b":{"0":[2,1],"1":[3,0],"2":[1]}}
,"/Users/andydo/Desktop/learning-english-ielts/backend/src/users/users.controller.ts": {"path":"/Users/andydo/Desktop/learning-english-ielts/backend/src/users/users.controller.ts","statementMap":{"0":{"start":{"line":1,"column":0},"end":{"line":1,"column":null}},"1":{"start":{"line":13,"column":0},"end":{"line":13,"column":61}},"2":{"start":{"line":14,"column":0},"end":{"line":14,"column":47}},"3":{"start":{"line":15,"column":0},"end":{"line":15,"column":62}},"4":{"start":{"line":16,"column":0},"end":{"line":16,"column":72}},"5":{"start":{"line":24,"column":7},"end":{"line":95,"column":null}},"6":{"start":{"line":25,"column":31},"end":{"line":25,"column":45}},"7":{"start":{"line":30,"column":17},"end":{"line":30,"column":62}},"8":{"start":{"line":31,"column":4},"end":{"line":31,"column":16}},"9":{"start":{"line":37,"column":4},"end":{"line":37,"column":52}},"10":{"start":{"line":46,"column":4},"end":{"line":46,"column":60}},"11":{"start":{"line":56,"column":4},"end":{"line":56,"column":64}},"12":{"start":{"line":62,"column":4},"end":{"line":62,"column":57}},"13":{"start":{"line":72,"column":4},"end":{"line":72,"column":62}},"14":{"start":{"line":78,"column":4},"end":{"line":78,"column":60}},"15":{"start":{"line":88,"column":4},"end":{"line":93,"column":7}},"16":{"start":{"line":24,"column":13},"end":{"line":24,"column":28}},"17":{"start":{"line":29,"column":8},"end":{"line":32,"column":null}},"18":{"start":{"line":36,"column":8},"end":{"line":38,"column":null}},"19":{"start":{"line":42,"column":8},"end":{"line":47,"column":null}},"20":{"start":{"line":52,"column":8},"end":{"line":57,"column":null}},"21":{"start":{"line":61,"column":8},"end":{"line":63,"column":null}},"22":{"start":{"line":68,"column":8},"end":{"line":73,"column":null}},"23":{"start":{"line":77,"column":8},"end":{"line":79,"column":null}},"24":{"start":{"line":87,"column":8},"end":{"line":94,"column":null}},"25":{"start":{"line":24,"column":13},"end":{"line":95,"column":null}}},"fnMap":{"0":{"name":"(anonymous_4)","decl":{"start":{"line":25,"column":2},"end":{"line":25,"column":31}},"loc":{"start":{"line":25,"column":57},"end":{"line":25,"column":61}}},"1":{"name":"(anonymous_5)","decl":{"start":{"line":29,"column":2},"end":{"line":29,"column":7}},"loc":{"start":{"line":29,"column":48},"end":{"line":32,"column":3}}},"2":{"name":"(anonymous_6)","decl":{"start":{"line":36,"column":2},"end":{"line":36,"column":7}},"loc":{"start":{"line":36,"column":47},"end":{"line":38,"column":3}}},"3":{"name":"(anonymous_7)","decl":{"start":{"line":42,"column":2},"end":{"line":42,"column":7}},"loc":{"start":{"line":44,"column":32},"end":{"line":47,"column":3}}},"4":{"name":"(anonymous_8)","decl":{"start":{"line":52,"column":2},"end":{"line":52,"column":7}},"loc":{"start":{"line":54,"column":36},"end":{"line":57,"column":3}}},"5":{"name":"(anonymous_9)","decl":{"start":{"line":61,"column":2},"end":{"line":61,"column":7}},"loc":{"start":{"line":61,"column":52},"end":{"line":63,"column":3}}},"6":{"name":"(anonymous_10)","decl":{"start":{"line":68,"column":2},"end":{"line":68,"column":7}},"loc":{"start":{"line":70,"column":34},"end":{"line":73,"column":3}}},"7":{"name":"(anonymous_11)","decl":{"start":{"line":77,"column":2},"end":{"line":77,"column":7}},"loc":{"start":{"line":77,"column":55},"end":{"line":79,"column":3}}},"8":{"name":"(anonymous_12)","decl":{"start":{"line":87,"column":2},"end":{"line":87,"column":7}},"loc":{"start":{"line":87,"column":92},"end":{"line":94,"column":3}}}},"branchMap":{},"s":{"0":1,"1":1,"2":1,"3":1,"4":1,"5":1,"6":8,"7":1,"8":1,"9":1,"10":1,"11":1,"12":1,"13":1,"14":1,"15":1,"16":1,"17":1,"18":1,"19":1,"20":1,"21":1,"22":1,"23":1,"24":1,"25":1},"f":{"0":8,"1":1,"2":1,"3":1,"4":1,"5":1,"6":1,"7":1,"8":1},"b":{}}
,"/Users/andydo/Desktop/learning-english-ielts/backend/src/users/users.service.ts": {"path":"/Users/andydo/Desktop/learning-english-ielts/backend/src/users/users.service.ts","statementMap":{"0":{"start":{"line":1,"column":0},"end":{"line":1,"column":63}},"1":{"start":{"line":2,"column":0},"end":{"line":2,"column":57}},"2":{"start":{"line":4,"column":0},"end":{"line":4,"column":40}},"3":{"start":{"line":22,"column":7},"end":{"line":301,"column":null}},"4":{"start":{"line":23,"column":31},"end":{"line":23,"column":39}},"5":{"start":{"line":26,"column":4},"end":{"line":26,"column":64}},"6":{"start":{"line":30,"column":4},"end":{"line":30,"column":58}},"7":{"start":{"line":34,"column":4},"end":{"line":34,"column":50}},"8":{"start":{"line":38,"column":4},"end":{"line":38,"column":60}},"9":{"start":{"line":50,"column":25},"end":{"line":50,"column":47}},"10":{"start":{"line":51,"column":17},"end":{"line":51,"column":46}},"11":{"start":{"line":52,"column":19},"end":{"line":52,"column":34}},"12":{"start":{"line":54,"column":4},"end":{"line":138,"column":6}},"13":{"start":{"line":57,"column":27},"end":{"line":59,"column":10}},"14":{"start":{"line":61,"column":8},"end":{"line":71,"column":9}},"15":{"start":{"line":62,"column":23},"end":{"line":62,"column":74}},"16":{"start":{"line":63,"column":10},"end":{"line":65,"column":11}},"17":{"start":{"line":64,"column":12},"end":{"line":64,"column":58}},"18":{"start":{"line":66,"column":10},"end":{"line":70,"column":12}},"19":{"start":{"line":74,"column":8},"end":{"line":81,"column":9}},"20":{"start":{"line":75,"column":10},"end":{"line":78,"column":12}},"21":{"start":{"line":84,"column":21},"end":{"line":84,"column":72}},"22":{"start":{"line":85,"column":8},"end":{"line":87,"column":9}},"23":{"start":{"line":86,"column":10},"end":{"line":86,"column":56}},"24":{"start":{"line":90,"column":20},"end":{"line":90,"column":30}},"25":{"start":{"line":91,"column":33},"end":{"line":91,"column":54}},"26":{"start":{"line":93,"column":10},"end":{"line":94,"column":75}},"27":{"start":{"line":97,"column":10},"end":{"line":97,"column":93}},"28":{"start":{"line":98,"column":29},"end":{"line":98,"column":84}},"29":{"start":{"line":101,"column":28},"end":{"line":107,"column":10}},"30":{"start":{"line":109,"column":34},"end":{"line":127,"column":10}},"31":{"start":{"line":129,"column":8},"end":{"line":133,"column":10}},"32":{"start":{"line":142,"column":4},"end":{"line":145,"column":7}},"33":{"start":{"line":149,"column":17},"end":{"line":159,"column":6}},"34":{"start":{"line":160,"column":4},"end":{"line":162,"column":5}},"35":{"start":{"line":161,"column":6},"end":{"line":161,"column":52}},"36":{"start":{"line":164,"column":29},"end":{"line":167,"column":6}},"37":{"start":{"line":169,"column":4},"end":{"line":172,"column":6}},"38":{"start":{"line":176,"column":17},"end":{"line":176,"column":77}},"39":{"start":{"line":177,"column":4},"end":{"line":179,"column":5}},"40":{"start":{"line":178,"column":6},"end":{"line":178,"column":52}},"41":{"start":{"line":181,"column":4},"end":{"line":198,"column":7}},"42":{"start":{"line":202,"column":17},"end":{"line":202,"column":77}},"43":{"start":{"line":203,"column":4},"end":{"line":205,"column":5}},"44":{"start":{"line":204,"column":6},"end":{"line":204,"column":52}},"45":{"start":{"line":208,"column":107},"end":{"line":219,"column":6}},"46":{"start":{"line":221,"column":27},"end":{"line":221,"column":28}},"47":{"start":{"line":222,"column":25},"end":{"line":222,"column":26}},"48":{"start":{"line":223,"column":23},"end":{"line":223,"column":24}},"49":{"start":{"line":224,"column":21},"end":{"line":224,"column":22}},"50":{"start":{"line":225,"column":25},"end":{"line":225,"column":26}},"51":{"start":{"line":226,"column":23},"end":{"line":226,"column":24}},"52":{"start":{"line":228,"column":4},"end":{"line":243,"column":5}},"53":{"start":{"line":229,"column":18},"end":{"line":229,"column":44}},"54":{"start":{"line":230,"column":6},"end":{"line":242,"column":7}},"55":{"start":{"line":231,"column":26},"end":{"line":231,"column":60}},"56":{"start":{"line":232,"column":8},"end":{"line":241,"column":9}},"57":{"start":{"line":233,"column":10},"end":{"line":233,"column":27}},"58":{"start":{"line":234,"column":10},"end":{"line":234,"column":44}},"59":{"start":{"line":234,"column":25},"end":{"line":234,"column":44}},"60":{"start":{"line":235,"column":15},"end":{"line":241,"column":9}},"61":{"start":{"line":236,"column":10},"end":{"line":236,"column":23}},"62":{"start":{"line":237,"column":10},"end":{"line":237,"column":40}},"63":{"start":{"line":237,"column":25},"end":{"line":237,"column":40}},"64":{"start":{"line":238,"column":15},"end":{"line":241,"column":9}},"65":{"start":{"line":239,"column":10},"end":{"line":239,"column":25}},"66":{"start":{"line":240,"column":10},"end":{"line":240,"column":42}},"67":{"start":{"line":240,"column":25},"end":{"line":240,"column":42}},"68":{"start":{"line":245,"column":27},"end":{"line":245,"column":106}},"69":{"start":{"line":246,"column":28},"end":{"line":246,"column":95}},"70":{"start":{"line":247,"column":25},"end":{"line":247,"column":98}},"71":{"start":{"line":249,"column":23},"end":{"line":249,"column":88}},"72":{"start":{"line":251,"column":20},"end":{"line":251,"column":24}},"73":{"start":{"line":252,"column":20},"end":{"line":252,"column":23}},"74":{"start":{"line":254,"column":4},"end":{"line":269,"column":5}},"75":{"start":{"line":255,"column":6},"end":{"line":255,"column":23}},"76":{"start":{"line":256,"column":6},"end":{"line":256,"column":22}},"77":{"start":{"line":257,"column":11},"end":{"line":269,"column":5}},"78":{"start":{"line":258,"column":6},"end":{"line":258,"column":23}},"79":{"start":{"line":259,"column":6},"end":{"line":259,"column":22}},"80":{"start":{"line":260,"column":11},"end":{"line":269,"column":5}},"81":{"start":{"line":261,"column":6},"end":{"line":261,"column":23}},"82":{"start":{"line":262,"column":6},"end":{"line":262,"column":22}},"83":{"start":{"line":263,"column":11},"end":{"line":269,"column":5}},"84":{"start":{"line":264,"column":6},"end":{"line":264,"column":23}},"85":{"start":{"line":265,"column":6},"end":{"line":265,"column":22}},"86":{"start":{"line":267,"column":6},"end":{"line":267,"column":23}},"87":{"start":{"line":268,"column":6},"end":{"line":268,"column":22}},"88":{"start":{"line":271,"column":29},"end":{"line":282,"column":6}},"89":{"start":{"line":284,"column":4},"end":{"line":290,"column":7}},"90":{"start":{"line":292,"column":4},"end":{"line":292,"column":28}},"91":{"start":{"line":296,"column":4},"end":{"line":299,"column":7}},"92":{"start":{"line":22,"column":13},"end":{"line":22,"column":25}},"93":{"start":{"line":22,"column":13},"end":{"line":301,"column":null}}},"fnMap":{"0":{"name":"(anonymous_2)","decl":{"start":{"line":23,"column":2},"end":{"line":23,"column":31}},"loc":{"start":{"line":23,"column":52},"end":{"line":23,"column":56}}},"1":{"name":"(anonymous_3)","decl":{"start":{"line":25,"column":2},"end":{"line":25,"column":7}},"loc":{"start":{"line":25,"column":39},"end":{"line":27,"column":3}}},"2":{"name":"(anonymous_4)","decl":{"start":{"line":29,"column":2},"end":{"line":29,"column":7}},"loc":{"start":{"line":29,"column":27},"end":{"line":31,"column":3}}},"3":{"name":"(anonymous_5)","decl":{"start":{"line":33,"column":2},"end":{"line":33,"column":7}},"loc":{"start":{"line":33,"column":33},"end":{"line":35,"column":3}}},"4":{"name":"(anonymous_6)","decl":{"start":{"line":37,"column":2},"end":{"line":37,"column":7}},"loc":{"start":{"line":37,"column":55},"end":{"line":39,"column":3}}},"5":{"name":"(anonymous_7)","decl":{"start":{"line":46,"column":2},"end":{"line":46,"column":7}},"loc":{"start":{"line":48,"column":26},"end":{"line":139,"column":3}}},"6":{"name":"(anonymous_8)","decl":{"start":{"line":55,"column":6},"end":{"line":55,"column":11}},"loc":{"start":{"line":55,"column":19},"end":{"line":134,"column":7}}},"7":{"name":"(anonymous_9)","decl":{
[...]
"36":{"start":{"line":70,"column":24},"end":{"line":70,"column":72}},"37":{"start":{"line":71,"column":4},"end":{"line":71,"column":31}},"38":{"start":{"line":71,"column":22},"end":{"line":71,"column":31}},"39":{"start":{"line":74,"column":19},"end":{"line":74,"column":30}},"40":{"start":{"line":77,"column":20},"end":{"line":77,"column":95}},"41":{"start":{"line":78,"column":4},"end":{"line":81,"column":5}},"42":{"start":{"line":79,"column":6},"end":{"line":79,"column":38}},"43":{"start":{"line":80,"column":6},"end":{"line":80,"column":64}},"44":{"start":{"line":84,"column":21},"end":{"line":84,"column":94}},"45":{"start":{"line":85,"column":4},"end":{"line":97,"column":5}},"46":{"start":{"line":86,"column":19},"end":{"line":86,"column":37}},"47":{"start":{"line":87,"column":18},"end":{"line":87,"column":36}},"48":{"start":{"line":88,"column":6},"end":{"line":96,"column":7}},"49":{"start":{"line":89,"column":8},"end":{"line":94,"column":11}},"50":{"start":{"line":95,"column":8},"end":{"line":95,"column":17}},"51":{"start":{"line":100,"column":23},"end":{"line":100,"column":54}},"52":{"start":{"line":101,"column":4},"end":{"line":106,"column":5}},"53":{"start":{"line":102,"column":6},"end":{"line":105,"column":9}},"54":{"start":{"line":109,"column":2},"end":{"line":109,"column":17}}},"fnMap":{"0":{"name":"parseLlmNoteText","decl":{"start":{"line":8,"column":16},"end":{"line":8,"column":32}},"loc":{"start":{"line":8,"column":48},"end":{"line":110,"column":1}}},"1":{"name":"(anonymous_1)","decl":{"start":{"line":44,"column":29},"end":{"line":44,"column":30}},"loc":{"start":{"line":44,"column":36},"end":{"line":44,"column":71}}},"2":{"name":"(anonymous_2)","decl":{"start":{"line":52,"column":13},"end":{"line":52,"column":14}},"loc":{"start":{"line":52,"column":20},"end":{"line":52,"column":28}}},"3":{"name":"(anonymous_3)","decl":{"start":{"line":53,"column":16},"end":{"line":53,"column":17}},"loc":{"start":{"line":53,"column":33},"end":{"line":53,"column":64}}}},"branchMap":{"0":{"loc":{"start":{"line":9,"column":2},"end":{"line":9,"column":45}},"type":"if","locations":[{"start":{"line":9,"column":2},"end":{"line":9,"column":45}}]},"1":{"loc":{"start":{"line":9,"column":6},"end":{"line":9,"column":33}},"type":"binary-expr","locations":[{"start":{"line":9,"column":6},"end":{"line":9,"column":14}},{"start":{"line":9,"column":18},"end":{"line":9,"column":33}}]},"2":{"loc":{"start":{"line":16,"column":4},"end":{"line":18,"column":5}},"type":"if","locations":[{"start":{"line":16,"column":4},"end":{"line":18,"column":5}}]},"3":{"loc":{"start":{"line":19,"column":4},"end":{"line":35,"column":5}},"type":"if","locations":[{"start":{"line":19,"column":4},"end":{"line":35,"column":5}}]},"4":{"loc":{"start":{"line":19,"column":8},"end":{"line":19,"column":56}},"type":"binary-expr","locations":[{"start":{"line":19,"column":8},"end":{"line":19,"column":31}},{"start":{"line":19,"column":35},"end":{"line":19,"column":56}}]},"5":{"loc":{"start":{"line":21,"column":6},"end":{"line":34,"column":7}},"type":"if","locations":[{"start":{"line":21,"column":6},"end":{"line":34,"column":7}}]},"6":{"loc":{"start":{"line":24,"column":10},"end":{"line":31,"column":11}},"type":"if","locations":[{"start":{"line":24,"column":10},"end":{"line":31,"column":11}}]},"7":{"loc":{"start":{"line":24,"column":14},"end":{"line":24,"column":59}},"type":"binary-expr","locations":[{"start":{"line":24,"column":14},"end":{"line":24,"column":18}},{"start":{"line":24,"column":22},"end":{"line":24,"column":46}},{"start":{"line":24,"column":50},"end":{"line":24,"column":59}}]},"8":{"loc":{"start":{"line":27,"column":26},"end":{"line":27,"column":118}},"type":"cond-expr","locations":[{"start":{"line":27,"column":60},"end":{"line":27,"column":106}},{"start":{"line":27,"column":109},"end":{"line":27,"column":118}}]},"9":{"loc":{"start":{"line":27,"column":26},"end":{"line":27,"column":57}},"type":"binary-expr","locations":[{"start":{"line":27,"column":26},"end":{"line":27,"column":41}},{"start":{"line":27,"column":45},"end":{"line":27,"column":57}}]},"10":{"loc":{"start":{"line":27,"column":67},"end":{"line":27,"column":98}},"type":"binary-expr","locations":[{"start":{"line":27,"column":67},"end":{"line":27,"column":82}},{"start":{"line":27,"column":86},"end":{"line":27,"column":98}}]},"11":{"loc":{"start":{"line":28,"column":23},"end":{"line":28,"column":109}},"type":"cond-expr","locations":[{"start":{"line":28,"column":54},"end":{"line":28,"column":97}},{"start":{"line":28,"column":100},"end":{"line":28,"column":109}}]},"12":{"loc":{"start":{"line":28,"column":23},"end":{"line":28,"column":51}},"type":"binary-expr","locations":[{"start":{"line":28,"column":23},"end":{"line":28,"column":35}},{"start":{"line":28,"column":39},"end":{"line":28,"column":51}}]},"13":{"loc":{"start":{"line":28,"column":61},"end":{"line":28,"column":89}},"type":"binary-expr","locations":[{"start":{"line":28,"column":61},"end":{"line":28,"column":73}},{"start":{"line":28,"column":77},"end":{"line":28,"column":89}}]},"14":{"loc":{"start":{"line":29,"column":20},"end":{"line":29,"column":83}},"type":"cond-expr","locations":[{"start":{"line":29,"column":47},"end":{"line":29,"column":68}},{"start":{"line":29,"column":71},"end":{"line":29,"column":83}}]},"15":{"loc":{"start":{"line":33,"column":8},"end":{"line":33,"column":47}},"type":"if","locations":[{"start":{"line":33,"column":8},"end":{"line":33,"column":47}}]},"16":{"loc":{"start":{"line":44,"column":36},"end":{"line":44,"column":71}},"type":"binary-expr","locations":[{"start":{"line":44,"column":36},"end":{"line":44,"column":51}},{"start":{"line":44,"column":55},"end":{"line":44,"column":71}}]},"17":{"loc":{"start":{"line":45,"column":2},"end":{"line":65,"column":3}},"type":"if","locations":[{"start":{"line":45,"column":2},"end":{"line":65,"column":3}}]},"18":{"loc":{"start":{"line":47,"column":6},"end":{"line":47,"column":86}},"type":"if","locations":[{"start":{"line":47,"column":6},"end":{"line":47,"column":86}}]},"19":{"loc":{"start":{"line":47,"column":10},"end":{"line":47,"column":75}},"type":"binary-expr","locations":[{"start":{"line":47,"column":10},"end":{"line":47,"column":40}},{"start":{"line":47,"column":44},"end":{"line":47,"column":75}}]},"20":{"loc":{"start":{"line":48,"column":6},"end":{"line":48,"column":70}},"type":"if","locations":[{"start":{"line":48,"column":6},"end":{"line":48,"column":70}}]},"21":{"loc":{"start":{"line":53,"column":33},"end":{"line":53,"column":64}},"type":"binary-expr","locations":[{"start":{"line":53,"column":33},"end":{"line":53,"column":40}},{"start":{"line":53,"column":44},"end":{"line":53,"column":64}}]},"22":{"loc":{"start":{"line":55,"column":6},"end":{"line":62,"column":7}},"type":"if","locations":[{"start":{"line":55,"column":6},"end":{"line":62,"column":7}}]},"23":{"loc":{"start":{"line":55,"column":10},"end":{"line":55,"column":39}},"type":"binary-expr","locations":[{"start":{"line":55,"column":10},"end":{"line":55,"column":27}},{"start":{"line":55,"column":31},"end":{"line":55,"column":39}}]},"24":{"loc":{"start":{"line":58,"column":22},"end":{"line":58,"column":43}},"type":"binary-expr","locations":[{"start":{"line":58,"column":22},"end":{"line":58,"column":30}},{"start":{"line":58,"column":34},"end":{"line":58,"column":43}}]},"25":{"loc":{"start":{"line":59,"column":19},"end":{"line":59,"column":40}},"type":"binary-expr","locations":[{"start":{"line":59,"column":19},"end":{"line":59,"column":27}},{"start":{"line":59,"column":31},"end":{"line":59,"column":40}}]},"26":{"loc":{"start":{"line":64,"column":4},"end":{"line":64,"column":43}},"type":"if","locations":[{"start":{"line":64,"column":4},"end":{"line":64,"column":43}}]},"27":{"loc":{"start":{"line":71,"column":4},"end":{"line":71,"column":31}},"type":"if","locations":[{"start":{"line":71,"column":4},"end":{"line":71,"column":31}}]},"28":{"loc":{"start":{"line":78,"column":4},"end":{"line":81,"column":5}},"type":"if","locations":[{"start":{"line":78,"column":4},"end":{"line":81,"column":5}}]},"29":{"loc":{"start":{"line":85,"column":4},"end":{"line":97,"column":5}},"type":"if","locations":[{"start":{"line":85,"column":4},"end":{"line":97,"column":5}}]},"30":{"loc":{"start":{"line":88,"column":6},"end":{"line":96,"column":7}},"type":"if","locations":[{"start":{"line":88,"column":6},"end":{"line":96,"column":7}}]},"31":{"loc":{"start":{"line":88,"column":10},"end":{"line":88,"column":35}},"type":"binary-expr","locations":[{"start":{"line":88,"column":10},"end":{"line":88,"column":14}},{"start":{"line":88,"column":18},"end":{"line":88,"column":35}}]},"32":{"loc":{"start":{"line":101,"column":4},"end":{"line":106,"column":5}},"type":"if","locations":[{"start":{"line":101,"column":4},"end":{"line":106,"column":5}}]},"33":{"loc":{"start":{"line":101,"column":8},"end":{"line":101,"column":51}},"type":"binary-expr","locations":[{"start":{"line":101,"column":8},"end":{"line":101,"column":23}},{"start":{"line":101,"column":27},"end":{"line":101,"column":51}}]}},"s":{"0":5,"1":9,"2":2,"3":7,"4":7,"5":7,"6":7,"7":7,"8":1,"9":7,"10":2,"11":2,"12":2,"13":2,"14":2,"15":2,"16":2,"17":2,"18":5,"19":5,"20":5,"21":7,"22":5,"23":1,"24":3,"25":1,"26":2,"27":1,"28":1,"29":5,"30":5,"31":1,"32":1,"33":1,"34":1,"35":4,"36":6,"37":6,"38":0,"39":6,"40":6,"41":6,"42":1,"43":1,"44":6,"45":6,"46":4,"47":4,"48":4,"49":4,"50":4,"51":2,"52":2,"53":2,"54":4},"f":{"0":9,"1":7,"2":5,"3":5},"b":{"0":[2],"1":[9,8],"2":[1],"3":[2],"4":[7,2],"5":[2],"6":[2],"7":[2,2,2],"8":[2,0],"9":[2,1],"10":[2,1],"11":[1,1],"12":[2,1],"13":[1,0],"14":[1,1],"15":[2],"16":[7,1],"17":[1],"18":[1],"19":[3,2],"20":[1],"21":[5,4],"22":[1],"23":[1,1],"24":[1,0],"25":[1,0],"26":[1],"27":[0],"28":[1],"29":[4],"30":[4],"31":[4,4],"32":[2],"33":[2,2]}}
,"/Users/andydo/Desktop/learning-english-ielts/backend/src/words/words.controller.ts": {"path":"/Users/andydo/Desktop/learning-english-ielts/backend/src/words/words.controller.ts","statementMap":{"0":{"start":{"line":1,"column":0},"end":{"line":1,"column":null}},"1":{"start":{"line":12,"column":0},"end":{"line":12,"column":null}},"2":{"start":{"line":20,"column":0},"end":{"line":20,"column":47}},"3":{"start":{"line":21,"column":0},"end":{"line":21,"column":61}},"4":{"start":{"line":33,"column":7},"end":{"line":124,"column":null}},"5":{"start":{"line":34,"column":31},"end":{"line":34,"column":45}},"6":{"start":{"line":40,"column":4},"end":{"line":40,"column":51}},"7":{"start":{"line":63,"column":4},"end":{"line":63,"column":54}},"8":{"start":{"line":83,"column":4},"end":{"line":83,"column":64}},"9":{"start":{"line":99,"column":4},"end":{"line":99,"column":61}},"10":{"start":{"line":122,"column":4},"end":{"line":122,"column":56}},"11":{"start":{"line":33,"column":13},"end":{"line":33,"column":28}},"12":{"start":{"line":39,"column":2},"end":{"line":41,"column":null}},"13":{"start":{"line":59,"column":2},"end":{"line":64,"column":null}},"14":{"start":{"line":70,"column":2},"end":{"line":84,"column":null}},"15":{"start":{"line":98,"column":2},"end":{"line":100,"column":null}},"16":{"start":{"line":121,"column":2},"end":{"line":123,"column":null}},"17":{"start":{"line":33,"column":13},"end":{"line":124,"column":null}}},"fnMap":{"0":{"name":"(anonymous_4)","decl":{"start":{"line":34,"column":2},"end":{"line":34,"column":31}},"loc":{"start":{"line":34,"column":57},"end":{"line":34,"column":61}}},"1":{"name":"(anonymous_5)","decl":{"start":{"line":39,"column":2},"end":{"line":39,"column":9}},"loc":{"start":{"line":39,"column":33},"end":{"line":41,"column":3}}},"2":{"name":"(anonymous_6)","decl":{"start":{"line":59,"column":2},"end":{"line":59,"column":6}},"loc":{"start":{"line":61,"column":91},"end":{"line":64,"column":3}}},"3":{"name":"(anonymous_7)","decl":{"start":{"line":70,"column":2},"end":{"line":70,"column":16}},"loc":{"start":{"line":81,"column":5},"end":{"line":84,"column":3}}},"4":{"name":"(anonymous_8)","decl":{"start":{"line":98,"column":2},"end":{"line":98,"column":8}},"loc":{"start":{"line":98,"column":64},"end":{"line":100,"column":3}}},"5":{"name":"(anonymous_9)","decl":{"start":{"line":121,"column":2},"end":{"line":121,"column":8}},"loc":{"start":{"line":121,"column":82},"end":{"line":123,"column":3}}}},"branchMap":{},"s":{"0":1,"1":1,"2":1,"3":1,"4":1,"5":6,"6":1,"7":1,"8":1,"9":1,"10":1,"11":1,"12":1,"13":1,"14":1,"15":1,"16":1,"17":1},"f":{"0":6,"1":1,"2":1,"3":1,"4":1,"5":1},"b":{}}
,"/Users/andydo/Desktop/learning-english-ielts/backend/src/words/words.service.ts": {"path":"/Users/andydo/Desktop/learning-english-ielts/backend/src/words/words.service.ts","statementMap":{"0":{"start":{"line":1,"column":0},"end":{"line":1,"column":null}},"1":{"start":{"line":6,"column":0},"end":{"line":6,"column":57}},"2":{"start":{"line":7,"column":0},"end":{"line":7,"column":47}},"3":{"start":{"line":8,"column":0},"end":{"line":8,"column":53}},"4":{"start":{"line":11,"column":7},"end":{"line":174,"column":null}},"5":{"start":{"line":12,"column":31},"end":{"line":12,"column":39}},"6":{"start":{"line":15,"column":4},"end":{"line":19,"column":7}},"7":{"start":{"line":26,"column":23},"end":{"line":26,"column":53}},"8":{"start":{"line":28,"column":4},"end":{"line":46,"column":7}},"9":{"start":{"line":61,"column":16},"end":{"line":61,"column":35}},"10":{"start":{"line":62,"column":4},"end":{"line":65,"column":5}},"11":{"start":{"line":63,"column":21},"end":{"line":63,"column":54}},"12":{"start":{"line":64,"column":6},"end":{"line":64,"column":36}},"13":{"start":{"line":67,"column":4},"end":{"line":69,"column":5}},"14":{"start":{"line":68,"column":6},"end":{"line":68,"column":70}},"15":{"start":{"line":71,"column":30},"end":{"line":71,"column":32}},"16":{"start":{"line":72,"column":4},"end":{"line":100,"column":5}},"17":{"start":{"line":73,"column":6},"end":{"line":73,"column":52}},"18":{"start":{"line":73,"column":43},"end":{"line":73,"column":52}},"19":{"start":{"line":74,"column":25},"end":{"line":74,"column":55}},"20":{"start":{"line":76,"column":19},"end":{"line":98,"column":8}},"21":{"start":{"line":99,"column":6},"end":{"line":99,"column":28}},"22":{"start":{"line":102,"column":4},"end":{"line":106,"column":6}},"23":{"start":{"line":110,"column":4},"end":{"line":112,"column":7}},"24":{"start":{"line":113,"column":4},"end":{"line":113,"column":24}},"25":{"start":{"line":117,"column":31},"end":{"line":117,"column":35}},"26":{"start":{"line":119,"column":4},"end":{"line":121,"column":5}},"27":{"start":{"line":120,"column":6},"end":{"line":120,"column":54}},"28":{"start":{"line":123,"column":17},"end":{"line":125,"column":6}},"29":{"start":{"line":126,"column":4},"end":{"line":126,"column":61}},"30":{"start":{"line":126,"column":15},"end":{"line":126,"column":61}},"31":{"start":{"line":128,"column":19},"end":{"line":140,"column":null}},"32":{"start":{"line":143,"column":22},"end":{"line":170,"column":6}},"33":{"start":{"line":172,"column":4},"end":{"line":172,"column":19}},"34":{"start":{"line":11,"column":13},"end":{"line":11,"column":25}},"35":{"start":{"line":11,"column":13},"end":{"line":174,"column":null}}},"fnMap":{"0":{"name":"(anonymous_2)","decl":{"start":{"line":12,"column":2},"end":{"line":12,"column":31}},"loc":{"start":{"line":12,"column":52},"end":{"line":12,"column":56}}},"1":{"name":"(anonymous_3)","decl":{"start":{"line":14,"column":2},"end":{"line":14,"column":7}},"loc":{"start":{"line":14,"column":30},"end":{"line":20,"column":3}}},"2":{"name":"(anonymous_4)","decl":{"start":{"line":22,"column":2},"end":{"line":22,"column":7}},"loc":{"start":{"line":24,"column":83},"end":{"line":47,"column":3}}},"3":{"name":"(anonymous_5)","decl":{"start":{"line":49,"column":2},"end":{"line":49,"column":7}},"loc":{"start":{"line":59,"column":5},"end":{"line":107,"column":3}}},"4":{"name":"(anonymous_6)","decl":{"start":{"line":109,"column":2},"end":{"line":109,"column":7}},"loc":{"start":{"line":109,"column":43},"end":{"line":114,"column":3}}},"5":{"name":"(anonymous_7)","decl":{"start":{"line":116,"column":2},"end":{"line":116,"column":7}},"loc":{"start":{"line":116,"column":71},"end":{"line":173,"column":3}}}},"branchMap":{"0":{"loc":{"start":{"line":31,"column":12},"end":{"line":31,"column":67}},"type":"binary-expr","locations":[{"start":{"line":31,"column":12},"end":{"line":31,"column":38}},{"start":{"line":31,"column":42},"end":{"line":31,"column":67}}]},"1":{"loc":{"start":{"line":32,"column":12},"end":{"line":32,"column":67}},"type":"binary-expr","locations":[{"start":{"line":32,"column":12},"end":{"line":32,"column":38}},{"start":{"line":32,"column":42},"end":{"line":32,"column":67}}]},"2":{"loc":{"start":{"line":33,"column":12},"end":{"line":33,"column":76}},"type":"binary-expr","locations":[{"start":{"line":33,"column":12},"end":{"line":33,"column":41}},{"start":{"line":33,"column":45},"end":{"line":33,"column":76}}]},"3":{"loc":{"start":{"line":61,"column":16},"end":{"line":61,"column":35}},"type":"binary-expr","locations":[{"start":{"line":61,"column":16},"end":{"line":61,"column":29}},{"start":{"line":61,"column":33},"end":{"line":61,"column":35}}]},"4":{"loc":{"start":{"line":62,"column":4},"end":{"line":65,"column":5}},"type":"if","locations":[{"start":{"line":62,"column":4},"end":{"line":65,"column":5}}]},"5":{"loc":{"start":{"line":62,"column":8},"end":{"line":62,"column":49}},"type":"binary-expr","locations":[{"start":{"line":62,"column":8},"end":{"line":62,"column":23}},{"start":{"line":62,"column":27},"end":{"line":62,"column":49}}]},"6":{"loc":{"start":{"line":67,"column":4},"end":{"line":69,"column":5}},"type":"if","locations":[{"start":{"line":67,"column":4},"end":{"line":69,"column":5}}]},"7":{"loc":{"start":{"line":67,"column":8},"end":{"line":67,"column":36}},"type":"binary-expr","locations":[{"start":{"line":67,"column":8},"end":{"line":67,"column":14}},{"start":{"line":67,"column":18},"end":{"line":67,"column":36}}]},"8":{"loc":{"start":{"line":73,"column":6},"end":{"line":73,"column":52}},"type":"if","locations":[{"start":{"line":73,"column":6},"end":{"line":73,"column":52}}]},"9":{"loc":{"start":{"line":73,"column":10},"end":{"line":73,"column":41}},"type":"binary-expr","locations":[{"start":{"line":73,"column":10},"end":{"line":73,"column":20}},{"start":{"line":73,"column":24},"end":{"line":73,"column":41}}]},"10":{"loc":{"start":{"line":79,"column":14},"end":{"line":79,"column":64}},"type":"binary-expr","locations":[{"start":{"line":79,"column":14},"end":{"line":79,"column":29}},{"start":{"line":79,"column":33},"end":{"line":79,"column":64}}]},"11":{"loc":{"start":{"line":80,"column":14},"end":{"line":80,"column":55}},"type":"binary-expr","locations":[{"start":{"line":80,"column":14},"end":{"line":80,"column":26}},{"start":{"line":80,"column":30},"end":{"line":80,"column":55}}]},"12":{"loc":{"start":{"line":81,"column":14},"end":{"line":81,"column":46}},"type":"binary-expr","locations":[{"start":{"line":81,"column":14},"end":{"line":81,"column":23}},{"start":{"line":81,"column":27},"end":{"line":81,"column":46}}]},"13":{"loc":{"start":{"line":88,"column":16},"end":{"line":88,"column":41}},"type":"binary-expr","locations":[{"start":{"line":88,"column":16},"end":{"line":88,"column":25}},{"start":{"line":88,"column":29},"end":{"line":88,"column":41}}]},"14":{"loc":{"start":{"line":119,"column":4},"end":{"line":121,"column":5}},"type":"if","locations":[{"start":{"line":119,"column":4},"end":{"line":121,"column":5}}]},"15":{"loc":{"start":{"line":126,"column":4},"end":{"line":126,"column":61}},"type":"if","locations":[{"start":{"line":126,"column":4},"end":{"line":126,"column":61}}]}},"s":{"0":2,"1":2,"2":2,"3":2,"4":2,"5":9,"6":1,"7":1,"8":1,"9":2,"10":2,"11":1,"12":1,"13":2,"14":1,"15":1,"16":1,"17":3,"18":1,"19":2,"20":2,"21":2,"22":1,"23":1,"24":1,"25":3,"26":3,"27":1,"28":2,"29":2,"30":1,"31":1,"32":1,"33":1,"34":2,"35":2},"f":{"0":9,"1":1,"2":1,"3":2,"4":1,"5":3},"b":{"0":[1,1],"1":[1,1],"2":[1,1],"3":[2,1],"4":[1],"5":[2,2],"6":[1],"7":[2,2],"8":[1],"9":[3,2],"10":[2,2],"11":[2,0],"12":[2,1],"13":[2,1],"14":[1],"15":[1]}}
}
