TN:
SF:src/admin/admin.controller.ts
FN:31,(anonymous_4)
FN:34,(anonymous_5)
FN:39,(anonymous_6)
FN:44,(anonymous_7)
FN:52,(anonymous_8)
FN:60,(anonymous_9)
FN:66,(anonymous_10)
FN:71,(anonymous_11)
FN:76,(anonymous_12)
FN:81,(anonymous_13)
FN:89,(anonymous_14)
FN:94,(anonymous_15)
FN:99,(anonymous_16)
FNF:13
FNH:13
FNDA:2,(anonymous_4)
FNDA:1,(anonymous_5)
FNDA:1,(anonymous_6)
FNDA:1,(anonymous_7)
FNDA:1,(anonymous_8)
FNDA:1,(anonymous_9)
FNDA:1,(anonymous_10)
FNDA:1,(anonymous_11)
FNDA:1,(anonymous_12)
FNDA:1,(anonymous_13)
FNDA:1,(anonymous_14)
FNDA:1,(anonymous_15)
FNDA:1,(anonymous_16)
DA:1,1
DA:14,1
DA:15,1
DA:22,1
DA:23,1
DA:24,1
DA:25,1
DA:30,1
DA:31,2
DA:34,1
DA:35,1
DA:39,1
DA:40,1
DA:44,1
DA:48,1
DA:52,1
DA:56,1
DA:60,1
DA:61,1
DA:66,1
DA:67,1
DA:71,1
DA:72,1
DA:76,1
DA:77,1
DA:81,1
DA:85,1
DA:89,1
DA:90,1
DA:94,1
DA:95,1
DA:99,1
DA:112,1
LF:33
LH:33
BRF:0
BRH:0
end_of_record
TN:
SF:src/admin/admin.service.ts
FN:14,(anonymous_2)
FN:16,(anonymous_3)
FN:46,(anonymous_4)
FN:72,(anonymous_5)
FN:84,(anonymous_6)
FN:110,(anonymous_7)
FN:121,(anonymous_8)
FN:122,(anonymous_9)
FN:164,(anonymous_10)
FN:175,(anonymous_11)
FN:190,(anonymous_12)
FN:205,(anonymous_13)
FN:215,(anonymous_14)
FN:224,(anonymous_15)
FNF:14
FNH:14
FNDA:20,(anonymous_2)
FNDA:2,(anonymous_3)
FNDA:2,(anonymous_4)
FNDA:2,(anonymous_5)
FNDA:4,(anonymous_6)
FNDA:1,(anonymous_7)
FNDA:4,(anonymous_8)
FNDA:4,(anonymous_9)
FNDA:1,(anonymous_10)
FNDA:1,(anonymous_11)
FNDA:2,(anonymous_12)
FNDA:2,(anonymous_13)
FNDA:2,(anonymous_14)
FNDA:2,(anonymous_15)
DA:1,2
DA:2,2
DA:4,2
DA:13,2
DA:14,20
DA:18,2
DA:37,2
DA:47,2
DA:56,2
DA:73,2
DA:74,2
DA:75,1
DA:78,1
DA:85,4
DA:86,4
DA:87,1
DA:90,3
DA:91,3
DA:93,2
DA:96,2
DA:97,1
DA:98,1
DA:101,3
DA:111,1
DA:122,4
DA:123,4
DA:127,4
DA:128,1
DA:131,3
DA:132,1
DA:135,2
DA:140,2
DA:145,2
DA:148,2
DA:152,2
DA:160,2
DA:165,1
DA:176,1
DA:177,1
DA:191,2
DA:192,2
DA:193,1
DA:195,1
DA:206,2
DA:207,2
DA:208,1
DA:210,1
DA:211,1
DA:212,1
DA:216,2
DA:217,2
DA:218,1
DA:220,1
DA:221,1
DA:236,2
DA:237,2
DA:238,1
DA:241,1
DA:242,1
DA:243,1
DA:244,1
DA:247,1
DA:248,0
DA:251,1
DA:252,1
DA:253,3
DA:254,2
DA:256,2
DA:279,2
DA:282,1
LF:70
LH:69
BRDA:41,0,0,2
BRDA:41,0,1,1
BRDA:47,1,0,1
BRDA:47,1,1,1
BRDA:74,2,0,1
BRDA:86,3,0,1
BRDA:91,4,0,2
BRDA:91,4,1,1
BRDA:91,5,0,3
BRDA:91,5,1,2
BRDA:93,6,0,1
BRDA:93,6,1,1
BRDA:93,7,0,2
BRDA:93,7,1,2
BRDA:97,8,0,1
BRDA:127,9,0,1
BRDA:131,10,0,1
BRDA:145,11,0,1
BRDA:145,11,1,1
BRDA:145,12,0,2
BRDA:145,12,1,1
BRDA:185,13,0,1
BRDA:185,13,1,1
BRDA:192,14,0,1
BRDA:198,15,0,1
BRDA:198,15,1,1
BRDA:199,16,0,1
BRDA:199,16,1,1
BRDA:200,17,0,1
BRDA:200,17,1,1
BRDA:207,18,0,1
BRDA:217,19,0,1
BRDA:237,20,0,1
BRDA:241,21,0,1
BRDA:241,21,1,0
BRDA:242,22,0,1
BRDA:242,23,0,1
BRDA:242,23,1,1
BRDA:247,24,0,0
BRDA:247,25,0,1
BRDA:247,25,1,1
BRDA:253,26,0,1
BRDA:253,27,0,3
BRDA:253,27,1,3
BRDA:259,28,0,2
BRDA:259,28,1,2
BRDA:260,29,0,2
BRDA:260,29,1,0
BRDA:261,30,0,2
BRDA:261,30,1,1
BRDA:268,31,0,2
BRDA:268,31,1,1
BRF:52
BRH:49
end_of_record
TN:
SF:src/admin/dto/admin.dto.ts
FNF:0
FNH:0
DA:1,1
DA:10,1
DA:12,1
DA:14,1
DA:19,1
DA:22,1
DA:24,1
DA:27,1
DA:30,1
DA:33,1
DA:36,1
DA:40,1
DA:44,1
DA:48,1
DA:52,1
DA:55,1
DA:58,1
DA:62,1
DA:66,1
LF:19
LH:19
BRF:0
BRH:0
end_of_record
TN:
SF:src/auth/auth.controller.ts
FN:22,(anonymous_4)
FN:27,(anonymous_5)
FN:31,(anonymous_6)
FN:35,(anonymous_7)
FN:55,(anonymous_8)
FN:72,(anonymous_9)
FN:79,(anonymous_10)
FNF:7
FNH:7
FNDA:7,(anonymous_4)
FNDA:1,(anonymous_5)
FNDA:4,(anonymous_6)
FNDA:6,(anonymous_7)
FNDA:4,(anonymous_8)
FNDA:1,(anonymous_9)
FNDA:1,(anonymous_10)
DA:1,1
DA:11,1
DA:12,1
DA:13,1
DA:21,1
DA:22,7
DA:27,1
DA:32,4
DA:33,4
DA:35,6
DA:38,4
DA:40,4
DA:41,4
DA:42,2
DA:43,4
DA:44,1
DA:49,3
DA:55,1
DA:56,4
DA:57,4
DA:59,4
DA:66,4
DA:72,1
DA:73,1
DA:79,1
DA:80,1
DA:81,1
LF:27
LH:27
BRDA:32,0,0,4
BRDA:32,0,1,1
BRDA:38,1,0,4
BRDA:38,1,1,0
BRDA:40,2,0,2
BRDA:40,2,1,2
BRDA:41,3,0,2
BRDA:43,4,0,1
BRDA:43,5,0,4
BRDA:43,5,1,3
BRF:10
BRH:9
end_of_record
TN:
SF:src/auth/auth.service.ts
FN:8,(anonymous_2)
FN:13,(anonymous_3)
FN:37,(anonymous_4)
FN:42,(anonymous_5)
FNF:4
FNH:4
FNDA:6,(anonymous_2)
FNDA:3,(anonymous_3)
FNDA:1,(anonymous_4)
FNDA:2,(anonymous_5)
DA:1,3
DA:2,3
DA:3,3
DA:7,3
DA:9,6
DA:10,6
DA:14,3
DA:15,3
DA:16,3
DA:17,3
DA:19,3
DA:21,3
DA:22,2
DA:24,1
DA:27,3
DA:38,1
DA:39,1
DA:43,2
DA:44,2
DA:45,1
LF:20
LH:20
BRDA:17,0,0,3
BRDA:17,0,1,1
BRDA:21,1,0,2
BRDA:21,1,1,1
BRDA:33,2,0,3
BRDA:33,2,1,3
BRDA:44,3,0,1
BRDA:51,4,0,1
BRDA:51,4,1,1
BRF:9
BRH:9
end_of_record
TN:
SF:src/auth/roles.enum.ts
FN:1,(anonymous_0)
FNF:1
FNH:1
FNDA:3,(anonymous_0)
DA:1,3
DA:2,3
DA:3,3
LF:3
LH:3
BRDA:1,0,0,3
BRDA:1,0,1,3
BRF:2
BRH:2
end_of_record
TN:
SF:src/auth/decorators/roles.decorator.ts
FN:14,(anonymous_0)
FNF:1
FNH:1
FNDA:3,(anonymous_0)
DA:1,3
DA:4,3
DA:14,3
LF:3
LH:3
BRF:0
BRH:0
end_of_record
TN:
SF:src/auth/guards/google-auth.guard.ts
FN:6,(anonymous_1)
FNF:1
FNH:1
FNDA:2,(anonymous_1)
DA:1,2
DA:2,2
DA:5,2
DA:7,2
DA:8,2
LF:5
LH:5
BRDA:9,0,0,2
BRDA:9,0,1,1
BRF:2
BRH:2
end_of_record
TN:
SF:src/auth/guards/jwt-auth.guard.ts
FNF:0
FNH:0
DA:1,8
DA:2,8
DA:5,8
LF:3
LH:3
BRF:0
BRH:0
end_of_record
TN:
SF:src/auth/guards/roles.guard.ts
FN:13,(anonymous_2)
FN:15,(anonymous_3)
FN:30,(anonymous_4)
FN:41,(anonymous_5)
FNF:4
FNH:4
FNDA:10,(anonymous_2)
FNDA:10,(anonymous_3)
FNDA:8,(anonymous_4)
FNDA:4,(anonymous_5)
DA:1,2
DA:7,2
DA:8,2
DA:9,2
DA:12,2
DA:13,10
DA:16,10
DA:21,10
DA:22,2
DA:25,8
DA:26,8
DA:28,8
DA:30,8
DA:33,8
DA:34,1
DA:37,8
DA:38,4
DA:41,4
DA:42,4
DA:43,2
DA:46,2
LF:21
LH:21
BRDA:21,0,0,2
BRDA:21,1,0,10
BRDA:21,1,1,9
BRDA:28,2,0,8
BRDA:28,2,1,8
BRDA:33,3,0,1
BRDA:33,4,0,8
BRDA:33,4,1,6
BRDA:33,4,2,3
BRDA:33,4,3,1
BRDA:37,5,0,4
BRDA:37,6,0,8
BRDA:37,6,1,6
BRDA:42,7,0,2
BRF:14
BRH:14
end_of_record
TN:
SF:src/auth/strategies/google.strategy.ts
FN:9,(anonymous_2)
FN:18,(anonymous_3)
FNF:2
FNH:2
FNDA:4,(anonymous_2)
FNDA:1,(anonymous_3)
DA:1,1
DA:2,1
DA:3,1
DA:4,1
DA:8,1
DA:9,4
DA:10,4
DA:23,1
LF:8
LH:8
BRDA:13,0,0,4
BRDA:13,0,1,1
BRF:2
BRH:2
end_of_record
TN:
SF:src/auth/strategies/jwt.strategy.ts
FN:9,(anonymous_2)
FN:12,(anonymous_3)
FN:19,(anonymous_4)
FN:25,(anonymous_5)
FNF:4
FNH:4
FNDA:5,(anonymous_2)
FNDA:3,(anonymous_3)
FNDA:3,(anonymous_4)
FNDA:2,(anonymous_5)
DA:1,1
DA:2,1
DA:3,1
DA:4,1
DA:8,1
DA:9,5
DA:10,5
DA:12,3
DA:20,3
DA:21,3
DA:23,2
DA:25,2
DA:29,2
DA:34,2
LF:14
LH:14
BRDA:12,0,0,3
BRDA:12,0,1,2
BRDA:15,1,0,5
BRDA:15,1,1,0
BRDA:21,2,0,1
BRDA:23,3,0,2
BRDA:23,3,1,2
BRDA:29,4,0,1
BRDA:29,4,1,1
BRDA:29,5,0,2
BRDA:29,5,1,2
BRDA:32,6,0,1
BRDA:32,6,1,1
BRF:13
BRH:12
end_of_record
TN:
SF:src/common/decorators/skip-transform.decorator.ts
FN:13,(anonymous_0)
FNF:1
FNH:1
FNDA:1,(anonymous_0)
DA:1,2
DA:12,2
DA:13,2
LF:3
LH:3
BRF:0
BRH:0
end_of_record
TN:
SF:src/common/filters/http-exception.filter.ts
FN:23,(anonymous_1)
FNF:1
FNH:1
FNDA:5,(anonymous_1)
DA:1,1
DA:22,1
DA:24,5
DA:25,5
DA:26,5
DA:28,5
DA:29,5
DA:33,5
DA:34,5
DA:36,5
DA:37,3
DA:39,3
DA:40,1
DA:41,2
DA:42,2
DA:43,2
DA:44,2
DA:46,2
DA:48,2
DA:49,1
DA:54,5
DA:55,3
DA:58,5
LF:23
LH:23
BRDA:29,0,0,3
BRDA:29,0,1,2
BRDA:36,1,0,3
BRDA:36,1,1,2
BRDA:39,2,0,1
BRDA:39,2,1,2
BRDA:41,3,0,2
BRDA:41,4,0,2
BRDA:41,4,1,2
BRDA:43,5,0,2
BRDA:43,5,1,1
BRDA:44,6,0,2
BRDA:44,6,1,1
BRDA:46,7,0,2
BRDA:48,8,0,1
BRDA:54,9,0,3
BRDA:54,10,0,5
BRDA:54,10,1,5
BRDA:55,11,0,3
BRDA:55,11,1,0
BRF:20
BRH:19
end_of_record
TN:
SF:src/common/interceptors/transform.interceptor.ts
FN:31,(anonymous_2)
FN:33,(anonymous_3)
FN:47,(anonymous_4)
FNF:3
FNH:3
FNDA:2,(anonymous_2)
FNDA:2,(anonymous_3)
FNDA:1,(anonymous_4)
DA:1,1
DA:7,1
DA:9,1
DA:10,1
DA:28,1
DA:31,2
DA:37,2
DA:42,2
DA:44,1
DA:46,1
DA:47,1
LF:11
LH:11
BRDA:42,0,0,1
BRF:1
BRH:1
end_of_record
TN:
SF:src/prisma/prisma.service.ts
FN:6,(anonymous_1)
FN:10,(anonymous_2)
FNF:2
FNH:2
FNDA:1,(anonymous_1)
FNDA:1,(anonymous_2)
DA:1,15
DA:2,15
DA:5,15
DA:7,1
DA:11,1
LF:5
LH:5
BRF:0
BRH:0
end_of_record
TN:
SF:src/progress/progress.controller.ts
FN:24,(anonymous_4)
FN:30,(anonymous_5)
FN:51,(anonymous_6)
FNF:3
FNH:3
FNDA:3,(anonymous_4)
FNDA:2,(anonymous_5)
FNDA:1,(anonymous_6)
DA:1,1
DA:2,1
DA:11,1
DA:12,1
DA:23,1
DA:24,3
DA:30,1
DA:31,2
DA:32,1
DA:34,1
DA:51,1
DA:55,1
LF:12
LH:12
BRDA:31,0,0,1
BRF:1
BRH:1
end_of_record
TN:
SF:src/progress/progress.service.ts
FN:6,(anonymous_2)
FN:8,(anonymous_3)
FN:18,(anonymous_4)
FN:25,(anonymous_5)
FNF:4
FNH:4
FNDA:6,(anonymous_2)
FNDA:1,(anonymous_3)
FNDA:2,(anonymous_4)
FNDA:2,(anonymous_5)
DA:1,2
DA:2,2
DA:5,2
DA:6,6
DA:9,1
DA:19,2
DA:22,2
DA:29,2
DA:30,2
LF:9
LH:9
BRDA:22,0,0,2
BRDA:22,0,1,1
BRDA:35,1,0,1
BRDA:35,1,1,1
BRDA:42,2,0,1
BRDA:42,2,1,1
BRF:6
BRH:6
end_of_record
TN:
SF:src/speaking/speaking.controller.ts
FN:27,(anonymous_4)
FN:63,(anonymous_5)
FNF:2
FNH:2
FNDA:2,(anonymous_4)
FNDA:1,(anonymous_5)
DA:1,1
DA:11,1
DA:19,1
DA:20,1
DA:26,1
DA:27,2
DA:63,1
DA:67,1
DA:73,1
DA:74,1
DA:76,1
DA:77,1
DA:78,1
DA:79,2
DA:80,2
DA:81,1
DA:84,1
LF:17
LH:17
BRDA:80,0,0,1
BRF:1
BRH:1
end_of_record
TN:
SF:src/speaking/speaking.service.ts
FN:20,(anonymous_1)
FN:45,(anonymous_2)
FNF:2
FNH:2
FNDA:3,(anonymous_1)
FNDA:2,(anonymous_2)
DA:1,2
DA:2,2
DA:4,2
DA:19,2
DA:25,3
DA:27,3
DA:29,3
DA:30,1
DA:35,2
DA:37,2
DA:44,2
DA:46,2
DA:47,2
DA:48,2
DA:52,2
DA:55,1
DA:57,1
LF:17
LH:17
BRDA:27,0,0,1
BRDA:27,0,1,2
BRDA:27,1,0,3
BRDA:27,1,1,2
BRDA:29,2,0,1
BRDA:48,3,0,2
BRDA:49,4,0,2
BRDA:49,4,1,2
BRF:8
BRH:8
end_of_record
TN:
SF:src/transcript/transcript.controller.ts
FN:13,(anonymous_4)
FN:23,(anonymous_5)
FNF:2
FNH:2
FNDA:5,(anonymous_4)
FNDA:5,(anonymous_5)
DA:1,1
DA:2,1
DA:8,1
DA:12,1
DA:13,5
DA:23,1
DA:27,5
DA:28,2
DA:31,3
DA:32,3
DA:34,2
DA:35,2
DA:36,2
LF:13
LH:13
BRDA:25,0,0,0
BRDA:27,1,0,2
BRDA:34,2,0,2
BRDA:34,2,1,0
BRDA:35,3,0,1
BRDA:35,3,1,1
BRF:6
BRH:4
end_of_record
TN:
SF:src/transcript/transcript.service.ts
FN:16,(anonymous_1)
FN:20,(anonymous_2)
FN:27,(anonymous_3)
FNF:3
FNH:3
FNDA:3,(anonymous_1)
FNDA:3,(anonymous_2)
FNDA:3,(anonymous_3)
DA:1,2
DA:2,2
DA:11,2
DA:12,2
DA:15,2
DA:17,3
DA:19,3
DA:20,3
DA:27,3
DA:28,3
DA:29,1
DA:32,2
LF:12
LH:12
BRDA:17,0,0,2
BRDA:17,0,1,1
BRDA:24,1,0,3
BRDA:24,1,1,0
BRDA:28,2,0,1
BRF:5
BRH:4
end_of_record
TN:
SF:src/users/users.controller.ts
FN:25,(anonymous_4)
FN:29,(anonymous_5)
FN:36,(anonymous_6)
FN:42,(anonymous_7)
FN:52,(anonymous_8)
FN:61,(anonymous_9)
FN:68,(anonymous_10)
FN:77,(anonymous_11)
FN:87,(anonymous_12)
FNF:9
FNH:9
FNDA:8,(anonymous_4)
FNDA:1,(anonymous_5)
FNDA:1,(anonymous_6)
FNDA:1,(anonymous_7)
FNDA:1,(anonymous_8)
FNDA:1,(anonymous_9)
FNDA:1,(anonymous_10)
FNDA:1,(anonymous_11)
FNDA:1,(anonymous_12)
DA:1,1
DA:13,1
DA:14,1
DA:15,1
DA:16,1
DA:24,1
DA:25,8
DA:29,1
DA:30,1
DA:31,1
DA:36,1
DA:37,1
DA:42,1
DA:46,1
DA:52,1
DA:56,1
DA:61,1
DA:62,1
DA:68,1
DA:72,1
DA:77,1
DA:78,1
DA:87,1
DA:88,1
LF:24
LH:24
BRF:0
BRH:0
end_of_record
TN:
SF:src/users/users.service.ts
FN:23,(anonymous_2)
FN:25,(anonymous_3)
FN:29,(anonymous_4)
FN:33,(anonymous_5)
FN:37,(anonymous_6)
FN:46,(anonymous_7)
FN:55,(anonymous_8)
FN:141,(anonymous_9)
FN:148,(anonymous_10)
FN:175,(anonymous_11)
FN:201,(anonymous_12)
FN:295,(anonymous_13)
FNF:12
FNH:12
FNDA:19,(anonymous_2)
FNDA:2,(anonymous_3)
FNDA:2,(anonymous_4)
FNDA:2,(anonymous_5)
FNDA:1,(anonymous_6)
FNDA:5,(anonymous_7)
FNDA:5,(anonymous_8)
FNDA:1,(anonymous_9)
FNDA:2,(anonymous_10)
FNDA:1,(anonymous_11)
FNDA:3,(anonymous_12)
FNDA:1,(anonymous_13)
DA:1,6
DA:2,6
DA:4,6
DA:22,6
DA:23,19
DA:26,2
DA:30,2
DA:34,2
DA:38,1
DA:50,5
DA:51,5
DA:52,5
DA:54,5
DA:57,5
DA:61,5
DA:62,2
DA:63,2
DA:64,1
DA:66,1
DA:74,3
DA:75,3
DA:84,3
DA:85,3
DA:86,1
DA:90,2
DA:91,2
DA:93,2
DA:97,2
DA:98,2
DA:101,2
DA:109,2
DA:129,2
DA:142,1
DA:149,2
DA:160,2
DA:161,1
DA:164,1
DA:169,1
DA:176,1
DA:177,1
DA:178,0
DA:181,1
DA:202,3
DA:203,3
DA:204,0
DA:208,3
DA:221,3
DA:222,3
DA:223,3
DA:224,3
DA:225,3
DA:226,3
DA:228,3
DA:229,5
DA:230,5
DA:231,5
DA:232,5
DA:233,2
DA:234,2
DA:235,3
DA:236,2
DA:237,2
DA:238,1
DA:239,1
DA:240,1
DA:245,3
DA:246,3
DA:247,3
DA:249,3
DA:251,3
DA:252,3
DA:254,3
DA:255,2
DA:256,2
DA:257,1
DA:258,0
DA:259,0
DA:260,1
DA:261,1
DA:262,1
DA:263,0
DA:264,0
DA:265,0
DA:267,0
DA:268,0
DA:271,3
DA:284,3
DA:292,3
DA:296,1
LF:89
LH:80
BRDA:50,0,0,5
BRDA:50,0,1,3
BRDA:51,1,0,5
BRDA:51,1,1,4
BRDA:52,2,0,5
BRDA:52,2,1,4
BRDA:61,3,0,2
BRDA:61,4,0,5
BRDA:61,4,1,2
BRDA:63,5,0,1
BRDA:85,6,0,1
BRDA:93,7,0,2
BRDA:93,7,1,1
BRDA:93,7,2,1
BRDA:97,8,0,1
BRDA:97,8,1,1
BRDA:97,9,0,2
BRDA:97,9,1,1
BRDA:160,10,0,1
BRDA:177,11,0,0
BRDA:184,12,0,1
BRDA:184,12,1,1
BRDA:185,13,0,1
BRDA:185,13,1,0
BRDA:186,14,0,1
BRDA:186,14,1,0
BRDA:203,15,0,0
BRDA:230,16,0,5
BRDA:232,17,0,2
BRDA:232,17,1,3
BRDA:234,18,0,2
BRDA:235,19,0,2
BRDA:235,19,1,1
BRDA:237,20,0,2
BRDA:238,21,0,1
BRDA:240,22,0,1
BRDA:245,23,0,2
BRDA:245,23,1,1
BRDA:246,24,0,2
BRDA:246,24,1,1
BRDA:247,25,0,1
BRDA:247,25,1,2
BRDA:254,26,0,2
BRDA:254,26,1,1
BRDA:257,27,0,0
BRDA:257,27,1,1
BRDA:260,28,0,1
BRDA:260,28,1,0
BRDA:263,29,0,0
BRDA:263,29,1,0
BRF:50
BRH:42
end_of_record
TN:
SF:src/users/dto/target.dto.ts
FN:41,(anonymous_2)
FNF:1
FNH:0
FNDA:0,(anonymous_2)
DA:1,1
DA:10,1
DA:12,1
DA:17,1
DA:21,1
DA:27,1
DA:30,1
DA:32,1
DA:35,1
DA:38,1
DA:41,0
DA:42,1
LF:12
LH:11
BRF:0
BRH:0
end_of_record
TN:
SF:src/users/dto/upgrade-account.dto.ts
FNF:0
FNH:0
DA:1,1
DA:3,1
DA:6,1
DA:10,1
DA:15,1
DA:20,1
LF:6
LH:6
BRF:0
BRH:0
end_of_record
TN:
SF:src/users/dto/vietqr-webhook.dto.ts
FNF:0
FNH:0
DA:1,1
DA:3,1
DA:6,1
DA:10,1
DA:14,1
DA:19,1
DA:24,1
LF:7
LH:7
BRF:0
BRH:0
end_of_record
TN:
SF:src/videos/videos.controller.ts
FN:36,(anonymous_4)
FN:41,(anonymous_5)
FN:50,(anonymous_6)
FN:62,(anonymous_7)
FN:70,(anonymous_8)
FNF:5
FNH:5
FNDA:5,(anonymous_4)
FNDA:1,(anonymous_5)
FNDA:1,(anonymous_6)
FNDA:1,(anonymous_7)
FNDA:1,(anonymous_8)
DA:1,1
DA:13,1
DA:20,1
DA:22,1
DA:23,1
DA:24,1
DA:35,1
DA:36,5
DA:41,1
DA:42,1
DA:50,1
DA:51,1
DA:62,1
DA:63,1
DA:70,1
DA:71,1
LF:16
LH:16
BRF:0
BRH:0
end_of_record
TN:
SF:src/videos/videos.service.ts
FN:18,(anonymous_2)
FN:22,(anonymous_3)
FN:30,(anonymous_4)
FN:39,(anonymous_5)
FN:48,(anonymous_6)
FN:89,(anonymous_7)
FN:103,(anonymous_8)
FN:115,(anonymous_9)
FN:136,(anonymous_10)
FN:150,(anonymous_11)
FN:183,(anonymous_12)
FN:204,(anonymous_13)
FN:209,(anonymous_14)
FN:210,(anonymous_15)
FN:223,(anonymous_16)
FNF:15
FNH:15
FNDA:13,(anonymous_2)
FNDA:1,(anonymous_3)
FNDA:2,(anonymous_4)
FNDA:2,(anonymous_5)
FNDA:7,(anonymous_6)
FNDA:3,(anonymous_7)
FNDA:7,(anonymous_8)
FNDA:4,(anonymous_9)
FNDA:4,(anonymous_10)
FNDA:3,(anonymous_11)
FNDA:2,(anonymous_12)
FNDA:4,(anonymous_13)
FNDA:2,(anonymous_14)
FNDA:1,(anonymous_15)
FNDA:2,(anonymous_16)
DA:1,2
DA:2,2
DA:14,2
DA:17,2
DA:18,13
DA:23,1
DA:31,2
DA:35,2
DA:36,1
DA:40,2
DA:43,2
DA:44,1
DA:45,1
DA:49,7
DA:51,7
DA:52,7
DA:53,1
DA:57,6
DA:61,6
DA:63,4
DA:68,4
DA:69,2
DA:72,2
DA:74,2
DA:75,2
DA:79,2
DA:89,3
DA:104,7
DA:105,7
DA:106,6
DA:107,4
DA:108,3
DA:109,2
DA:111,1
DA:116,4
DA:117,4
DA:120,4
DA:121,3
DA:122,3
DA:130,1
DA:137,4
DA:138,4
DA:141,4
DA:143,3
DA:144,3
DA:146,0
DA:151,3
DA:152,3
DA:153,3
DA:155,3
DA:156,3
DA:157,3
DA:158,3
DA:159,286
DA:160,277
DA:161,9
DA:162,9
DA:163,3
DA:164,3
DA:169,3
DA:170,3
DA:176,2
DA:177,2
DA:179,1
DA:184,2
DA:185,2
DA:187,2
DA:188,3
DA:197,3
DA:198,3
DA:201,2
DA:205,4
DA:206,4
DA:209,2
DA:210,1
DA:213,2
DA:216,2
DA:218,2
DA:219,2
DA:220,2
DA:226,2
DA:227,2
DA:228,2
DA:230,2
DA:231,3
DA:232,3
DA:233,3
DA:235,3
DA:236,1
DA:237,1
DA:241,2
DA:242,2
DA:243,2
DA:246,2
LF:94
LH:93
BRDA:35,0,0,1
BRDA:43,1,0,1
BRDA:49,2,0,7
BRDA:49,3,0,7
BRDA:52,4,0,1
BRDA:61,5,0,2
BRDA:68,6,0,2
BRDA:68,7,0,4
BRDA:68,7,1,2
BRDA:75,8,0,2
BRDA:75,8,1,0
BRDA:106,9,0,2
BRDA:107,10,0,1
BRDA:108,11,0,1
BRDA:120,12,0,3
BRDA:141,13,0,1
BRDA:153,14,0,0
BRDA:159,15,0,9
BRDA:159,15,1,277
BRDA:160,16,0,9
BRDA:162,17,0,3
BRDA:177,18,0,2
BRDA:177,18,1,0
BRDA:177,19,0,2
BRDA:177,19,1,2
BRDA:197,20,0,3
BRDA:206,21,0,2
BRDA:209,22,0,2
BRDA:209,22,1,1
BRDA:209,22,2,1
BRDA:216,23,0,0
BRDA:220,24,0,2
BRDA:220,24,1,0
BRDA:231,25,0,3
BRDA:232,26,0,0
BRDA:232,26,1,3
BRDA:235,27,0,1
BRDA:235,28,0,3
BRDA:235,28,1,2
BRDA:241,29,0,2
BRF:40
BRH:34
end_of_record
TN:
SF:src/videos/dto/create-video.dto.ts
FNF:0
FNH:0
DA:1,1
DA:2,1
DA:4,1
DA:5,1
DA:7,1
DA:10,1
DA:15,1
DA:20,1
DA:23,1
DA:26,1
DA:31,1
DA:36,1
DA:41,1
DA:44,1
DA:47,1
DA:50,1
DA:53,1
DA:57,1
DA:60,1
DA:63,1
DA:66,1
DA:69,1
DA:72,1
DA:77,1
DA:81,1
DA:86,1
LF:26
LH:26
BRF:0
BRH:0
end_of_record
TN:
SF:src/words/fsrs.ts
FN:44,(anonymous_0)
FN:45,(anonymous_1)
FN:46,(anonymous_2)
FN:47,(anonymous_3)
FN:49,(anonymous_4)
FN:54,(anonymous_5)
FN:69,(anonymous_6)
FN:72,(anonymous_7)
FN:75,(anonymous_8)
FN:80,(anonymous_9)
FN:86,(anonymous_10)
FN:95,schedule
FNF:12
FNH:12
FNDA:38,(anonymous_0)
FNDA:5,(anonymous_1)
FNDA:16,(anonymous_2)
FNDA:11,(anonymous_3)
FNDA:11,(anonymous_4)
FNDA:8,(anonymous_5)
FNDA:3,(anonymous_6)
FNDA:11,(anonymous_7)
FNDA:11,(anonymous_8)
FNDA:11,(anonymous_9)
FNDA:8,(anonymous_10)
FNDA:16,schedule
DA:7,3
DA:33,3
DA:39,3
DA:40,3
DA:41,3
DA:42,3
DA:44,38
DA:45,5
DA:46,16
DA:47,11
DA:49,3
DA:50,11
DA:51,11
DA:54,3
DA:55,8
DA:56,8
DA:57,8
DA:69,3
DA:70,3
DA:72,3
DA:73,11
DA:75,3
DA:76,11
DA:77,11
DA:80,3
DA:81,11
DA:82,11
DA:83,11
DA:86,3
DA:87,8
DA:88,8
DA:89,8
DA:92,3
DA:93,3
DA:95,3
DA:97,16
DA:101,16
DA:102,16
DA:104,16
DA:105,5
DA:106,5
DA:108,11
DA:109,11
DA:110,3
DA:111,3
DA:113,8
DA:115,11
DA:118,16
DA:123,16
DA:124,8
DA:125,2
DA:126,2
DA:127,2
DA:129,6
DA:130,6
DA:131,6
DA:132,6
DA:133,3
DA:134,3
DA:135,3
DA:138,8
DA:139,5
DA:140,1
DA:141,1
DA:142,1
DA:144,4
DA:145,4
DA:149,3
DA:150,1
DA:151,1
DA:153,2
DA:154,2
DA:155,2
DA:159,16
LF:74
LH:74
BRDA:55,0,0,1
BRDA:55,0,1,7
BRDA:56,1,0,3
BRDA:56,1,1,5
BRDA:73,2,0,1
BRDA:73,2,1,10
BRDA:95,3,0,1
BRDA:97,4,0,8
BRDA:97,4,1,8
BRDA:104,5,0,5
BRDA:104,5,1,11
BRDA:109,6,0,3
BRDA:109,6,1,8
BRDA:123,7,0,8
BRDA:123,7,1,8
BRDA:123,8,0,16
BRDA:123,8,1,11
BRDA:124,9,0,2
BRDA:124,9,1,6
BRDA:132,10,0,3
BRDA:138,11,0,5
BRDA:138,11,1,3
BRDA:139,12,0,1
BRDA:139,12,1,4
BRDA:149,13,0,1
BRDA:149,13,1,2
BRF:26
BRH:26
end_of_record
TN:
SF:src/words/llm-note.parser.ts
FN:8,parseLlmNoteText
FN:44,(anonymous_1)
FN:52,(anonymous_2)
FN:53,(anonymous_3)
FNF:4
FNH:4
FNDA:9,parseLlmNoteText
FNDA:7,(anonymous_1)
FNDA:5,(anonymous_2)
FNDA:5,(anonymous_3)
DA:8,5
DA:9,9
DA:10,7
DA:13,7
DA:14,7
DA:15,7
DA:16,7
DA:17,1
DA:19,7
DA:20,2
DA:21,2
DA:22,2
DA:23,2
DA:24,2
DA:25,2
DA:33,2
DA:40,5
DA:41,5
DA:44,7
DA:45,5
DA:46,1
DA:47,3
DA:48,2
DA:50,1
DA:52,5
DA:53,5
DA:55,1
DA:56,1
DA:64,1
DA:69,4
DA:70,6
DA:71,6
DA:74,6
DA:77,6
DA:78,6
DA:79,1
DA:80,1
DA:84,6
DA:85,6
DA:86,4
DA:87,4
DA:88,4
DA:89,4
DA:95,4
DA:100,2
DA:101,2
DA:102,2
DA:109,4
LF:48
LH:48
BRDA:9,0,0,2
BRDA:9,1,0,9
BRDA:9,1,1,8
BRDA:16,2,0,1
BRDA:19,3,0,2
BRDA:19,4,0,7
BRDA:19,4,1,2
BRDA:21,5,0,2
BRDA:24,6,0,2
BRDA:24,7,0,2
BRDA:24,7,1,2
BRDA:24,7,2,2
BRDA:27,8,0,2
BRDA:27,8,1,0
BRDA:27,9,0,2
BRDA:27,9,1,1
BRDA:27,10,0,2
BRDA:27,10,1,1
BRDA:28,11,0,1
BRDA:28,11,1,1
BRDA:28,12,0,2
BRDA:28,12,1,1
BRDA:28,13,0,1
BRDA:28,13,1,0
BRDA:29,14,0,1
BRDA:29,14,1,1
BRDA:33,15,0,2
BRDA:44,16,0,7
BRDA:44,16,1,1
BRDA:45,17,0,1
BRDA:47,18,0,1
BRDA:47,19,0,3
BRDA:47,19,1,2
BRDA:48,20,0,1
BRDA:53,21,0,5
BRDA:53,21,1,4
BRDA:55,22,0,1
BRDA:55,23,0,1
BRDA:55,23,1,1
BRDA:58,24,0,1
BRDA:58,24,1,0
BRDA:59,25,0,1
BRDA:59,25,1,0
BRDA:64,26,0,1
BRDA:71,27,0,0
BRDA:78,28,0,1
BRDA:85,29,0,4
BRDA:88,30,0,4
BRDA:88,31,0,4
BRDA:88,31,1,4
BRDA:101,32,0,2
BRDA:101,33,0,2
BRDA:101,33,1,2
BRF:53
BRH:48
end_of_record
TN:
SF:src/words/words.controller.ts
FN:34,(anonymous_4)
FN:39,(anonymous_5)
FN:59,(anonymous_6)
FN:70,(anonymous_7)
FN:98,(anonymous_8)
FN:121,(anonymous_9)
FNF:6
FNH:6
FNDA:6,(anonymous_4)
FNDA:1,(anonymous_5)
FNDA:1,(anonymous_6)
FNDA:1,(anonymous_7)
FNDA:1,(anonymous_8)
FNDA:1,(anonymous_9)
DA:1,1
DA:12,1
DA:20,1
DA:21,1
DA:33,1
DA:34,6
DA:39,1
DA:40,1
DA:59,1
DA:63,1
DA:70,1
DA:83,1
DA:98,1
DA:99,1
DA:121,1
DA:122,1
LF:16
LH:16
BRF:0
BRH:0
end_of_record
TN:
SF:src/words/words.service.ts
FN:12,(anonymous_2)
FN:14,(anonymous_3)
FN:22,(anonymous_4)
FN:49,(anonymous_5)
FN:109,(anonymous_6)
FN:116,(anonymous_7)
FNF:6
FNH:6
FNDA:9,(anonymous_2)
FNDA:1,(anonymous_3)
FNDA:1,(anonymous_4)
FNDA:2,(anonymous_5)
FNDA:1,(anonymous_6)
FNDA:3,(anonymous_7)
DA:1,2
DA:6,2
DA:7,2
DA:8,2
DA:11,2
DA:12,9
DA:15,1
DA:26,1
DA:28,1
DA:61,2
DA:62,2
DA:63,1
DA:64,1
DA:67,2
DA:68,1
DA:71,1
DA:72,1
DA:73,3
DA:74,2
DA:76,2
DA:99,2
DA:102,1
DA:110,1
DA:113,1
DA:117,3
DA:119,3
DA:120,1
DA:123,2
DA:126,2
DA:128,1
DA:143,1
DA:172,1
LF:32
LH:32
BRDA:31,0,0,1
BRDA:31,0,1,1
BRDA:32,1,0,1
BRDA:32,1,1,1
BRDA:33,2,0,1
BRDA:33,2,1,1
BRDA:61,3,0,2
BRDA:61,3,1,1
BRDA:62,4,0,1
BRDA:62,5,0,2
BRDA:62,5,1,2
BRDA:67,6,0,1
BRDA:67,7,0,2
BRDA:67,7,1,2
BRDA:73,8,0,1
BRDA:73,9,0,3
BRDA:73,9,1,2
BRDA:79,10,0,2
BRDA:79,10,1,2
BRDA:80,11,0,2
BRDA:80,11,1,0
BRDA:81,12,0,2
BRDA:81,12,1,1
BRDA:88,13,0,2
BRDA:88,13,1,1
BRDA:119,14,0,1
BRDA:126,15,0,1
BRF:27
BRH:26
end_of_record
